[0.011s] Invoking command in '/home/yupopoi/ROS-App/build/ros_app': CMAKE_PREFIX_PATH=${CMAKE_PREFIX_PATH}:/opt/ros/humble /usr/bin/cmake --build /home/yupopoi/ROS-App/build/ros_app -- -j2 -l2
[0.096s] -- Found ament_cmake: 1.3.9 (/opt/ros/humble/share/ament_cmake/cmake)
[0.422s] -- Found rclcpp: 16.0.9 (/opt/ros/humble/share/rclcpp/cmake)
[0.605s] -- Found rosidl_generator_c: 3.1.5 (/opt/ros/humble/share/rosidl_generator_c/cmake)
[0.622s] -- Found rosidl_adapter: 3.1.5 (/opt/ros/humble/share/rosidl_adapter/cmake)
[0.678s] -- Found rosidl_generator_cpp: 3.1.5 (/opt/ros/humble/share/rosidl_generator_cpp/cmake)
[0.744s] -- Using all available rosidl_typesupport_c: rosidl_typesupport_fastrtps_c;rosidl_typesupport_introspection_c
[0.804s] -- Using all available rosidl_typesupport_cpp: rosidl_typesupport_fastrtps_cpp;rosidl_typesupport_introspection_cpp
[0.943s] -- Found rmw_implementation_cmake: 6.1.2 (/opt/ros/humble/share/rmw_implementation_cmake/cmake)
[0.962s] -- Found rmw_fastrtps_cpp: 6.2.6 (/opt/ros/humble/share/rmw_fastrtps_cpp/cmake)
[1.142s] -- Using RMW implementation 'rmw_fastrtps_cpp' as default
[1.837s] -- Found ament_lint_auto: 0.12.11 (/opt/ros/humble/share/ament_lint_auto/cmake)
[1.943s] -- Added test 'cppcheck' to perform static code analysis on C / C++ code
[1.944s] -- Configured cppcheck include dirs: /home/yupopoi/ROS-App/src/ros_app/src/header;/home/yupopoi/ROS-App/src/ros_app/src/source;/home/yupopoi/ROS-App/src/ros_app/src/ui
[1.945s] -- Configured cppcheck exclude dirs and/or files: 
[1.946s] -- Added test 'lint_cmake' to check CMake code style
[1.950s] -- Added test 'uncrustify' to check C / C++ code style
[1.951s] -- Configured uncrustify additional arguments: 
[1.952s] -- Added test 'xmllint' to check XML markup files
[1.955s] -- Configuring done
[2.057s] -- Generating done
[2.061s] -- Build files have been written to: /home/yupopoi/ROS-App/build/ros_app
[2.109s] [ 33%] Automatic MOC and UIC for target MainWindow
[2.139s] [ 33%] Built target MainWindow_autogen
[2.164s] [ 66%] Building CXX object CMakeFiles/MainWindow.dir/MainWindow_autogen/mocs_compilation.cpp.o
[2.224s] [100%] Linking CXX executable MainWindow
[2.478s] /usr/bin/ld: /usr/lib/gcc/x86_64-linux-gnu/11/../../../x86_64-linux-gnu/Scrt1.o: in function `_start':
[2.478s] (.text+0x1b): undefined reference to `main'
[2.479s] collect2: error: ld returned 1 exit status
[2.482s] gmake[2]: *** [CMakeFiles/MainWindow.dir/build.make:164: MainWindow] Error 1
[2.482s] gmake[1]: *** [CMakeFiles/Makefile2:138: CMakeFiles/MainWindow.dir/all] Error 2
[2.487s] gmake: *** [Makefile:146: all] Error 2
[2.487s] Invoked command in '/home/yupopoi/ROS-App/build/ros_app' returned '2': CMAKE_PREFIX_PATH=${CMAKE_PREFIX_PATH}:/opt/ros/humble /usr/bin/cmake --build /home/yupopoi/ROS-App/build/ros_app -- -j2 -l2
