[0.000000] (-) TimerEvent: {}
[0.007746] (ros_app) JobQueued: {'identifier': 'ros_app', 'dependencies': OrderedDict()}
[0.007800] (ros_app) JobStarted: {'identifier': 'ros_app'}
[0.037676] (ros_app) JobProgress: {'identifier': 'ros_app', 'progress': 'cmake'}
[0.037738] (ros_app) JobProgress: {'identifier': 'ros_app', 'progress': 'build'}
[0.037766] (ros_app) Command: {'cmd': ['/usr/bin/cmake', '--build', '/home/yupopoi/ROS-App/build/ros_app', '--', '-j2', '-l2'], 'cwd': '/home/yupopoi/ROS-App/build/ros_app', 'env': OrderedDict([('GJS_DEBUG_TOPICS', 'JS ERROR;JS LOG'), ('USER', 'yupopoi'), ('XDG_SESSION_TYPE', 'wayland'), ('LD_LIBRARY_PATH', '/opt/ros/humble/opt/rviz_ogre_vendor/lib:/opt/ros/humble/lib/x86_64-linux-gnu:/opt/ros/humble/lib'), ('SHLVL', '282'), ('HOME', '/home/yupopoi'), ('DESKTOP_SESSION', 'ubuntu'), ('QTDIR', '/home/yupopoi/Qt/6.7.2/gcc_64'), ('GIO_LAUNCHED_DESKTOP_FILE', '/home/yupopoi/.local/share/applications/org.qt-project.qtcreator.desktop'), ('GNOME_SHELL_SESSION_MODE', 'ubuntu'), ('GTK_MODULES', 'gail:atk-bridge'), ('ROS_PYTHON_VERSION', '3'), ('MANAGERPID', '991'), ('DBUS_SESSION_BUS_ADDRESS', 'unix:path'), ('SYSTEMD_EXEC_PID', '1198'), ('GIO_LAUNCHED_DESKTOP_FILE_PID', '9318'), ('COLCON_PREFIX_PATH', '/home/yupopoi/ROS-App/install'), ('IM_CONFIG_PHASE', '1'), ('ROS_DISTRO', 'humble'), ('WAYLAND_DISPLAY', 'wayland-0'), ('LOGNAME', 'yupopoi'), ('JOURNAL_STREAM', '8:31405'), ('_', '/usr/bin/env'), ('ROS_VERSION', '2'), ('XDG_SESSION_CLASS', 'user'), ('QSG_RHI_BACKEND', 'opengl'), ('TERM', 'xterm'), ('USERNAME', 'yupopoi'), ('GNOME_DESKTOP_SESSION_ID', 'this-is-deprecated'), ('ROS_LOCALHOST_ONLY', '0'), ('PATH', '/opt/ros/humble/bin:/usr/local/sbin:/usr/local/bin:/usr/sbin:/usr/bin:/sbin:/bin:/usr/games:/usr/local/games:/snap/bin:/snap/bin'), ('INVOCATION_ID', '928d0bf7cad14ab19d1e4c5e87adb1fa'), ('SESSION_MANAGER', 'local/yupopoi-u2:@/tmp/.ICE-unix/1166,unix/yupopoi-u2:/tmp/.ICE-unix/1166'), ('GNOME_SETUP_DISPLAY', ':1'), ('XDG_MENU_PREFIX', 'gnome-'), ('XDG_RUNTIME_DIR', '/run/user/1000'), ('DISPLAY', ':0'), ('LANG', 'en_US.UTF-8'), ('XDG_CURRENT_DESKTOP', 'ubuntu:GNOME'), ('XAUTHORITY', '/run/user/1000/.mutter-Xwaylandauth.0275P2'), ('XDG_SESSION_DESKTOP', 'ubuntu'), ('XMODIFIERS', '@im'), ('AMENT_PREFIX_PATH', '/home/yupopoi/ROS-App/install/ros_app:/opt/ros/humble'), ('SSH_AGENT_LAUNCHER', 'gnome-keyring'), ('SSH_AUTH_SOCK', '/run/user/1000/keyring/ssh'), ('SHELL', '/bin/bash'), ('GDMSESSION', 'ubuntu'), ('QT_ACCESSIBILITY', '1'), ('GJS_DEBUG_OUTPUT', 'stderr'), ('QT_IM_MODULE', 'ibus'), ('LC_ALL', 'en_US.UTF-8'), ('PWD', '/home/yupopoi/ROS-App/build/ros_app'), ('QT_QPA_PLATFORM', 'xcb'), ('XDG_CONFIG_DIRS', '/etc/xdg/xdg-ubuntu:/etc/xdg'), ('XDG_DATA_DIRS', '/usr/share/ubuntu:/usr/local/share/:/usr/share/:/var/lib/snapd/desktop'), ('PYTHONPATH', '/opt/ros/humble/lib/python3.10/site-packages:/opt/ros/humble/local/lib/python3.10/dist-packages'), ('COLCON', '1'), ('CMAKE_PREFIX_PATH', '/home/yupopoi/ROS-App/install/ros_app:/home/yupopoi/Qt/6.7.2/gcc_64/lib/cmake:/opt/ros/humble'), ('GTK_THEME', ':light')]), 'shell': False}
[0.099934] (-) TimerEvent: {}
[0.200265] (-) TimerEvent: {}
[0.300592] (-) TimerEvent: {}
[0.321036] (ros_app) StdoutLine: {'line': b'[ 10%] Automatic MOC and UIC for target MainWindow\n'}
[0.400702] (-) TimerEvent: {}
[0.500135] (ros_app) StdoutLine: {'line': b'[ 10%] Built target MainWindow_autogen\n'}
[0.500772] (-) TimerEvent: {}
[0.600997] (-) TimerEvent: {}
[0.699744] (ros_app) StdoutLine: {'line': b'Consolidate compiler generated dependencies of target MainWindow\n'}
[0.701067] (-) TimerEvent: {}
[0.799168] (ros_app) StdoutLine: {'line': b'[ 20%] Building CXX object CMakeFiles/MainWindow.dir/src/source/main.cpp.o\n'}
[0.801157] (-) TimerEvent: {}
[0.901393] (-) TimerEvent: {}
[1.001693] (-) TimerEvent: {}
[1.101983] (-) TimerEvent: {}
[1.202281] (-) TimerEvent: {}
[1.302568] (-) TimerEvent: {}
[1.402871] (-) TimerEvent: {}
[1.503177] (-) TimerEvent: {}
[1.603477] (-) TimerEvent: {}
[1.704016] (-) TimerEvent: {}
[1.804339] (-) TimerEvent: {}
[1.904635] (-) TimerEvent: {}
[2.004982] (-) TimerEvent: {}
[2.105467] (-) TimerEvent: {}
[2.205805] (-) TimerEvent: {}
[2.306140] (-) TimerEvent: {}
[2.406464] (-) TimerEvent: {}
[2.506870] (-) TimerEvent: {}
[2.607206] (-) TimerEvent: {}
[2.707543] (-) TimerEvent: {}
[2.807857] (-) TimerEvent: {}
[2.908139] (-) TimerEvent: {}
[3.008422] (-) TimerEvent: {}
[3.108711] (-) TimerEvent: {}
[3.209003] (-) TimerEvent: {}
[3.309336] (-) TimerEvent: {}
[3.409898] (-) TimerEvent: {}
[3.510201] (-) TimerEvent: {}
[3.610644] (-) TimerEvent: {}
[3.710988] (-) TimerEvent: {}
[3.811289] (-) TimerEvent: {}
[3.911588] (-) TimerEvent: {}
[4.011952] (-) TimerEvent: {}
[4.113262] (-) TimerEvent: {}
[4.213590] (-) TimerEvent: {}
[4.313887] (-) TimerEvent: {}
[4.414183] (-) TimerEvent: {}
[4.514476] (-) TimerEvent: {}
[4.614766] (-) TimerEvent: {}
[4.715054] (-) TimerEvent: {}
[4.815352] (-) TimerEvent: {}
[4.915648] (-) TimerEvent: {}
[5.015990] (-) TimerEvent: {}
[5.116288] (-) TimerEvent: {}
[5.216574] (-) TimerEvent: {}
[5.316864] (-) TimerEvent: {}
[5.417149] (-) TimerEvent: {}
[5.517450] (-) TimerEvent: {}
[5.617763] (-) TimerEvent: {}
[5.718075] (-) TimerEvent: {}
[5.818370] (-) TimerEvent: {}
[5.918671] (-) TimerEvent: {}
[6.018963] (-) TimerEvent: {}
[6.119271] (-) TimerEvent: {}
[6.219581] (-) TimerEvent: {}
[6.319916] (-) TimerEvent: {}
[6.420198] (-) TimerEvent: {}
[6.520486] (-) TimerEvent: {}
[6.620783] (-) TimerEvent: {}
[6.721077] (-) TimerEvent: {}
[6.821375] (-) TimerEvent: {}
[6.921670] (-) TimerEvent: {}
[7.021968] (-) TimerEvent: {}
[7.122271] (-) TimerEvent: {}
[7.222561] (-) TimerEvent: {}
[7.322857] (-) TimerEvent: {}
[7.423153] (-) TimerEvent: {}
[7.523454] (-) TimerEvent: {}
[7.623744] (-) TimerEvent: {}
[7.724031] (-) TimerEvent: {}
[7.824319] (-) TimerEvent: {}
[7.924614] (-) TimerEvent: {}
[8.024904] (-) TimerEvent: {}
[8.125195] (-) TimerEvent: {}
[8.225484] (-) TimerEvent: {}
[8.325783] (-) TimerEvent: {}
[8.426082] (-) TimerEvent: {}
[8.526392] (-) TimerEvent: {}
[8.626698] (-) TimerEvent: {}
[8.727010] (-) TimerEvent: {}
[8.827321] (-) TimerEvent: {}
[8.927618] (-) TimerEvent: {}
[9.027972] (-) TimerEvent: {}
[9.128926] (-) TimerEvent: {}
[9.229218] (-) TimerEvent: {}
[9.329629] (-) TimerEvent: {}
[9.429926] (-) TimerEvent: {}
[9.530238] (-) TimerEvent: {}
[9.630529] (-) TimerEvent: {}
[9.730822] (-) TimerEvent: {}
[9.831121] (-) TimerEvent: {}
[9.931413] (-) TimerEvent: {}
[10.031749] (-) TimerEvent: {}
[10.132043] (-) TimerEvent: {}
[10.232346] (-) TimerEvent: {}
[10.332647] (-) TimerEvent: {}
[10.432971] (-) TimerEvent: {}
[10.533273] (-) TimerEvent: {}
[10.633576] (-) TimerEvent: {}
[10.733865] (-) TimerEvent: {}
[10.834154] (-) TimerEvent: {}
[10.934447] (-) TimerEvent: {}
[11.034741] (-) TimerEvent: {}
[11.135044] (-) TimerEvent: {}
[11.235351] (-) TimerEvent: {}
[11.335678] (-) TimerEvent: {}
[11.436022] (-) TimerEvent: {}
[11.536314] (-) TimerEvent: {}
[11.636610] (-) TimerEvent: {}
[11.736896] (-) TimerEvent: {}
[11.837243] (-) TimerEvent: {}
[11.937534] (-) TimerEvent: {}
[12.037828] (-) TimerEvent: {}
[12.138131] (-) TimerEvent: {}
[12.238439] (-) TimerEvent: {}
[12.338772] (-) TimerEvent: {}
[12.439061] (-) TimerEvent: {}
[12.539622] (-) TimerEvent: {}
[12.639984] (-) TimerEvent: {}
[12.740280] (-) TimerEvent: {}
[12.840571] (-) TimerEvent: {}
[12.940867] (-) TimerEvent: {}
[13.041162] (-) TimerEvent: {}
[13.141459] (-) TimerEvent: {}
[13.241755] (-) TimerEvent: {}
[13.342049] (-) TimerEvent: {}
[13.442346] (-) TimerEvent: {}
[13.542635] (-) TimerEvent: {}
[13.642928] (-) TimerEvent: {}
[13.743253] (-) TimerEvent: {}
[13.843547] (-) TimerEvent: {}
[13.943894] (-) TimerEvent: {}
[14.044189] (-) TimerEvent: {}
[14.145232] (-) TimerEvent: {}
[14.245526] (-) TimerEvent: {}
[14.345856] (-) TimerEvent: {}
[14.446190] (-) TimerEvent: {}
[14.546479] (-) TimerEvent: {}
[14.646772] (-) TimerEvent: {}
[14.747060] (-) TimerEvent: {}
[14.847360] (-) TimerEvent: {}
[14.947690] (-) TimerEvent: {}
[15.048009] (-) TimerEvent: {}
[15.148301] (-) TimerEvent: {}
[15.248594] (-) TimerEvent: {}
[15.348926] (-) TimerEvent: {}
[15.449217] (-) TimerEvent: {}
[15.549538] (-) TimerEvent: {}
[15.649832] (-) TimerEvent: {}
[15.750126] (-) TimerEvent: {}
[15.850470] (-) TimerEvent: {}
[15.950764] (-) TimerEvent: {}
[16.051072] (-) TimerEvent: {}
[16.151379] (-) TimerEvent: {}
[16.251668] (-) TimerEvent: {}
[16.351993] (-) TimerEvent: {}
[16.452287] (-) TimerEvent: {}
[16.552599] (-) TimerEvent: {}
[16.653013] (-) TimerEvent: {}
[16.753298] (-) TimerEvent: {}
[16.853590] (-) TimerEvent: {}
[16.954000] (-) TimerEvent: {}
[17.054294] (-) TimerEvent: {}
[17.154612] (-) TimerEvent: {}
[17.254900] (-) TimerEvent: {}
[17.355197] (-) TimerEvent: {}
[17.455522] (-) TimerEvent: {}
[17.555844] (-) TimerEvent: {}
[17.656134] (-) TimerEvent: {}
[17.756429] (-) TimerEvent: {}
[17.856717] (-) TimerEvent: {}
[17.957035] (-) TimerEvent: {}
[18.057321] (-) TimerEvent: {}
[18.157609] (-) TimerEvent: {}
[18.257944] (-) TimerEvent: {}
[18.358241] (-) TimerEvent: {}
[18.458545] (-) TimerEvent: {}
[18.558851] (-) TimerEvent: {}
[18.659187] (-) TimerEvent: {}
[18.759476] (-) TimerEvent: {}
[18.859748] (-) TimerEvent: {}
[18.960037] (-) TimerEvent: {}
[19.060323] (-) TimerEvent: {}
[19.160663] (-) TimerEvent: {}
[19.260976] (-) TimerEvent: {}
[19.361260] (-) TimerEvent: {}
[19.461549] (-) TimerEvent: {}
[19.561847] (-) TimerEvent: {}
[19.662173] (-) TimerEvent: {}
[19.762456] (-) TimerEvent: {}
[19.862749] (-) TimerEvent: {}
[19.963044] (-) TimerEvent: {}
[20.063367] (-) TimerEvent: {}
[20.163655] (-) TimerEvent: {}
[20.263972] (-) TimerEvent: {}
[20.364264] (-) TimerEvent: {}
[20.464554] (-) TimerEvent: {}
[20.564844] (-) TimerEvent: {}
[20.665137] (-) TimerEvent: {}
[20.765432] (-) TimerEvent: {}
[20.865729] (-) TimerEvent: {}
[20.966018] (-) TimerEvent: {}
[21.066342] (-) TimerEvent: {}
[21.166650] (-) TimerEvent: {}
[21.266949] (-) TimerEvent: {}
[21.367243] (-) TimerEvent: {}
[21.467716] (-) TimerEvent: {}
[21.568037] (-) TimerEvent: {}
[21.668333] (-) TimerEvent: {}
[21.768665] (-) TimerEvent: {}
[21.868981] (-) TimerEvent: {}
[21.969389] (-) TimerEvent: {}
[22.069678] (-) TimerEvent: {}
[22.169967] (-) TimerEvent: {}
[22.270261] (-) TimerEvent: {}
[22.370552] (-) TimerEvent: {}
[22.470844] (-) TimerEvent: {}
[22.571129] (-) TimerEvent: {}
[22.671408] (-) TimerEvent: {}
[22.773654] (-) TimerEvent: {}
[22.873939] (-) TimerEvent: {}
[22.974275] (-) TimerEvent: {}
[23.074581] (-) TimerEvent: {}
[23.174890] (-) TimerEvent: {}
[23.275230] (-) TimerEvent: {}
[23.375538] (-) TimerEvent: {}
[23.475888] (-) TimerEvent: {}
[23.576183] (-) TimerEvent: {}
[23.676482] (-) TimerEvent: {}
[23.776783] (-) TimerEvent: {}
[23.877073] (-) TimerEvent: {}
[23.977362] (-) TimerEvent: {}
[24.077647] (-) TimerEvent: {}
[24.178646] (-) TimerEvent: {}
[24.278955] (-) TimerEvent: {}
[24.379246] (-) TimerEvent: {}
[24.479534] (-) TimerEvent: {}
[24.579861] (-) TimerEvent: {}
[24.680178] (-) TimerEvent: {}
[24.780469] (-) TimerEvent: {}
[24.880757] (-) TimerEvent: {}
[24.981043] (-) TimerEvent: {}
[25.081326] (-) TimerEvent: {}
[25.181614] (-) TimerEvent: {}
[25.281916] (-) TimerEvent: {}
[25.382357] (-) TimerEvent: {}
[25.482866] (-) TimerEvent: {}
[25.583154] (-) TimerEvent: {}
[25.683440] (-) TimerEvent: {}
[25.783736] (-) TimerEvent: {}
[25.884016] (-) TimerEvent: {}
[25.984306] (-) TimerEvent: {}
[26.084590] (-) TimerEvent: {}
[26.184877] (-) TimerEvent: {}
[26.285161] (-) TimerEvent: {}
[26.385455] (-) TimerEvent: {}
[26.485750] (-) TimerEvent: {}
[26.586265] (-) TimerEvent: {}
[26.686554] (-) TimerEvent: {}
[26.786844] (-) TimerEvent: {}
[26.887131] (-) TimerEvent: {}
[26.987425] (-) TimerEvent: {}
[27.087727] (-) TimerEvent: {}
[27.188135] (-) TimerEvent: {}
[27.288431] (-) TimerEvent: {}
[27.388718] (-) TimerEvent: {}
[27.489010] (-) TimerEvent: {}
[27.589305] (-) TimerEvent: {}
[27.689592] (-) TimerEvent: {}
[27.789881] (-) TimerEvent: {}
[27.890169] (-) TimerEvent: {}
[27.990461] (-) TimerEvent: {}
[28.090783] (-) TimerEvent: {}
[28.191076] (-) TimerEvent: {}
[28.291376] (-) TimerEvent: {}
[28.391713] (-) TimerEvent: {}
[28.492053] (-) TimerEvent: {}
[28.592344] (-) TimerEvent: {}
[28.692631] (-) TimerEvent: {}
[28.792959] (-) TimerEvent: {}
[28.893245] (-) TimerEvent: {}
[28.993533] (-) TimerEvent: {}
[29.093830] (-) TimerEvent: {}
[29.194779] (-) TimerEvent: {}
[29.295077] (-) TimerEvent: {}
[29.395371] (-) TimerEvent: {}
[29.495774] (-) TimerEvent: {}
[29.596075] (-) TimerEvent: {}
[29.696366] (-) TimerEvent: {}
[29.796650] (-) TimerEvent: {}
[29.897001] (-) TimerEvent: {}
[29.997317] (-) TimerEvent: {}
[30.097640] (-) TimerEvent: {}
[30.197930] (-) TimerEvent: {}
[30.298281] (-) TimerEvent: {}
[30.398702] (-) TimerEvent: {}
[30.498995] (-) TimerEvent: {}
[30.599288] (-) TimerEvent: {}
[30.699605] (-) TimerEvent: {}
[30.799931] (-) TimerEvent: {}
[30.900242] (-) TimerEvent: {}
[31.000525] (-) TimerEvent: {}
[31.100821] (-) TimerEvent: {}
[31.201115] (-) TimerEvent: {}
[31.301404] (-) TimerEvent: {}
[31.401693] (-) TimerEvent: {}
[31.501978] (-) TimerEvent: {}
[31.602284] (-) TimerEvent: {}
[31.702618] (-) TimerEvent: {}
[31.802930] (-) TimerEvent: {}
[31.903205] (-) TimerEvent: {}
[32.003523] (-) TimerEvent: {}
[32.103853] (-) TimerEvent: {}
[32.204142] (-) TimerEvent: {}
[32.304423] (-) TimerEvent: {}
[32.404715] (-) TimerEvent: {}
[32.505007] (-) TimerEvent: {}
[32.605299] (-) TimerEvent: {}
[32.705621] (-) TimerEvent: {}
[32.805908] (-) TimerEvent: {}
[32.906194] (-) TimerEvent: {}
[33.006482] (-) TimerEvent: {}
[33.106961] (-) TimerEvent: {}
[33.207260] (-) TimerEvent: {}
[33.307567] (-) TimerEvent: {}
[33.407892] (-) TimerEvent: {}
[33.508183] (-) TimerEvent: {}
[33.608533] (-) TimerEvent: {}
[33.708833] (-) TimerEvent: {}
[33.809129] (-) TimerEvent: {}
[33.909428] (-) TimerEvent: {}
[34.009723] (-) TimerEvent: {}
[34.110026] (-) TimerEvent: {}
[34.210949] (-) TimerEvent: {}
[34.311249] (-) TimerEvent: {}
[34.411541] (-) TimerEvent: {}
[34.511863] (-) TimerEvent: {}
[34.612160] (-) TimerEvent: {}
[34.712446] (-) TimerEvent: {}
[34.812745] (-) TimerEvent: {}
[34.913121] (-) TimerEvent: {}
[35.013507] (-) TimerEvent: {}
[35.113812] (-) TimerEvent: {}
[35.214116] (-) TimerEvent: {}
[35.314443] (-) TimerEvent: {}
[35.414738] (-) TimerEvent: {}
[35.515038] (-) TimerEvent: {}
[35.615343] (-) TimerEvent: {}
[35.715744] (-) TimerEvent: {}
[35.816047] (-) TimerEvent: {}
[35.916338] (-) TimerEvent: {}
[36.016632] (-) TimerEvent: {}
[36.116920] (-) TimerEvent: {}
[36.217249] (-) TimerEvent: {}
[36.317544] (-) TimerEvent: {}
[36.417836] (-) TimerEvent: {}
[36.518130] (-) TimerEvent: {}
[36.618430] (-) TimerEvent: {}
[36.718808] (-) TimerEvent: {}
[36.819138] (-) TimerEvent: {}
[36.919432] (-) TimerEvent: {}
[37.019725] (-) TimerEvent: {}
[37.120036] (-) TimerEvent: {}
[37.220327] (-) TimerEvent: {}
[37.270193] (ros_app) StdoutLine: {'line': b'[ 30%] Building CXX object CMakeFiles/MainWindow.dir/src/source/JointStateHandler.cpp.o\n'}
[37.320439] (-) TimerEvent: {}
[37.420733] (-) TimerEvent: {}
[37.521033] (-) TimerEvent: {}
[37.621327] (-) TimerEvent: {}
[37.721615] (-) TimerEvent: {}
[37.822007] (-) TimerEvent: {}
[37.922290] (-) TimerEvent: {}
[38.022581] (-) TimerEvent: {}
[38.122879] (-) TimerEvent: {}
[38.223179] (-) TimerEvent: {}
[38.323473] (-) TimerEvent: {}
[38.423807] (-) TimerEvent: {}
[38.524100] (-) TimerEvent: {}
[38.624392] (-) TimerEvent: {}
[38.724673] (-) TimerEvent: {}
[38.825103] (-) TimerEvent: {}
[38.925395] (-) TimerEvent: {}
[39.025695] (-) TimerEvent: {}
[39.125988] (-) TimerEvent: {}
[39.227008] (-) TimerEvent: {}
[39.327300] (-) TimerEvent: {}
[39.427628] (-) TimerEvent: {}
[39.528036] (-) TimerEvent: {}
[39.628372] (-) TimerEvent: {}
[39.728660] (-) TimerEvent: {}
[39.828945] (-) TimerEvent: {}
[39.929249] (-) TimerEvent: {}
[40.029549] (-) TimerEvent: {}
[40.129853] (-) TimerEvent: {}
[40.230213] (-) TimerEvent: {}
[40.330495] (-) TimerEvent: {}
[40.430786] (-) TimerEvent: {}
[40.531111] (-) TimerEvent: {}
[40.631408] (-) TimerEvent: {}
[40.731762] (-) TimerEvent: {}
[40.832163] (-) TimerEvent: {}
[40.932444] (-) TimerEvent: {}
[41.032733] (-) TimerEvent: {}
[41.133034] (-) TimerEvent: {}
[41.233336] (-) TimerEvent: {}
[41.333639] (-) TimerEvent: {}
[41.433928] (-) TimerEvent: {}
[41.534276] (-) TimerEvent: {}
[41.634734] (-) TimerEvent: {}
[41.735019] (-) TimerEvent: {}
[41.835349] (-) TimerEvent: {}
[41.935639] (-) TimerEvent: {}
[42.035952] (-) TimerEvent: {}
[42.136238] (-) TimerEvent: {}
[42.236535] (-) TimerEvent: {}
[42.336822] (-) TimerEvent: {}
[42.437117] (-) TimerEvent: {}
[42.537421] (-) TimerEvent: {}
[42.637722] (-) TimerEvent: {}
[42.738013] (-) TimerEvent: {}
[42.838289] (-) TimerEvent: {}
[42.938603] (-) TimerEvent: {}
[43.038891] (-) TimerEvent: {}
[43.139175] (-) TimerEvent: {}
[43.239454] (-) TimerEvent: {}
[43.339835] (-) TimerEvent: {}
[43.440127] (-) TimerEvent: {}
[43.540420] (-) TimerEvent: {}
[43.640716] (-) TimerEvent: {}
[43.741016] (-) TimerEvent: {}
[43.841297] (-) TimerEvent: {}
[43.941585] (-) TimerEvent: {}
[44.041862] (-) TimerEvent: {}
[44.142191] (-) TimerEvent: {}
[44.203139] (ros_app) StdoutLine: {'line': b'[ 40%] Linking CXX executable MainWindow\n'}
[44.242302] (-) TimerEvent: {}
[44.342583] (-) TimerEvent: {}
[44.442887] (-) TimerEvent: {}
[44.543210] (-) TimerEvent: {}
[44.643512] (-) TimerEvent: {}
[44.743901] (-) TimerEvent: {}
[44.844186] (-) TimerEvent: {}
[44.944503] (-) TimerEvent: {}
[45.044793] (-) TimerEvent: {}
[45.145083] (-) TimerEvent: {}
[45.245483] (-) TimerEvent: {}
[45.345776] (-) TimerEvent: {}
[45.446059] (-) TimerEvent: {}
[45.546347] (-) TimerEvent: {}
[45.635311] (ros_app) StdoutLine: {'line': b'[100%] Built target MainWindow\n'}
[45.646441] (-) TimerEvent: {}
[45.656791] (ros_app) CommandEnded: {'returncode': 0}
[45.746538] (-) TimerEvent: {}
[45.846988] (-) TimerEvent: {}
[45.946689] (ros_app) JobProgress: {'identifier': 'ros_app', 'progress': 'install'}
[45.947059] (-) TimerEvent: {}
[45.964093] (ros_app) Command: {'cmd': ['/usr/bin/cmake', '--install', '/home/yupopoi/ROS-App/build/ros_app'], 'cwd': '/home/yupopoi/ROS-App/build/ros_app', 'env': OrderedDict([('GJS_DEBUG_TOPICS', 'JS ERROR;JS LOG'), ('USER', 'yupopoi'), ('XDG_SESSION_TYPE', 'wayland'), ('LD_LIBRARY_PATH', '/opt/ros/humble/opt/rviz_ogre_vendor/lib:/opt/ros/humble/lib/x86_64-linux-gnu:/opt/ros/humble/lib'), ('SHLVL', '282'), ('HOME', '/home/yupopoi'), ('DESKTOP_SESSION', 'ubuntu'), ('QTDIR', '/home/yupopoi/Qt/6.7.2/gcc_64'), ('GIO_LAUNCHED_DESKTOP_FILE', '/home/yupopoi/.local/share/applications/org.qt-project.qtcreator.desktop'), ('GNOME_SHELL_SESSION_MODE', 'ubuntu'), ('GTK_MODULES', 'gail:atk-bridge'), ('ROS_PYTHON_VERSION', '3'), ('MANAGERPID', '991'), ('DBUS_SESSION_BUS_ADDRESS', 'unix:path'), ('SYSTEMD_EXEC_PID', '1198'), ('GIO_LAUNCHED_DESKTOP_FILE_PID', '9318'), ('COLCON_PREFIX_PATH', '/home/yupopoi/ROS-App/install'), ('IM_CONFIG_PHASE', '1'), ('ROS_DISTRO', 'humble'), ('WAYLAND_DISPLAY', 'wayland-0'), ('LOGNAME', 'yupopoi'), ('JOURNAL_STREAM', '8:31405'), ('_', '/usr/bin/env'), ('ROS_VERSION', '2'), ('XDG_SESSION_CLASS', 'user'), ('QSG_RHI_BACKEND', 'opengl'), ('TERM', 'xterm'), ('USERNAME', 'yupopoi'), ('GNOME_DESKTOP_SESSION_ID', 'this-is-deprecated'), ('ROS_LOCALHOST_ONLY', '0'), ('PATH', '/opt/ros/humble/bin:/usr/local/sbin:/usr/local/bin:/usr/sbin:/usr/bin:/sbin:/bin:/usr/games:/usr/local/games:/snap/bin:/snap/bin'), ('INVOCATION_ID', '928d0bf7cad14ab19d1e4c5e87adb1fa'), ('SESSION_MANAGER', 'local/yupopoi-u2:@/tmp/.ICE-unix/1166,unix/yupopoi-u2:/tmp/.ICE-unix/1166'), ('GNOME_SETUP_DISPLAY', ':1'), ('XDG_MENU_PREFIX', 'gnome-'), ('XDG_RUNTIME_DIR', '/run/user/1000'), ('DISPLAY', ':0'), ('LANG', 'en_US.UTF-8'), ('XDG_CURRENT_DESKTOP', 'ubuntu:GNOME'), ('XAUTHORITY', '/run/user/1000/.mutter-Xwaylandauth.0275P2'), ('XDG_SESSION_DESKTOP', 'ubuntu'), ('XMODIFIERS', '@im'), ('AMENT_PREFIX_PATH', '/home/yupopoi/ROS-App/install/ros_app:/opt/ros/humble'), ('SSH_AGENT_LAUNCHER', 'gnome-keyring'), ('SSH_AUTH_SOCK', '/run/user/1000/keyring/ssh'), ('SHELL', '/bin/bash'), ('GDMSESSION', 'ubuntu'), ('QT_ACCESSIBILITY', '1'), ('GJS_DEBUG_OUTPUT', 'stderr'), ('QT_IM_MODULE', 'ibus'), ('LC_ALL', 'en_US.UTF-8'), ('PWD', '/home/yupopoi/ROS-App/build/ros_app'), ('QT_QPA_PLATFORM', 'xcb'), ('XDG_CONFIG_DIRS', '/etc/xdg/xdg-ubuntu:/etc/xdg'), ('XDG_DATA_DIRS', '/usr/share/ubuntu:/usr/local/share/:/usr/share/:/var/lib/snapd/desktop'), ('PYTHONPATH', '/opt/ros/humble/lib/python3.10/site-packages:/opt/ros/humble/local/lib/python3.10/dist-packages'), ('COLCON', '1'), ('CMAKE_PREFIX_PATH', '/home/yupopoi/ROS-App/install/ros_app:/home/yupopoi/Qt/6.7.2/gcc_64/lib/cmake:/opt/ros/humble'), ('GTK_THEME', ':light')]), 'shell': False}
[45.980256] (ros_app) StdoutLine: {'line': b'-- Install configuration: "Debug"\n'}
[45.980616] (ros_app) StdoutLine: {'line': b'-- Up-to-date: /home/yupopoi/ROS-App/install/ros_app/share/ament_index/resource_index/package_run_dependencies/ros_app\n'}
[45.980866] (ros_app) StdoutLine: {'line': b'-- Up-to-date: /home/yupopoi/ROS-App/install/ros_app/share/ament_index/resource_index/parent_prefix_path/ros_app\n'}
[45.981102] (ros_app) StdoutLine: {'line': b'-- Up-to-date: /home/yupopoi/ROS-App/install/ros_app/share/ros_app/environment/ament_prefix_path.sh\n'}
[45.981337] (ros_app) StdoutLine: {'line': b'-- Up-to-date: /home/yupopoi/ROS-App/install/ros_app/share/ros_app/environment/ament_prefix_path.dsv\n'}
[45.981564] (ros_app) StdoutLine: {'line': b'-- Up-to-date: /home/yupopoi/ROS-App/install/ros_app/share/ros_app/environment/path.sh\n'}
[45.981787] (ros_app) StdoutLine: {'line': b'-- Up-to-date: /home/yupopoi/ROS-App/install/ros_app/share/ros_app/environment/path.dsv\n'}
[45.982009] (ros_app) StdoutLine: {'line': b'-- Up-to-date: /home/yupopoi/ROS-App/install/ros_app/share/ros_app/local_setup.bash\n'}
[45.982234] (ros_app) StdoutLine: {'line': b'-- Up-to-date: /home/yupopoi/ROS-App/install/ros_app/share/ros_app/local_setup.sh\n'}
[45.982454] (ros_app) StdoutLine: {'line': b'-- Up-to-date: /home/yupopoi/ROS-App/install/ros_app/share/ros_app/local_setup.zsh\n'}
[45.982672] (ros_app) StdoutLine: {'line': b'-- Up-to-date: /home/yupopoi/ROS-App/install/ros_app/share/ros_app/local_setup.dsv\n'}
[45.982893] (ros_app) StdoutLine: {'line': b'-- Installing: /home/yupopoi/ROS-App/install/ros_app/share/ros_app/package.dsv\n'}
[45.983310] (ros_app) StdoutLine: {'line': b'-- Up-to-date: /home/yupopoi/ROS-App/install/ros_app/share/ament_index/resource_index/packages/ros_app\n'}
[45.983538] (ros_app) StdoutLine: {'line': b'-- Up-to-date: /home/yupopoi/ROS-App/install/ros_app/share/ros_app/cmake/ros_appConfig.cmake\n'}
[45.984072] (ros_app) StdoutLine: {'line': b'-- Up-to-date: /home/yupopoi/ROS-App/install/ros_app/share/ros_app/cmake/ros_appConfig-version.cmake\n'}
[45.984340] (ros_app) StdoutLine: {'line': b'-- Up-to-date: /home/yupopoi/ROS-App/install/ros_app/share/ros_app/package.xml\n'}
[45.987766] (ros_app) CommandEnded: {'returncode': 0}
[46.047140] (-) TimerEvent: {}
[46.116959] (ros_app) JobEnded: {'identifier': 'ros_app', 'rc': 0}
[46.118267] (-) EventReactorShutdown: {}
