[0.214s] DEBUG:colcon:Command line arguments: ['/usr/bin/colcon', 'build', '--event-handlers', 'status+', 'console_start_end+', '--cmake-args', '-G', 'CodeBlocks - Unix Makefiles', '-DCMAKE_BUILD_TYPE=Debug']
[0.214s] DEBUG:colcon:Parsed command line arguments: Namespace(log_base=None, log_level=None, verb_name='build', build_base='build', install_base='install', merge_install=False, symlink_install=False, test_result_base=None, continue_on_error=False, executor='parallel', parallel_workers=2, event_handlers=['status+', 'console_start_end+'], ignore_user_meta=False, metas=['./colcon.meta'], base_paths=['.'], packages_ignore=None, packages_ignore_regex=None, paths=None, packages_up_to=None, packages_up_to_regex=None, packages_above=None, packages_above_and_dependencies=None, packages_above_depth=None, packages_select_by_dep=None, packages_skip_by_dep=None, packages_skip_up_to=None, packages_select_build_failed=False, packages_skip_build_finished=False, packages_select_test_failures=False, packages_skip_test_passed=False, packages_select=None, packages_skip=None, packages_select_regex=None, packages_skip_regex=None, packages_start=None, packages_end=None, allow_overriding=[], cmake_args=['-G', 'CodeBlocks - Unix Makefiles', '-DCMAKE_BUILD_TYPE=Debug'], cmake_target=None, cmake_target_skip_unavailable=False, cmake_clean_cache=False, cmake_clean_first=False, cmake_force_configure=False, ament_cmake_args=None, catkin_cmake_args=None, catkin_skip_building_tests=False, mixin_files=None, mixin=None, verb_parser=<colcon_mixin.mixin.mixin_argument.MixinArgumentDecorator object at 0x7fece2039630>, verb_extension=<colcon_core.verb.build.BuildVerb object at 0x7fece2038eb0>, main=<bound method BuildVerb.main of <colcon_core.verb.build.BuildVerb object at 0x7fece2038eb0>>, mixin_verb=('build',))
[0.510s] Level 1:colcon.colcon_core.package_discovery:discover_packages(colcon_meta) check parameters
[0.510s] Level 1:colcon.colcon_core.package_discovery:discover_packages(recursive) check parameters
[0.510s] Level 1:colcon.colcon_core.package_discovery:discover_packages(ignore) check parameters
[0.510s] Level 1:colcon.colcon_core.package_discovery:discover_packages(path) check parameters
[0.510s] Level 1:colcon.colcon_core.package_discovery:discover_packages(colcon_meta) discover
[0.510s] Level 1:colcon.colcon_core.package_discovery:discover_packages(recursive) discover
[0.510s] INFO:colcon.colcon_core.package_discovery:Crawling recursively for packages in '/home/yupopoi/ROS-App'
[0.511s] Level 1:colcon.colcon_core.package_identification:_identify(.) by extensions ['ignore', 'ignore_ament_install']
[0.511s] Level 1:colcon.colcon_core.package_identification:_identify(.) by extension 'ignore'
[0.511s] Level 1:colcon.colcon_core.package_identification:_identify(.) by extension 'ignore_ament_install'
[0.511s] Level 1:colcon.colcon_core.package_identification:_identify(.) by extensions ['colcon_pkg']
[0.511s] Level 1:colcon.colcon_core.package_identification:_identify(.) by extension 'colcon_pkg'
[0.511s] Level 1:colcon.colcon_core.package_identification:_identify(.) by extensions ['colcon_meta']
[0.511s] Level 1:colcon.colcon_core.package_identification:_identify(.) by extension 'colcon_meta'
[0.511s] Level 1:colcon.colcon_core.package_identification:_identify(.) by extensions ['ros']
[0.511s] Level 1:colcon.colcon_core.package_identification:_identify(.) by extension 'ros'
[0.531s] Level 1:colcon.colcon_core.package_identification:_identify(.) by extensions ['cmake', 'python']
[0.531s] Level 1:colcon.colcon_core.package_identification:_identify(.) by extension 'cmake'
[0.531s] Level 1:colcon.colcon_core.package_identification:_identify(.) by extension 'python'
[0.531s] Level 1:colcon.colcon_core.package_identification:_identify(.) by extensions ['python_setup_py']
[0.531s] Level 1:colcon.colcon_core.package_identification:_identify(.) by extension 'python_setup_py'
[0.531s] Level 1:colcon.colcon_core.package_identification:_identify(build) by extensions ['ignore', 'ignore_ament_install']
[0.531s] Level 1:colcon.colcon_core.package_identification:_identify(build) by extension 'ignore'
[0.532s] Level 1:colcon.colcon_core.package_identification:_identify(build) ignored
[0.532s] Level 1:colcon.colcon_core.package_identification:_identify(install) by extensions ['ignore', 'ignore_ament_install']
[0.532s] Level 1:colcon.colcon_core.package_identification:_identify(install) by extension 'ignore'
[0.532s] Level 1:colcon.colcon_core.package_identification:_identify(install) ignored
[0.532s] Level 1:colcon.colcon_core.package_identification:_identify(log) by extensions ['ignore', 'ignore_ament_install']
[0.532s] Level 1:colcon.colcon_core.package_identification:_identify(log) by extension 'ignore'
[0.532s] Level 1:colcon.colcon_core.package_identification:_identify(log) ignored
[0.532s] Level 1:colcon.colcon_core.package_identification:_identify(src) by extensions ['ignore', 'ignore_ament_install']
[0.532s] Level 1:colcon.colcon_core.package_identification:_identify(src) by extension 'ignore'
[0.532s] Level 1:colcon.colcon_core.package_identification:_identify(src) by extension 'ignore_ament_install'
[0.532s] Level 1:colcon.colcon_core.package_identification:_identify(src) by extensions ['colcon_pkg']
[0.532s] Level 1:colcon.colcon_core.package_identification:_identify(src) by extension 'colcon_pkg'
[0.532s] Level 1:colcon.colcon_core.package_identification:_identify(src) by extensions ['colcon_meta']
[0.532s] Level 1:colcon.colcon_core.package_identification:_identify(src) by extension 'colcon_meta'
[0.533s] Level 1:colcon.colcon_core.package_identification:_identify(src) by extensions ['ros']
[0.533s] Level 1:colcon.colcon_core.package_identification:_identify(src) by extension 'ros'
[0.533s] Level 1:colcon.colcon_core.package_identification:_identify(src) by extensions ['cmake', 'python']
[0.533s] Level 1:colcon.colcon_core.package_identification:_identify(src) by extension 'cmake'
[0.533s] Level 1:colcon.colcon_core.package_identification:_identify(src) by extension 'python'
[0.533s] Level 1:colcon.colcon_core.package_identification:_identify(src) by extensions ['python_setup_py']
[0.533s] Level 1:colcon.colcon_core.package_identification:_identify(src) by extension 'python_setup_py'
[0.533s] Level 1:colcon.colcon_core.package_identification:_identify(src/ros_app) by extensions ['ignore', 'ignore_ament_install']
[0.533s] Level 1:colcon.colcon_core.package_identification:_identify(src/ros_app) by extension 'ignore'
[0.533s] Level 1:colcon.colcon_core.package_identification:_identify(src/ros_app) by extension 'ignore_ament_install'
[0.533s] Level 1:colcon.colcon_core.package_identification:_identify(src/ros_app) by extensions ['colcon_pkg']
[0.533s] Level 1:colcon.colcon_core.package_identification:_identify(src/ros_app) by extension 'colcon_pkg'
[0.533s] Level 1:colcon.colcon_core.package_identification:_identify(src/ros_app) by extensions ['colcon_meta']
[0.533s] Level 1:colcon.colcon_core.package_identification:_identify(src/ros_app) by extension 'colcon_meta'
[0.533s] Level 1:colcon.colcon_core.package_identification:_identify(src/ros_app) by extensions ['ros']
[0.533s] Level 1:colcon.colcon_core.package_identification:_identify(src/ros_app) by extension 'ros'
[0.536s] DEBUG:colcon.colcon_core.package_identification:Package 'src/ros_app' with type 'ros.ament_cmake' and name 'ros_app'
[0.536s] Level 1:colcon.colcon_core.package_discovery:discover_packages(recursive) using defaults
[0.536s] Level 1:colcon.colcon_core.package_discovery:discover_packages(ignore) discover
[0.536s] Level 1:colcon.colcon_core.package_discovery:discover_packages(ignore) using defaults
[0.536s] Level 1:colcon.colcon_core.package_discovery:discover_packages(path) discover
[0.536s] Level 1:colcon.colcon_core.package_discovery:discover_packages(path) using defaults
[0.557s] Level 1:colcon.colcon_core.package_discovery:discover_packages(prefix_path) check parameters
[0.557s] Level 1:colcon.colcon_core.package_discovery:discover_packages(prefix_path) discover
[0.559s] DEBUG:colcon.colcon_installed_package_information.package_discovery:Found 1 installed packages in /home/yupopoi/ROS-App/install
[0.561s] DEBUG:colcon.colcon_installed_package_information.package_discovery:Found 270 installed packages in /opt/ros/humble
[0.563s] Level 1:colcon.colcon_core.package_discovery:discover_packages(prefix_path) using defaults
[0.619s] Level 5:colcon.colcon_core.verb:set package 'ros_app' build argument 'cmake_args' from command line to '['-G', 'CodeBlocks - Unix Makefiles', '-DCMAKE_BUILD_TYPE=Debug']'
[0.619s] Level 5:colcon.colcon_core.verb:set package 'ros_app' build argument 'cmake_target' from command line to 'None'
[0.619s] Level 5:colcon.colcon_core.verb:set package 'ros_app' build argument 'cmake_target_skip_unavailable' from command line to 'False'
[0.619s] Level 5:colcon.colcon_core.verb:set package 'ros_app' build argument 'cmake_clean_cache' from command line to 'False'
[0.619s] Level 5:colcon.colcon_core.verb:set package 'ros_app' build argument 'cmake_clean_first' from command line to 'False'
[0.619s] Level 5:colcon.colcon_core.verb:set package 'ros_app' build argument 'cmake_force_configure' from command line to 'False'
[0.619s] Level 5:colcon.colcon_core.verb:set package 'ros_app' build argument 'ament_cmake_args' from command line to 'None'
[0.619s] Level 5:colcon.colcon_core.verb:set package 'ros_app' build argument 'catkin_cmake_args' from command line to 'None'
[0.619s] Level 5:colcon.colcon_core.verb:set package 'ros_app' build argument 'catkin_skip_building_tests' from command line to 'False'
[0.620s] DEBUG:colcon.colcon_core.verb:Building package 'ros_app' with the following arguments: {'ament_cmake_args': None, 'build_base': '/home/yupopoi/ROS-App/build/ros_app', 'catkin_cmake_args': None, 'catkin_skip_building_tests': False, 'cmake_args': ['-G', 'CodeBlocks - Unix Makefiles', '-DCMAKE_BUILD_TYPE=Debug'], 'cmake_clean_cache': False, 'cmake_clean_first': False, 'cmake_force_configure': False, 'cmake_target': None, 'cmake_target_skip_unavailable': False, 'install_base': '/home/yupopoi/ROS-App/install/ros_app', 'merge_install': False, 'path': '/home/yupopoi/ROS-App/src/ros_app', 'symlink_install': False, 'test_result_base': None}
[0.620s] INFO:colcon.colcon_core.executor:Executing jobs using 'parallel' executor
[0.621s] DEBUG:colcon.colcon_parallel_executor.executor.parallel:run_until_complete
[0.621s] INFO:colcon.colcon_ros.task.ament_cmake.build:Building ROS package in '/home/yupopoi/ROS-App/src/ros_app' with build type 'ament_cmake'
[0.621s] INFO:colcon.colcon_cmake.task.cmake.build:Building CMake package in '/home/yupopoi/ROS-App/src/ros_app'
[0.624s] INFO:colcon.colcon_core.plugin_system:Skipping extension 'colcon_core.shell.bat': Not used on non-Windows systems
[0.624s] INFO:colcon.colcon_core.shell:Skip shell extension 'powershell' for command environment: Not usable outside of PowerShell
[0.624s] DEBUG:colcon.colcon_core.shell:Skip shell extension 'dsv' for command environment
[0.641s] DEBUG:colcon.colcon_core.event_handler.log_command:Invoking command in '/home/yupopoi/ROS-App/build/ros_app': CMAKE_PREFIX_PATH=/opt/ros/humble /usr/bin/cmake /home/yupopoi/ROS-App/src/ros_app -G CodeBlocks - Unix Makefiles -DCMAKE_BUILD_TYPE=Debug -DCMAKE_INSTALL_PREFIX=/home/yupopoi/ROS-App/install/ros_app
[2.256s] DEBUG:colcon.colcon_core.event_handler.log_command:Invoked command in '/home/yupopoi/ROS-App/build/ros_app' returned '0': CMAKE_PREFIX_PATH=/opt/ros/humble /usr/bin/cmake /home/yupopoi/ROS-App/src/ros_app -G CodeBlocks - Unix Makefiles -DCMAKE_BUILD_TYPE=Debug -DCMAKE_INSTALL_PREFIX=/home/yupopoi/ROS-App/install/ros_app
[2.256s] DEBUG:colcon.colcon_core.event_handler.log_command:Invoking command in '/home/yupopoi/ROS-App/build/ros_app': CMAKE_PREFIX_PATH=/opt/ros/humble /usr/bin/cmake --build /home/yupopoi/ROS-App/build/ros_app -- -j2 -l2
[2.313s] DEBUG:colcon.colcon_core.event_handler.log_command:Invoked command in '/home/yupopoi/ROS-App/build/ros_app' returned '0': CMAKE_PREFIX_PATH=/opt/ros/humble /usr/bin/cmake --build /home/yupopoi/ROS-App/build/ros_app -- -j2 -l2
[2.373s] DEBUG:colcon.colcon_core.event_handler.log_command:Invoking command in '/home/yupopoi/ROS-App/build/ros_app': CMAKE_PREFIX_PATH=/opt/ros/humble /usr/bin/cmake --install /home/yupopoi/ROS-App/build/ros_app
[2.387s] Level 1:colcon.colcon_core.environment:create_environment_scripts_only(ros_app)
[2.390s] Level 1:colcon.colcon_core.environment:checking '/home/yupopoi/ROS-App/install/ros_app' for CMake module files
[2.390s] Level 1:colcon.colcon_core.environment:checking '/home/yupopoi/ROS-App/install/ros_app' for CMake config files
[2.391s] DEBUG:colcon.colcon_core.event_handler.log_command:Invoked command in '/home/yupopoi/ROS-App/build/ros_app' returned '0': CMAKE_PREFIX_PATH=/opt/ros/humble /usr/bin/cmake --install /home/yupopoi/ROS-App/build/ros_app
[2.391s] Level 1:colcon.colcon_core.shell:create_environment_hook('ros_app', 'cmake_prefix_path')
[2.391s] INFO:colcon.colcon_core.shell:Creating environment hook '/home/yupopoi/ROS-App/install/ros_app/share/ros_app/hook/cmake_prefix_path.ps1'
[2.392s] INFO:colcon.colcon_core.shell:Creating environment descriptor '/home/yupopoi/ROS-App/install/ros_app/share/ros_app/hook/cmake_prefix_path.dsv'
[2.392s] INFO:colcon.colcon_core.shell:Creating environment hook '/home/yupopoi/ROS-App/install/ros_app/share/ros_app/hook/cmake_prefix_path.sh'
[2.393s] Level 1:colcon.colcon_core.environment:checking '/home/yupopoi/ROS-App/install/ros_app/bin'
[2.393s] Level 1:colcon.colcon_core.environment:checking '/home/yupopoi/ROS-App/install/ros_app/lib/pkgconfig/ros_app.pc'
[2.393s] Level 1:colcon.colcon_core.environment:checking '/home/yupopoi/ROS-App/install/ros_app/lib/python3.10/site-packages'
[2.393s] Level 1:colcon.colcon_core.environment:checking '/home/yupopoi/ROS-App/install/ros_app/bin'
[2.394s] INFO:colcon.colcon_core.shell:Creating package script '/home/yupopoi/ROS-App/install/ros_app/share/ros_app/package.ps1'
[2.395s] INFO:colcon.colcon_core.shell:Creating package descriptor '/home/yupopoi/ROS-App/install/ros_app/share/ros_app/package.dsv'
[2.395s] INFO:colcon.colcon_core.shell:Creating package script '/home/yupopoi/ROS-App/install/ros_app/share/ros_app/package.sh'
[2.396s] INFO:colcon.colcon_core.shell:Creating package script '/home/yupopoi/ROS-App/install/ros_app/share/ros_app/package.bash'
[2.397s] INFO:colcon.colcon_core.shell:Creating package script '/home/yupopoi/ROS-App/install/ros_app/share/ros_app/package.zsh'
[2.398s] Level 1:colcon.colcon_core.environment:create_file_with_runtime_dependencies(/home/yupopoi/ROS-App/install/ros_app/share/colcon-core/packages/ros_app)
[2.439s] Level 1:colcon.colcon_core.environment:create_environment_scripts_only(ros_app)
[2.439s] Level 1:colcon.colcon_core.environment:checking '/home/yupopoi/ROS-App/install/ros_app' for CMake module files
[2.440s] Level 1:colcon.colcon_core.environment:checking '/home/yupopoi/ROS-App/install/ros_app' for CMake config files
[2.440s] Level 1:colcon.colcon_core.shell:create_environment_hook('ros_app', 'cmake_prefix_path')
[2.440s] INFO:colcon.colcon_core.shell:Creating environment hook '/home/yupopoi/ROS-App/install/ros_app/share/ros_app/hook/cmake_prefix_path.ps1'
[2.441s] INFO:colcon.colcon_core.shell:Creating environment descriptor '/home/yupopoi/ROS-App/install/ros_app/share/ros_app/hook/cmake_prefix_path.dsv'
[2.442s] INFO:colcon.colcon_core.shell:Creating environment hook '/home/yupopoi/ROS-App/install/ros_app/share/ros_app/hook/cmake_prefix_path.sh'
[2.443s] Level 1:colcon.colcon_core.environment:checking '/home/yupopoi/ROS-App/install/ros_app/bin'
[2.443s] Level 1:colcon.colcon_core.environment:checking '/home/yupopoi/ROS-App/install/ros_app/lib/pkgconfig/ros_app.pc'
[2.443s] Level 1:colcon.colcon_core.environment:checking '/home/yupopoi/ROS-App/install/ros_app/lib/python3.10/site-packages'
[2.443s] Level 1:colcon.colcon_core.environment:checking '/home/yupopoi/ROS-App/install/ros_app/bin'
[2.443s] INFO:colcon.colcon_core.shell:Creating package script '/home/yupopoi/ROS-App/install/ros_app/share/ros_app/package.ps1'
[2.444s] INFO:colcon.colcon_core.shell:Creating package descriptor '/home/yupopoi/ROS-App/install/ros_app/share/ros_app/package.dsv'
[2.445s] INFO:colcon.colcon_core.shell:Creating package script '/home/yupopoi/ROS-App/install/ros_app/share/ros_app/package.sh'
[2.445s] INFO:colcon.colcon_core.shell:Creating package script '/home/yupopoi/ROS-App/install/ros_app/share/ros_app/package.bash'
[2.446s] INFO:colcon.colcon_core.shell:Creating package script '/home/yupopoi/ROS-App/install/ros_app/share/ros_app/package.zsh'
[2.446s] Level 1:colcon.colcon_core.environment:create_file_with_runtime_dependencies(/home/yupopoi/ROS-App/install/ros_app/share/colcon-core/packages/ros_app)
[2.447s] DEBUG:colcon.colcon_parallel_executor.executor.parallel:closing loop
[2.447s] DEBUG:colcon.colcon_parallel_executor.executor.parallel:loop closed
[2.447s] DEBUG:colcon.colcon_parallel_executor.executor.parallel:run_until_complete finished with '0'
[2.447s] DEBUG:colcon.colcon_core.event_reactor:joining thread
[2.453s] INFO:colcon.colcon_core.plugin_system:Skipping extension 'colcon_notification.desktop_notification.terminal_notifier': Not used on non-Darwin systems
[2.453s] INFO:colcon.colcon_core.plugin_system:Skipping extension 'colcon_notification.desktop_notification.win32': Not used on non-Windows systems
[2.453s] INFO:colcon.colcon_notification.desktop_notification:Sending desktop notification using 'notify2'
[2.453s] DEBUG:colcon.colcon_notification.desktop_notification.notify2:Failed to initialize notify2: org.freedesktop.DBus.Error.BadAddress: '=' character not found or has no value following it
[2.453s] DEBUG:colcon.colcon_core.event_reactor:joined thread
[2.453s] INFO:colcon.colcon_core.shell:Creating prefix script '/home/yupopoi/ROS-App/install/local_setup.ps1'
[2.454s] INFO:colcon.colcon_core.shell:Creating prefix util module '/home/yupopoi/ROS-App/install/_local_setup_util_ps1.py'
[2.455s] INFO:colcon.colcon_core.shell:Creating prefix chain script '/home/yupopoi/ROS-App/install/setup.ps1'
[2.456s] INFO:colcon.colcon_core.shell:Creating prefix script '/home/yupopoi/ROS-App/install/local_setup.sh'
[2.457s] INFO:colcon.colcon_core.shell:Creating prefix util module '/home/yupopoi/ROS-App/install/_local_setup_util_sh.py'
[2.458s] INFO:colcon.colcon_core.shell:Creating prefix chain script '/home/yupopoi/ROS-App/install/setup.sh'
[2.459s] INFO:colcon.colcon_core.shell:Creating prefix script '/home/yupopoi/ROS-App/install/local_setup.bash'
[2.459s] INFO:colcon.colcon_core.shell:Creating prefix chain script '/home/yupopoi/ROS-App/install/setup.bash'
[2.460s] INFO:colcon.colcon_core.shell:Creating prefix script '/home/yupopoi/ROS-App/install/local_setup.zsh'
[2.461s] INFO:colcon.colcon_core.shell:Creating prefix chain script '/home/yupopoi/ROS-App/install/setup.zsh'
