[0.014s] Invoking command in '/home/yupopoi/ROS-App/build/ros_app': CMAKE_PREFIX_PATH=${CMAKE_PREFIX_PATH}:/opt/ros/humble /usr/bin/cmake --build /home/yupopoi/ROS-App/build/ros_app -- -j2 -l2
[0.056s] -- Found ament_cmake: 1.3.9 (/opt/ros/humble/share/ament_cmake/cmake)
[0.188s] -- Found rclcpp: 16.0.9 (/opt/ros/humble/share/rclcpp/cmake)
[0.221s] -- Found rosidl_generator_c: 3.1.5 (/opt/ros/humble/share/rosidl_generator_c/cmake)
[0.223s] -- Found rosidl_adapter: 3.1.5 (/opt/ros/humble/share/rosidl_adapter/cmake)
[0.231s] -- Found rosidl_generator_cpp: 3.1.5 (/opt/ros/humble/share/rosidl_generator_cpp/cmake)
[0.246s] -- Using all available rosidl_typesupport_c: rosidl_typesupport_fastrtps_c;rosidl_typesupport_introspection_c
[0.262s] -- Using all available rosidl_typesupport_cpp: rosidl_typesupport_fastrtps_cpp;rosidl_typesupport_introspection_cpp
[0.324s] -- Found rmw_implementation_cmake: 6.1.2 (/opt/ros/humble/share/rmw_implementation_cmake/cmake)
[0.324s] -- Found rmw_fastrtps_cpp: 6.2.6 (/opt/ros/humble/share/rmw_fastrtps_cpp/cmake)
[0.444s] -- Using RMW implementation 'rmw_fastrtps_cpp' as default
[0.599s] -- Found sensor_msgs: 4.2.4 (/opt/ros/humble/share/sensor_msgs/cmake)
[0.732s] -- Found moveit_msgs: 2.2.1 (/opt/ros/humble/share/moveit_msgs/cmake)
[1.519s] -- Found ament_lint_auto: 0.12.11 (/opt/ros/humble/share/ament_lint_auto/cmake)
[1.591s] -- Added test 'cppcheck' to perform static code analysis on C / C++ code
[1.591s] -- Configured cppcheck include dirs: /home/yupopoi/ROS-App/src/ros_app/src/header;/home/yupopoi/ROS-App/src/ros_app/src/source;/home/yupopoi/ROS-App/src/ros_app/src/ui
[1.591s] -- Configured cppcheck exclude dirs and/or files: 
[1.592s] -- Added test 'lint_cmake' to check CMake code style
[1.595s] -- Added test 'uncrustify' to check C / C++ code style
[1.595s] -- Configured uncrustify additional arguments: 
[1.595s] -- Added test 'xmllint' to check XML markup files
[1.595s] -- Configuring done
[1.645s] -- Generating done
[1.648s] -- Build files have been written to: /home/yupopoi/ROS-App/build/ros_app
[1.706s] [ 12%] Automatic MOC and UIC for target MainWindow
[1.734s] [ 12%] Built target MainWindow_autogen
[1.748s] [ 25%] Generating ui_mainwindow.h
[1.799s] Consolidate compiler generated dependencies of target MainWindow
[1.823s] [ 37%] Building CXX object CMakeFiles/MainWindow.dir/MainWindow_autogen/mocs_compilation.cpp.o
[1.826s] [ 50%] Building CXX object CMakeFiles/MainWindow.dir/src/source/main.cpp.o
[8.189s] [ 62%] Building CXX object CMakeFiles/MainWindow.dir/src/source/mainwindow.cpp.o
[14.101s] [ 75%] Linking CXX executable MainWindow
[14.775s] [100%] Built target MainWindow
[14.790s] Invoked command in '/home/yupopoi/ROS-App/build/ros_app' returned '0': CMAKE_PREFIX_PATH=${CMAKE_PREFIX_PATH}:/opt/ros/humble /usr/bin/cmake --build /home/yupopoi/ROS-App/build/ros_app -- -j2 -l2
[14.885s] Invoking command in '/home/yupopoi/ROS-App/build/ros_app': CMAKE_PREFIX_PATH=${CMAKE_PREFIX_PATH}:/opt/ros/humble /usr/bin/cmake --install /home/yupopoi/ROS-App/build/ros_app
[14.895s] -- Install configuration: "Debug"
[14.895s] -- Installing: /home/yupopoi/ROS-App/install/ros_app/share/ament_index/resource_index/package_run_dependencies/ros_app
[14.895s] -- Up-to-date: /home/yupopoi/ROS-App/install/ros_app/share/ament_index/resource_index/parent_prefix_path/ros_app
[14.895s] -- Up-to-date: /home/yupopoi/ROS-App/install/ros_app/share/ros_app/environment/ament_prefix_path.sh
[14.895s] -- Installing: /home/yupopoi/ROS-App/install/ros_app/share/ros_app/environment/ament_prefix_path.dsv
[14.897s] -- Up-to-date: /home/yupopoi/ROS-App/install/ros_app/share/ros_app/environment/path.sh
[14.897s] -- Installing: /home/yupopoi/ROS-App/install/ros_app/share/ros_app/environment/path.dsv
[14.897s] -- Up-to-date: /home/yupopoi/ROS-App/install/ros_app/share/ros_app/local_setup.bash
[14.897s] -- Up-to-date: /home/yupopoi/ROS-App/install/ros_app/share/ros_app/local_setup.sh
[14.897s] -- Up-to-date: /home/yupopoi/ROS-App/install/ros_app/share/ros_app/local_setup.zsh
[14.897s] -- Installing: /home/yupopoi/ROS-App/install/ros_app/share/ros_app/local_setup.dsv
[14.897s] -- Installing: /home/yupopoi/ROS-App/install/ros_app/share/ros_app/package.dsv
[14.897s] -- Up-to-date: /home/yupopoi/ROS-App/install/ros_app/share/ament_index/resource_index/packages/ros_app
[14.898s] -- Up-to-date: /home/yupopoi/ROS-App/install/ros_app/share/ros_app/cmake/ros_appConfig.cmake
[14.898s] -- Up-to-date: /home/yupopoi/ROS-App/install/ros_app/share/ros_app/cmake/ros_appConfig-version.cmake
[14.898s] -- Installing: /home/yupopoi/ROS-App/install/ros_app/share/ros_app/package.xml
[14.900s] Invoked command in '/home/yupopoi/ROS-App/build/ros_app' returned '0': CMAKE_PREFIX_PATH=${CMAKE_PREFIX_PATH}:/opt/ros/humble /usr/bin/cmake --install /home/yupopoi/ROS-App/build/ros_app
