[0.000000] (-) TimerEvent: {}
[0.003671] (ros_app) JobQueued: {'identifier': 'ros_app', 'dependencies': OrderedDict()}
[0.003756] (ros_app) JobStarted: {'identifier': 'ros_app'}
[0.016068] (ros_app) JobProgress: {'identifier': 'ros_app', 'progress': 'cmake'}
[0.016112] (ros_app) JobProgress: {'identifier': 'ros_app', 'progress': 'build'}
[0.016138] (ros_app) Command: {'cmd': ['/usr/bin/cmake', '--build', '/home/yupopoi/ROS-App/build/ros_app', '--', '-j2', '-l2'], 'cwd': '/home/yupopoi/ROS-App/build/ros_app', 'env': OrderedDict([('GJS_DEBUG_TOPICS', 'JS ERROR;JS LOG'), ('USER', 'yupopoi'), ('XDG_SESSION_TYPE', 'wayland'), ('LD_LIBRARY_PATH', '/opt/ros/humble/opt/rviz_ogre_vendor/lib:/opt/ros/humble/lib/x86_64-linux-gnu:/opt/ros/humble/lib'), ('SHLVL', '174'), ('HOME', '/home/yupopoi'), ('DESKTOP_SESSION', 'ubuntu'), ('QTDIR', '/home/yupopoi/Qt/6.7.2/gcc_64'), ('GIO_LAUNCHED_DESKTOP_FILE', '/home/yupopoi/.local/share/applications/org.qt-project.qtcreator.desktop'), ('GNOME_SHELL_SESSION_MODE', 'ubuntu'), ('GTK_MODULES', 'gail:atk-bridge'), ('ROS_PYTHON_VERSION', '3'), ('MANAGERPID', '1002'), ('DBUS_SESSION_BUS_ADDRESS', 'unix:path'), ('SYSTEMD_EXEC_PID', '1194'), ('GIO_LAUNCHED_DESKTOP_FILE_PID', '17098'), ('COLCON_PREFIX_PATH', '/home/yupopoi/ROS-App/install'), ('IM_CONFIG_PHASE', '1'), ('ROS_DISTRO', 'humble'), ('WAYLAND_DISPLAY', 'wayland-0'), ('LOGNAME', 'yupopoi'), ('JOURNAL_STREAM', '8:32944'), ('_', '/usr/bin/env'), ('ROS_VERSION', '2'), ('XDG_SESSION_CLASS', 'user'), ('QSG_RHI_BACKEND', 'opengl'), ('TERM', 'xterm'), ('USERNAME', 'yupopoi'), ('GNOME_DESKTOP_SESSION_ID', 'this-is-deprecated'), ('ROS_LOCALHOST_ONLY', '0'), ('PATH', '/opt/ros/humble/bin:/usr/local/sbin:/usr/local/bin:/usr/sbin:/usr/bin:/sbin:/bin:/usr/games:/usr/local/games:/snap/bin:/snap/bin'), ('INVOCATION_ID', 'c789fe05f65749fd90d72feeaf56253e'), ('SESSION_MANAGER', 'local/yupopoi-u2:@/tmp/.ICE-unix/1171,unix/yupopoi-u2:/tmp/.ICE-unix/1171'), ('GNOME_SETUP_DISPLAY', ':1'), ('XDG_MENU_PREFIX', 'gnome-'), ('XDG_RUNTIME_DIR', '/run/user/1000'), ('DISPLAY', ':0'), ('LANG', 'en_US.UTF-8'), ('XDG_CURRENT_DESKTOP', 'ubuntu:GNOME'), ('XAUTHORITY', '/run/user/1000/.mutter-Xwaylandauth.2HUPQ2'), ('XDG_SESSION_DESKTOP', 'ubuntu'), ('XMODIFIERS', '@im'), ('AMENT_PREFIX_PATH', '/home/yupopoi/ROS-App/install/ros_app:/opt/ros/humble'), ('SSH_AGENT_LAUNCHER', 'gnome-keyring'), ('SSH_AUTH_SOCK', '/run/user/1000/keyring/ssh'), ('SHELL', '/bin/bash'), ('GDMSESSION', 'ubuntu'), ('QT_ACCESSIBILITY', '1'), ('GJS_DEBUG_OUTPUT', 'stderr'), ('QT_IM_MODULE', 'ibus'), ('LC_ALL', 'en_US.UTF-8'), ('PWD', '/home/yupopoi/ROS-App/build/ros_app'), ('QT_QPA_PLATFORM', 'xcb'), ('XDG_CONFIG_DIRS', '/etc/xdg/xdg-ubuntu:/etc/xdg'), ('XDG_DATA_DIRS', '/usr/share/ubuntu:/usr/local/share/:/usr/share/:/var/lib/snapd/desktop'), ('PYTHONPATH', '/opt/ros/humble/lib/python3.10/site-packages:/opt/ros/humble/local/lib/python3.10/dist-packages'), ('COLCON', '1'), ('CMAKE_PREFIX_PATH', '/home/yupopoi/ROS-App/install/ros_app:/home/yupopoi/Qt/6.7.2/gcc_64/lib/cmake:/opt/ros/humble'), ('GTK_THEME', ':light')]), 'shell': False}
[0.060921] (ros_app) StdoutLine: {'line': b'-- Found ament_cmake: 1.3.9 (/opt/ros/humble/share/ament_cmake/cmake)\n'}
[0.101416] (-) TimerEvent: {}
[0.188624] (ros_app) StdoutLine: {'line': b'-- Found rclcpp: 16.0.9 (/opt/ros/humble/share/rclcpp/cmake)\n'}
[0.201454] (-) TimerEvent: {}
[0.220334] (ros_app) StdoutLine: {'line': b'-- Found rosidl_generator_c: 3.1.5 (/opt/ros/humble/share/rosidl_generator_c/cmake)\n'}
[0.223285] (ros_app) StdoutLine: {'line': b'-- Found rosidl_adapter: 3.1.5 (/opt/ros/humble/share/rosidl_adapter/cmake)\n'}
[0.230651] (ros_app) StdoutLine: {'line': b'-- Found rosidl_generator_cpp: 3.1.5 (/opt/ros/humble/share/rosidl_generator_cpp/cmake)\n'}
[0.242971] (ros_app) StdoutLine: {'line': b'-- Using all available rosidl_typesupport_c: rosidl_typesupport_fastrtps_c;rosidl_typesupport_introspection_c\n'}
[0.260228] (ros_app) StdoutLine: {'line': b'-- Using all available rosidl_typesupport_cpp: rosidl_typesupport_fastrtps_cpp;rosidl_typesupport_introspection_cpp\n'}
[0.301535] (-) TimerEvent: {}
[0.320243] (ros_app) StdoutLine: {'line': b'-- Found rmw_implementation_cmake: 6.1.2 (/opt/ros/humble/share/rmw_implementation_cmake/cmake)\n'}
[0.321814] (ros_app) StdoutLine: {'line': b'-- Found rmw_fastrtps_cpp: 6.2.6 (/opt/ros/humble/share/rmw_fastrtps_cpp/cmake)\n'}
[0.401673] (-) TimerEvent: {}
[0.452466] (ros_app) StdoutLine: {'line': b"-- Using RMW implementation 'rmw_fastrtps_cpp' as default\n"}
[0.501753] (-) TimerEvent: {}
[0.601965] (-) TimerEvent: {}
[0.626866] (ros_app) StdoutLine: {'line': b'-- Found sensor_msgs: 4.2.4 (/opt/ros/humble/share/sensor_msgs/cmake)\n'}
[0.702060] (-) TimerEvent: {}
[0.759449] (ros_app) StdoutLine: {'line': b'-- Found moveit_msgs: 2.2.1 (/opt/ros/humble/share/moveit_msgs/cmake)\n'}
[0.802547] (-) TimerEvent: {}
[0.903602] (-) TimerEvent: {}
[1.004503] (-) TimerEvent: {}
[1.111446] (-) TimerEvent: {}
[1.212644] (-) TimerEvent: {}
[1.313165] (-) TimerEvent: {}
[1.414619] (-) TimerEvent: {}
[1.515717] (-) TimerEvent: {}
[1.588552] (ros_app) StdoutLine: {'line': b'-- Found ament_lint_auto: 0.12.11 (/opt/ros/humble/share/ament_lint_auto/cmake)\n'}
[1.615820] (-) TimerEvent: {}
[1.661560] (ros_app) StdoutLine: {'line': b"-- Added test 'cppcheck' to perform static code analysis on C / C++ code\n"}
[1.661821] (ros_app) StdoutLine: {'line': b'-- Configured cppcheck include dirs: /home/yupopoi/ROS-App/src/ros_app/src/header;/home/yupopoi/ROS-App/src/ros_app/src/source;/home/yupopoi/ROS-App/src/ros_app/src/ui\n'}
[1.661912] (ros_app) StdoutLine: {'line': b'-- Configured cppcheck exclude dirs and/or files: \n'}
[1.663256] (ros_app) StdoutLine: {'line': b"-- Added test 'lint_cmake' to check CMake code style\n"}
[1.666020] (ros_app) StdoutLine: {'line': b"-- Added test 'uncrustify' to check C / C++ code style\n"}
[1.666159] (ros_app) StdoutLine: {'line': b'-- Configured uncrustify additional arguments: \n'}
[1.666272] (ros_app) StdoutLine: {'line': b"-- Added test 'xmllint' to check XML markup files\n"}
[1.667985] (ros_app) StdoutLine: {'line': b'-- Configuring done\n'}
[1.715970] (-) TimerEvent: {}
[1.720977] (ros_app) StdoutLine: {'line': b'-- Generating done\n'}
[1.725570] (ros_app) StdoutLine: {'line': b'-- Build files have been written to: /home/yupopoi/ROS-App/build/ros_app\n'}
[1.778799] (ros_app) StdoutLine: {'line': b'[ 12%] Automatic MOC and UIC for target MainWindow\n'}
[1.813867] (ros_app) StdoutLine: {'line': b'[ 12%] Built target MainWindow_autogen\n'}
[1.816035] (-) TimerEvent: {}
[1.858613] (ros_app) StdoutLine: {'line': b'Consolidate compiler generated dependencies of target MainWindow\n'}
[1.884216] (ros_app) StdoutLine: {'line': b'[100%] Built target MainWindow\n'}
[1.900136] (ros_app) CommandEnded: {'returncode': 0}
[1.916130] (-) TimerEvent: {}
[1.976598] (ros_app) JobProgress: {'identifier': 'ros_app', 'progress': 'install'}
[1.986920] (ros_app) Command: {'cmd': ['/usr/bin/cmake', '--install', '/home/yupopoi/ROS-App/build/ros_app'], 'cwd': '/home/yupopoi/ROS-App/build/ros_app', 'env': OrderedDict([('GJS_DEBUG_TOPICS', 'JS ERROR;JS LOG'), ('USER', 'yupopoi'), ('XDG_SESSION_TYPE', 'wayland'), ('LD_LIBRARY_PATH', '/opt/ros/humble/opt/rviz_ogre_vendor/lib:/opt/ros/humble/lib/x86_64-linux-gnu:/opt/ros/humble/lib'), ('SHLVL', '174'), ('HOME', '/home/yupopoi'), ('DESKTOP_SESSION', 'ubuntu'), ('QTDIR', '/home/yupopoi/Qt/6.7.2/gcc_64'), ('GIO_LAUNCHED_DESKTOP_FILE', '/home/yupopoi/.local/share/applications/org.qt-project.qtcreator.desktop'), ('GNOME_SHELL_SESSION_MODE', 'ubuntu'), ('GTK_MODULES', 'gail:atk-bridge'), ('ROS_PYTHON_VERSION', '3'), ('MANAGERPID', '1002'), ('DBUS_SESSION_BUS_ADDRESS', 'unix:path'), ('SYSTEMD_EXEC_PID', '1194'), ('GIO_LAUNCHED_DESKTOP_FILE_PID', '17098'), ('COLCON_PREFIX_PATH', '/home/yupopoi/ROS-App/install'), ('IM_CONFIG_PHASE', '1'), ('ROS_DISTRO', 'humble'), ('WAYLAND_DISPLAY', 'wayland-0'), ('LOGNAME', 'yupopoi'), ('JOURNAL_STREAM', '8:32944'), ('_', '/usr/bin/env'), ('ROS_VERSION', '2'), ('XDG_SESSION_CLASS', 'user'), ('QSG_RHI_BACKEND', 'opengl'), ('TERM', 'xterm'), ('USERNAME', 'yupopoi'), ('GNOME_DESKTOP_SESSION_ID', 'this-is-deprecated'), ('ROS_LOCALHOST_ONLY', '0'), ('PATH', '/opt/ros/humble/bin:/usr/local/sbin:/usr/local/bin:/usr/sbin:/usr/bin:/sbin:/bin:/usr/games:/usr/local/games:/snap/bin:/snap/bin'), ('INVOCATION_ID', 'c789fe05f65749fd90d72feeaf56253e'), ('SESSION_MANAGER', 'local/yupopoi-u2:@/tmp/.ICE-unix/1171,unix/yupopoi-u2:/tmp/.ICE-unix/1171'), ('GNOME_SETUP_DISPLAY', ':1'), ('XDG_MENU_PREFIX', 'gnome-'), ('XDG_RUNTIME_DIR', '/run/user/1000'), ('DISPLAY', ':0'), ('LANG', 'en_US.UTF-8'), ('XDG_CURRENT_DESKTOP', 'ubuntu:GNOME'), ('XAUTHORITY', '/run/user/1000/.mutter-Xwaylandauth.2HUPQ2'), ('XDG_SESSION_DESKTOP', 'ubuntu'), ('XMODIFIERS', '@im'), ('AMENT_PREFIX_PATH', '/home/yupopoi/ROS-App/install/ros_app:/opt/ros/humble'), ('SSH_AGENT_LAUNCHER', 'gnome-keyring'), ('SSH_AUTH_SOCK', '/run/user/1000/keyring/ssh'), ('SHELL', '/bin/bash'), ('GDMSESSION', 'ubuntu'), ('QT_ACCESSIBILITY', '1'), ('GJS_DEBUG_OUTPUT', 'stderr'), ('QT_IM_MODULE', 'ibus'), ('LC_ALL', 'en_US.UTF-8'), ('PWD', '/home/yupopoi/ROS-App/build/ros_app'), ('QT_QPA_PLATFORM', 'xcb'), ('XDG_CONFIG_DIRS', '/etc/xdg/xdg-ubuntu:/etc/xdg'), ('XDG_DATA_DIRS', '/usr/share/ubuntu:/usr/local/share/:/usr/share/:/var/lib/snapd/desktop'), ('PYTHONPATH', '/opt/ros/humble/lib/python3.10/site-packages:/opt/ros/humble/local/lib/python3.10/dist-packages'), ('COLCON', '1'), ('CMAKE_PREFIX_PATH', '/home/yupopoi/ROS-App/install/ros_app:/home/yupopoi/Qt/6.7.2/gcc_64/lib/cmake:/opt/ros/humble'), ('GTK_THEME', ':light')]), 'shell': False}
[1.996078] (ros_app) StdoutLine: {'line': b'-- Install configuration: "Debug"\n'}
[1.996204] (ros_app) StdoutLine: {'line': b'-- Installing: /home/yupopoi/ROS-App/install/ros_app/share/ament_index/resource_index/package_run_dependencies/ros_app\n'}
[1.999302] (ros_app) StdoutLine: {'line': b'-- Up-to-date: /home/yupopoi/ROS-App/install/ros_app/share/ament_index/resource_index/parent_prefix_path/ros_app\n'}
[1.999422] (ros_app) StdoutLine: {'line': b'-- Up-to-date: /home/yupopoi/ROS-App/install/ros_app/share/ros_app/environment/ament_prefix_path.sh\n'}
[1.999507] (ros_app) StdoutLine: {'line': b'-- Installing: /home/yupopoi/ROS-App/install/ros_app/share/ros_app/environment/ament_prefix_path.dsv\n'}
[1.999587] (ros_app) StdoutLine: {'line': b'-- Up-to-date: /home/yupopoi/ROS-App/install/ros_app/share/ros_app/environment/path.sh\n'}
[1.999961] (ros_app) StdoutLine: {'line': b'-- Installing: /home/yupopoi/ROS-App/install/ros_app/share/ros_app/environment/path.dsv\n'}
[2.000056] (ros_app) StdoutLine: {'line': b'-- Up-to-date: /home/yupopoi/ROS-App/install/ros_app/share/ros_app/local_setup.bash\n'}
[2.000182] (ros_app) StdoutLine: {'line': b'-- Up-to-date: /home/yupopoi/ROS-App/install/ros_app/share/ros_app/local_setup.sh\n'}
[2.000270] (ros_app) StdoutLine: {'line': b'-- Up-to-date: /home/yupopoi/ROS-App/install/ros_app/share/ros_app/local_setup.zsh\n'}
[2.000352] (ros_app) StdoutLine: {'line': b'-- Installing: /home/yupopoi/ROS-App/install/ros_app/share/ros_app/local_setup.dsv\n'}
[2.000433] (ros_app) StdoutLine: {'line': b'-- Installing: /home/yupopoi/ROS-App/install/ros_app/share/ros_app/package.dsv\n'}
[2.000512] (ros_app) StdoutLine: {'line': b'-- Up-to-date: /home/yupopoi/ROS-App/install/ros_app/share/ament_index/resource_index/packages/ros_app\n'}
[2.000590] (ros_app) StdoutLine: {'line': b'-- Up-to-date: /home/yupopoi/ROS-App/install/ros_app/share/ros_app/cmake/ros_appConfig.cmake\n'}
[2.000668] (ros_app) StdoutLine: {'line': b'-- Up-to-date: /home/yupopoi/ROS-App/install/ros_app/share/ros_app/cmake/ros_appConfig-version.cmake\n'}
[2.000753] (ros_app) StdoutLine: {'line': b'-- Installing: /home/yupopoi/ROS-App/install/ros_app/share/ros_app/package.xml\n'}
[2.002553] (ros_app) CommandEnded: {'returncode': 0}
[2.019314] (-) TimerEvent: {}
[2.096475] (ros_app) JobEnded: {'identifier': 'ros_app', 'rc': 0}
[2.096867] (-) EventReactorShutdown: {}
