[0.000000] (-) TimerEvent: {}
[0.008464] (ros_app) JobQueued: {'identifier': 'ros_app', 'dependencies': OrderedDict()}
[0.008528] (ros_app) JobStarted: {'identifier': 'ros_app'}
[0.043450] (ros_app) JobProgress: {'identifier': 'ros_app', 'progress': 'cmake'}
[0.045014] (ros_app) JobProgress: {'identifier': 'ros_app', 'progress': 'build'}
[0.045052] (ros_app) Command: {'cmd': ['/usr/bin/cmake', '--build', '/home/yupopoi/ROS-App/build/ros_app', '--', '-j2', '-l2'], 'cwd': '/home/yupopoi/ROS-App/build/ros_app', 'env': OrderedDict([('GJS_DEBUG_TOPICS', 'JS ERROR;JS LOG'), ('USER', 'yupopoi'), ('XDG_SESSION_TYPE', 'wayland'), ('LD_LIBRARY_PATH', '/opt/ros/humble/opt/rviz_ogre_vendor/lib:/opt/ros/humble/lib/x86_64-linux-gnu:/opt/ros/humble/lib'), ('SHLVL', '280'), ('HOME', '/home/yupopoi'), ('DESKTOP_SESSION', 'ubuntu'), ('QTDIR', '/home/yupopoi/Qt/6.7.2/gcc_64'), ('GIO_LAUNCHED_DESKTOP_FILE', '/home/yupopoi/.local/share/applications/org.qt-project.qtcreator.desktop'), ('GNOME_SHELL_SESSION_MODE', 'ubuntu'), ('GTK_MODULES', 'gail:atk-bridge'), ('ROS_PYTHON_VERSION', '3'), ('MANAGERPID', '991'), ('DBUS_SESSION_BUS_ADDRESS', 'unix:path'), ('SYSTEMD_EXEC_PID', '1198'), ('GIO_LAUNCHED_DESKTOP_FILE_PID', '9318'), ('COLCON_PREFIX_PATH', '/home/yupopoi/ROS-App/install'), ('IM_CONFIG_PHASE', '1'), ('ROS_DISTRO', 'humble'), ('WAYLAND_DISPLAY', 'wayland-0'), ('LOGNAME', 'yupopoi'), ('JOURNAL_STREAM', '8:31405'), ('_', '/usr/bin/env'), ('ROS_VERSION', '2'), ('XDG_SESSION_CLASS', 'user'), ('QSG_RHI_BACKEND', 'opengl'), ('TERM', 'xterm'), ('USERNAME', 'yupopoi'), ('GNOME_DESKTOP_SESSION_ID', 'this-is-deprecated'), ('ROS_LOCALHOST_ONLY', '0'), ('PATH', '/opt/ros/humble/bin:/usr/local/sbin:/usr/local/bin:/usr/sbin:/usr/bin:/sbin:/bin:/usr/games:/usr/local/games:/snap/bin:/snap/bin'), ('INVOCATION_ID', '928d0bf7cad14ab19d1e4c5e87adb1fa'), ('SESSION_MANAGER', 'local/yupopoi-u2:@/tmp/.ICE-unix/1166,unix/yupopoi-u2:/tmp/.ICE-unix/1166'), ('GNOME_SETUP_DISPLAY', ':1'), ('XDG_MENU_PREFIX', 'gnome-'), ('XDG_RUNTIME_DIR', '/run/user/1000'), ('DISPLAY', ':0'), ('LANG', 'en_US.UTF-8'), ('XDG_CURRENT_DESKTOP', 'ubuntu:GNOME'), ('XAUTHORITY', '/run/user/1000/.mutter-Xwaylandauth.0275P2'), ('XDG_SESSION_DESKTOP', 'ubuntu'), ('XMODIFIERS', '@im'), ('AMENT_PREFIX_PATH', '/home/yupopoi/ROS-App/install/ros_app:/opt/ros/humble'), ('SSH_AGENT_LAUNCHER', 'gnome-keyring'), ('SSH_AUTH_SOCK', '/run/user/1000/keyring/ssh'), ('SHELL', '/bin/bash'), ('GDMSESSION', 'ubuntu'), ('QT_ACCESSIBILITY', '1'), ('GJS_DEBUG_OUTPUT', 'stderr'), ('QT_IM_MODULE', 'ibus'), ('LC_ALL', 'en_US.UTF-8'), ('PWD', '/home/yupopoi/ROS-App/build/ros_app'), ('QT_QPA_PLATFORM', 'xcb'), ('XDG_CONFIG_DIRS', '/etc/xdg/xdg-ubuntu:/etc/xdg'), ('XDG_DATA_DIRS', '/usr/share/ubuntu:/usr/local/share/:/usr/share/:/var/lib/snapd/desktop'), ('PYTHONPATH', '/opt/ros/humble/lib/python3.10/site-packages:/opt/ros/humble/local/lib/python3.10/dist-packages'), ('COLCON', '1'), ('CMAKE_PREFIX_PATH', '/home/yupopoi/ROS-App/install/ros_app:/home/yupopoi/Qt/6.7.2/gcc_64/lib/cmake:/opt/ros/humble'), ('GTK_THEME', ':light')]), 'shell': False}
[0.099957] (-) TimerEvent: {}
[0.200241] (-) TimerEvent: {}
[0.300520] (-) TimerEvent: {}
[0.400808] (-) TimerEvent: {}
[0.405118] (ros_app) StdoutLine: {'line': b'[ 10%] Automatic MOC and UIC for target MainWindow\n'}
[0.500954] (-) TimerEvent: {}
[0.601321] (-) TimerEvent: {}
[0.701638] (-) TimerEvent: {}
[0.802135] (-) TimerEvent: {}
[0.902489] (-) TimerEvent: {}
[1.003384] (-) TimerEvent: {}
[1.103745] (-) TimerEvent: {}
[1.204036] (-) TimerEvent: {}
[1.304332] (-) TimerEvent: {}
[1.404762] (-) TimerEvent: {}
[1.505059] (-) TimerEvent: {}
[1.605412] (-) TimerEvent: {}
[1.705784] (-) TimerEvent: {}
[1.806202] (-) TimerEvent: {}
[1.906490] (-) TimerEvent: {}
[2.006783] (-) TimerEvent: {}
[2.107078] (-) TimerEvent: {}
[2.207390] (-) TimerEvent: {}
[2.307679] (-) TimerEvent: {}
[2.407974] (-) TimerEvent: {}
[2.473973] (ros_app) StdoutLine: {'line': b'[ 10%] Built target MainWindow_autogen\n'}
[2.508157] (-) TimerEvent: {}
[2.608448] (-) TimerEvent: {}
[2.708732] (-) TimerEvent: {}
[2.713773] (ros_app) StdoutLine: {'line': b'Consolidate compiler generated dependencies of target MainWindow\n'}
[2.808843] (-) TimerEvent: {}
[2.813028] (ros_app) StdoutLine: {'line': b'[ 20%] Building CXX object CMakeFiles/MainWindow.dir/MainWindow_autogen/mocs_compilation.cpp.o\n'}
[2.908954] (-) TimerEvent: {}
[3.009242] (-) TimerEvent: {}
[3.109531] (-) TimerEvent: {}
[3.209822] (-) TimerEvent: {}
[3.310141] (-) TimerEvent: {}
[3.410432] (-) TimerEvent: {}
[3.510758] (-) TimerEvent: {}
[3.611135] (-) TimerEvent: {}
[3.711440] (-) TimerEvent: {}
[3.811732] (-) TimerEvent: {}
[3.912240] (-) TimerEvent: {}
[4.012808] (-) TimerEvent: {}
[4.113112] (-) TimerEvent: {}
[4.213397] (-) TimerEvent: {}
[4.313685] (-) TimerEvent: {}
[4.413976] (-) TimerEvent: {}
[4.514274] (-) TimerEvent: {}
[4.614573] (-) TimerEvent: {}
[4.715032] (-) TimerEvent: {}
[4.815347] (-) TimerEvent: {}
[4.915639] (-) TimerEvent: {}
[5.015974] (-) TimerEvent: {}
[5.116256] (-) TimerEvent: {}
[5.216550] (-) TimerEvent: {}
[5.316841] (-) TimerEvent: {}
[5.417125] (-) TimerEvent: {}
[5.517413] (-) TimerEvent: {}
[5.617703] (-) TimerEvent: {}
[5.718036] (-) TimerEvent: {}
[5.818324] (-) TimerEvent: {}
[5.918611] (-) TimerEvent: {}
[6.018902] (-) TimerEvent: {}
[6.119218] (-) TimerEvent: {}
[6.219507] (-) TimerEvent: {}
[6.319897] (-) TimerEvent: {}
[6.420184] (-) TimerEvent: {}
[6.520616] (-) TimerEvent: {}
[6.620925] (-) TimerEvent: {}
[6.721249] (-) TimerEvent: {}
[6.821707] (-) TimerEvent: {}
[6.922021] (-) TimerEvent: {}
[7.022415] (-) TimerEvent: {}
[7.122722] (-) TimerEvent: {}
[7.223073] (-) TimerEvent: {}
[7.323412] (-) TimerEvent: {}
[7.423700] (-) TimerEvent: {}
[7.523992] (-) TimerEvent: {}
[7.624283] (-) TimerEvent: {}
[7.724566] (-) TimerEvent: {}
[7.824938] (-) TimerEvent: {}
[7.925232] (-) TimerEvent: {}
[8.025517] (-) TimerEvent: {}
[8.125802] (-) TimerEvent: {}
[8.226432] (-) TimerEvent: {}
[8.326716] (-) TimerEvent: {}
[8.427004] (-) TimerEvent: {}
[8.527314] (-) TimerEvent: {}
[8.627625] (-) TimerEvent: {}
[8.727923] (-) TimerEvent: {}
[8.828231] (-) TimerEvent: {}
[8.928525] (-) TimerEvent: {}
[9.028954] (-) TimerEvent: {}
[9.129241] (-) TimerEvent: {}
[9.229537] (-) TimerEvent: {}
[9.329855] (-) TimerEvent: {}
[9.430145] (-) TimerEvent: {}
[9.530445] (-) TimerEvent: {}
[9.630742] (-) TimerEvent: {}
[9.731039] (-) TimerEvent: {}
[9.831353] (-) TimerEvent: {}
[9.931822] (-) TimerEvent: {}
[10.032257] (-) TimerEvent: {}
[10.132583] (-) TimerEvent: {}
[10.232875] (-) TimerEvent: {}
[10.333188] (-) TimerEvent: {}
[10.433492] (-) TimerEvent: {}
[10.533854] (-) TimerEvent: {}
[10.634158] (-) TimerEvent: {}
[10.734452] (-) TimerEvent: {}
[10.834744] (-) TimerEvent: {}
[10.938579] (-) TimerEvent: {}
[11.038894] (-) TimerEvent: {}
[11.139211] (-) TimerEvent: {}
[11.239596] (-) TimerEvent: {}
[11.339902] (-) TimerEvent: {}
[11.440198] (-) TimerEvent: {}
[11.540506] (-) TimerEvent: {}
[11.640800] (-) TimerEvent: {}
[11.741223] (-) TimerEvent: {}
[11.841518] (-) TimerEvent: {}
[11.941816] (-) TimerEvent: {}
[12.042157] (-) TimerEvent: {}
[12.142458] (-) TimerEvent: {}
[12.242744] (-) TimerEvent: {}
[12.343033] (-) TimerEvent: {}
[12.443420] (-) TimerEvent: {}
[12.543711] (-) TimerEvent: {}
[12.643996] (-) TimerEvent: {}
[12.744276] (-) TimerEvent: {}
[12.844561] (-) TimerEvent: {}
[12.944841] (-) TimerEvent: {}
[13.045127] (-) TimerEvent: {}
[13.145445] (-) TimerEvent: {}
[13.245758] (-) TimerEvent: {}
[13.346381] (-) TimerEvent: {}
[13.446673] (-) TimerEvent: {}
[13.546958] (-) TimerEvent: {}
[13.647265] (-) TimerEvent: {}
[13.747554] (-) TimerEvent: {}
[13.847950] (-) TimerEvent: {}
[13.948236] (-) TimerEvent: {}
[14.048524] (-) TimerEvent: {}
[14.148824] (-) TimerEvent: {}
[14.249123] (-) TimerEvent: {}
[14.349436] (-) TimerEvent: {}
[14.449727] (-) TimerEvent: {}
[14.550021] (-) TimerEvent: {}
[14.650321] (-) TimerEvent: {}
[14.750609] (-) TimerEvent: {}
[14.850896] (-) TimerEvent: {}
[14.951211] (-) TimerEvent: {}
[15.051504] (-) TimerEvent: {}
[15.151788] (-) TimerEvent: {}
[15.252323] (-) TimerEvent: {}
[15.352692] (-) TimerEvent: {}
[15.452987] (-) TimerEvent: {}
[15.553326] (-) TimerEvent: {}
[15.653624] (-) TimerEvent: {}
[15.754053] (-) TimerEvent: {}
[15.854340] (-) TimerEvent: {}
[15.954636] (-) TimerEvent: {}
[16.054930] (-) TimerEvent: {}
[16.155243] (-) TimerEvent: {}
[16.255551] (-) TimerEvent: {}
[16.356285] (-) TimerEvent: {}
[16.456657] (-) TimerEvent: {}
[16.556949] (-) TimerEvent: {}
[16.657641] (-) TimerEvent: {}
[16.757945] (-) TimerEvent: {}
[16.858262] (-) TimerEvent: {}
[16.958550] (-) TimerEvent: {}
[17.058839] (-) TimerEvent: {}
[17.159215] (-) TimerEvent: {}
[17.259510] (-) TimerEvent: {}
[17.360187] (-) TimerEvent: {}
[17.460479] (-) TimerEvent: {}
[17.560770] (-) TimerEvent: {}
[17.661057] (-) TimerEvent: {}
[17.763072] (-) TimerEvent: {}
[17.863352] (-) TimerEvent: {}
[17.963636] (-) TimerEvent: {}
[18.063930] (-) TimerEvent: {}
[18.164215] (-) TimerEvent: {}
[18.264507] (-) TimerEvent: {}
[18.364935] (-) TimerEvent: {}
[18.465225] (-) TimerEvent: {}
[18.565512] (-) TimerEvent: {}
[18.666008] (-) TimerEvent: {}
[18.766317] (-) TimerEvent: {}
[18.866614] (-) TimerEvent: {}
[18.966922] (-) TimerEvent: {}
[19.067352] (-) TimerEvent: {}
[19.167674] (-) TimerEvent: {}
[19.267960] (-) TimerEvent: {}
[19.368236] (-) TimerEvent: {}
[19.468554] (-) TimerEvent: {}
[19.569099] (-) TimerEvent: {}
[19.669451] (-) TimerEvent: {}
[19.770432] (-) TimerEvent: {}
[19.870720] (-) TimerEvent: {}
[19.971583] (-) TimerEvent: {}
[20.071876] (-) TimerEvent: {}
[20.172302] (-) TimerEvent: {}
[20.272591] (-) TimerEvent: {}
[20.372893] (-) TimerEvent: {}
[20.473215] (-) TimerEvent: {}
[20.573843] (-) TimerEvent: {}
[20.674131] (-) TimerEvent: {}
[20.774426] (-) TimerEvent: {}
[20.874717] (-) TimerEvent: {}
[20.975010] (-) TimerEvent: {}
[21.075324] (-) TimerEvent: {}
[21.175615] (-) TimerEvent: {}
[21.275906] (-) TimerEvent: {}
[21.376199] (-) TimerEvent: {}
[21.476491] (-) TimerEvent: {}
[21.576787] (-) TimerEvent: {}
[21.677078] (-) TimerEvent: {}
[21.777376] (-) TimerEvent: {}
[21.877833] (-) TimerEvent: {}
[21.978170] (-) TimerEvent: {}
[22.078458] (-) TimerEvent: {}
[22.178757] (-) TimerEvent: {}
[22.279042] (-) TimerEvent: {}
[22.379345] (-) TimerEvent: {}
[22.479909] (-) TimerEvent: {}
[22.580189] (-) TimerEvent: {}
[22.680481] (-) TimerEvent: {}
[22.781072] (-) TimerEvent: {}
[22.881580] (-) TimerEvent: {}
[22.981871] (-) TimerEvent: {}
[23.082252] (-) TimerEvent: {}
[23.182541] (-) TimerEvent: {}
[23.282848] (-) TimerEvent: {}
[23.383206] (-) TimerEvent: {}
[23.483492] (-) TimerEvent: {}
[23.583780] (-) TimerEvent: {}
[23.684079] (-) TimerEvent: {}
[23.784446] (-) TimerEvent: {}
[23.884731] (-) TimerEvent: {}
[23.985015] (-) TimerEvent: {}
[24.085320] (-) TimerEvent: {}
[24.185607] (-) TimerEvent: {}
[24.285888] (-) TimerEvent: {}
[24.386177] (-) TimerEvent: {}
[24.486466] (-) TimerEvent: {}
[24.587312] (-) TimerEvent: {}
[24.687599] (-) TimerEvent: {}
[24.788033] (-) TimerEvent: {}
[24.888330] (-) TimerEvent: {}
[24.988614] (-) TimerEvent: {}
[25.088902] (-) TimerEvent: {}
[25.189188] (-) TimerEvent: {}
[25.289622] (-) TimerEvent: {}
[25.389942] (-) TimerEvent: {}
[25.490222] (-) TimerEvent: {}
[25.590530] (-) TimerEvent: {}
[25.690834] (-) TimerEvent: {}
[25.791120] (-) TimerEvent: {}
[25.891426] (-) TimerEvent: {}
[25.991712] (-) TimerEvent: {}
[26.091998] (-) TimerEvent: {}
[26.192454] (-) TimerEvent: {}
[26.292739] (-) TimerEvent: {}
[26.393065] (-) TimerEvent: {}
[26.493352] (-) TimerEvent: {}
[26.593705] (-) TimerEvent: {}
[26.693989] (-) TimerEvent: {}
[26.794559] (-) TimerEvent: {}
[26.894852] (-) TimerEvent: {}
[26.995106] (-) TimerEvent: {}
[27.095419] (-) TimerEvent: {}
[27.195798] (-) TimerEvent: {}
[27.296090] (-) TimerEvent: {}
[27.396509] (-) TimerEvent: {}
[27.496793] (-) TimerEvent: {}
[27.597082] (-) TimerEvent: {}
[27.697371] (-) TimerEvent: {}
[27.797694] (-) TimerEvent: {}
[27.898241] (-) TimerEvent: {}
[27.998531] (-) TimerEvent: {}
[28.098837] (-) TimerEvent: {}
[28.199114] (-) TimerEvent: {}
[28.299409] (-) TimerEvent: {}
[28.399839] (-) TimerEvent: {}
[28.500165] (-) TimerEvent: {}
[28.600454] (-) TimerEvent: {}
[28.700732] (-) TimerEvent: {}
[28.801279] (-) TimerEvent: {}
[28.901606] (-) TimerEvent: {}
[29.002112] (-) TimerEvent: {}
[29.102476] (-) TimerEvent: {}
[29.202794] (-) TimerEvent: {}
[29.303090] (-) TimerEvent: {}
[29.403416] (-) TimerEvent: {}
[29.503904] (-) TimerEvent: {}
[29.604192] (-) TimerEvent: {}
[29.704490] (-) TimerEvent: {}
[29.804802] (-) TimerEvent: {}
[29.905118] (-) TimerEvent: {}
[30.005872] (-) TimerEvent: {}
[30.106169] (-) TimerEvent: {}
[30.206472] (-) TimerEvent: {}
[30.306754] (-) TimerEvent: {}
[30.407044] (-) TimerEvent: {}
[30.507351] (-) TimerEvent: {}
[30.607638] (-) TimerEvent: {}
[30.708082] (-) TimerEvent: {}
[30.808371] (-) TimerEvent: {}
[30.908680] (-) TimerEvent: {}
[31.008958] (-) TimerEvent: {}
[31.109238] (-) TimerEvent: {}
[31.209526] (-) TimerEvent: {}
[31.309810] (-) TimerEvent: {}
[31.410142] (-) TimerEvent: {}
[31.510428] (-) TimerEvent: {}
[31.610719] (-) TimerEvent: {}
[31.711009] (-) TimerEvent: {}
[31.811406] (-) TimerEvent: {}
[31.912814] (-) TimerEvent: {}
[32.013134] (-) TimerEvent: {}
[32.113450] (-) TimerEvent: {}
[32.213744] (-) TimerEvent: {}
[32.314039] (-) TimerEvent: {}
[32.416519] (-) TimerEvent: {}
[32.516814] (-) TimerEvent: {}
[32.617102] (-) TimerEvent: {}
[32.717589] (-) TimerEvent: {}
[32.817876] (-) TimerEvent: {}
[32.918165] (-) TimerEvent: {}
[33.018738] (-) TimerEvent: {}
[33.119364] (-) TimerEvent: {}
[33.219647] (-) TimerEvent: {}
[33.319927] (-) TimerEvent: {}
[33.420209] (-) TimerEvent: {}
[33.520667] (-) TimerEvent: {}
[33.621113] (-) TimerEvent: {}
[33.721403] (-) TimerEvent: {}
[33.821728] (-) TimerEvent: {}
[33.922272] (-) TimerEvent: {}
[34.022564] (-) TimerEvent: {}
[34.122964] (-) TimerEvent: {}
[34.223319] (-) TimerEvent: {}
[34.323627] (-) TimerEvent: {}
[34.424340] (-) TimerEvent: {}
[34.524792] (-) TimerEvent: {}
[34.625080] (-) TimerEvent: {}
