[0.016s] Invoking command in '/home/yupopoi/ROS-App/build/ros_app': CMAKE_PREFIX_PATH=${CMAKE_PREFIX_PATH}:/opt/ros/humble /usr/bin/cmake --build /home/yupopoi/ROS-App/build/ros_app -- -j2 -l2
[0.101s] -- Found ament_cmake: 1.3.9 (/opt/ros/humble/share/ament_cmake/cmake)
[0.442s] -- Found rclcpp: 16.0.9 (/opt/ros/humble/share/rclcpp/cmake)
[0.574s] -- Found rosidl_generator_c: 3.1.5 (/opt/ros/humble/share/rosidl_generator_c/cmake)
[0.591s] -- Found rosidl_adapter: 3.1.5 (/opt/ros/humble/share/rosidl_adapter/cmake)
[0.626s] -- Found rosidl_generator_cpp: 3.1.5 (/opt/ros/humble/share/rosidl_generator_cpp/cmake)
[0.687s] -- Using all available rosidl_typesupport_c: rosidl_typesupport_fastrtps_c;rosidl_typesupport_introspection_c
[0.758s] -- Using all available rosidl_typesupport_cpp: rosidl_typesupport_fastrtps_cpp;rosidl_typesupport_introspection_cpp
[0.950s] -- Found rmw_implementation_cmake: 6.1.2 (/opt/ros/humble/share/rmw_implementation_cmake/cmake)
[0.965s] -- Found rmw_fastrtps_cpp: 6.2.6 (/opt/ros/humble/share/rmw_fastrtps_cpp/cmake)
[1.187s] -- Using RMW implementation 'rmw_fastrtps_cpp' as default
[1.425s] CMake Error at CMakeLists.txt:20 (find_package):
[1.426s]   By not providing "FindQt6.cmake" in CMAKE_MODULE_PATH this project has
[1.426s]   asked CMake to find a package configuration file provided by "Qt6", but
[1.426s]   CMake did not find one.
[1.426s] 
[1.426s]   Could not find a package configuration file provided by "Qt6" with any of
[1.426s]   the following names:
[1.426s] 
[1.426s]     Qt6Config.cmake
[1.427s]     qt6-config.cmake
[1.427s] 
[1.427s]   Add the installation prefix of "Qt6" to CMAKE_PREFIX_PATH or set "Qt6_DIR"
[1.427s]   to a directory containing one of the above files.  If "Qt6" provides a
[1.427s]   separate development package or SDK, be sure it has been installed.
[1.427s] 
[1.427s] 
[1.427s] -- Configuring incomplete, errors occurred!
[1.427s] See also "/home/yupopoi/ROS-App/build/ros_app/CMakeFiles/CMakeOutput.log".
[1.436s] gmake: *** [Makefile:226: cmake_check_build_system] Error 1
[1.436s] Invoked command in '/home/yupopoi/ROS-App/build/ros_app' returned '2': CMAKE_PREFIX_PATH=${CMAKE_PREFIX_PATH}:/opt/ros/humble /usr/bin/cmake --build /home/yupopoi/ROS-App/build/ros_app -- -j2 -l2
