[0.000000] (-) TimerEvent: {}
[0.002190] (ros_app) JobQueued: {'identifier': 'ros_app', 'dependencies': OrderedDict()}
[0.002252] (ros_app) JobStarted: {'identifier': 'ros_app'}
[0.015777] (ros_app) JobProgress: {'identifier': 'ros_app', 'progress': 'cmake'}
[0.016665] (ros_app) JobProgress: {'identifier': 'ros_app', 'progress': 'build'}
[0.016758] (ros_app) Command: {'cmd': ['/usr/bin/cmake', '--build', '/home/yupopoi/ROS-App/build/ros_app', '--', '-j2', '-l2'], 'cwd': '/home/yupopoi/ROS-App/build/ros_app', 'env': OrderedDict([('GJS_DEBUG_TOPICS', 'JS ERROR;JS LOG'), ('USER', 'yupopoi'), ('XDG_SESSION_TYPE', 'wayland'), ('LD_LIBRARY_PATH', '/opt/ros/humble/opt/rviz_ogre_vendor/lib:/opt/ros/humble/lib/x86_64-linux-gnu:/opt/ros/humble/lib'), ('SHLVL', '48'), ('HOME', '/home/yupopoi'), ('DESKTOP_SESSION', 'ubuntu'), ('GIO_LAUNCHED_DESKTOP_FILE', '/home/yupopoi/.local/share/applications/org.qt-project.qtcreator.desktop'), ('GNOME_SHELL_SESSION_MODE', 'ubuntu'), ('GTK_MODULES', 'gail:atk-bridge'), ('ROS_PYTHON_VERSION', '3'), ('MANAGERPID', '894'), ('DBUS_SESSION_BUS_ADDRESS', 'unix:path'), ('SYSTEMD_EXEC_PID', '1235'), ('GIO_LAUNCHED_DESKTOP_FILE_PID', '17749'), ('COLCON_PREFIX_PATH', '/home/yupopoi/ROS-App/install'), ('IM_CONFIG_PHASE', '1'), ('ROS_DISTRO', 'humble'), ('WAYLAND_DISPLAY', 'wayland-0'), ('LOGNAME', 'yupopoi'), ('JOURNAL_STREAM', '8:29359'), ('_', '/usr/bin/env'), ('ROS_VERSION', '2'), ('XDG_SESSION_CLASS', 'user'), ('QSG_RHI_BACKEND', 'opengl'), ('TERM', 'xterm'), ('USERNAME', 'yupopoi'), ('GNOME_DESKTOP_SESSION_ID', 'this-is-deprecated'), ('ROS_LOCALHOST_ONLY', '0'), ('PATH', '/opt/ros/humble/bin:/usr/local/sbin:/usr/local/bin:/usr/sbin:/usr/bin:/sbin:/bin:/usr/games:/usr/local/games:/snap/bin:/snap/bin'), ('INVOCATION_ID', '02055485e42e450db101b3f30c82da1d'), ('SESSION_MANAGER', 'local/yupopoi-u2:@/tmp/.ICE-unix/1211,unix/yupopoi-u2:/tmp/.ICE-unix/1211'), ('GNOME_SETUP_DISPLAY', ':1'), ('XDG_MENU_PREFIX', 'gnome-'), ('XDG_RUNTIME_DIR', '/run/user/1000'), ('DISPLAY', ':0'), ('LANG', 'en_US.UTF-8'), ('XDG_CURRENT_DESKTOP', 'ubuntu:GNOME'), ('XAUTHORITY', '/run/user/1000/.mutter-Xwaylandauth.UK7NQ2'), ('XDG_SESSION_DESKTOP', 'ubuntu'), ('XMODIFIERS', '@im'), ('AMENT_PREFIX_PATH', '/home/yupopoi/ROS-App/install/ros_app:/opt/ros/humble'), ('SSH_AGENT_LAUNCHER', 'gnome-keyring'), ('SSH_AUTH_SOCK', '/run/user/1000/keyring/ssh'), ('SHELL', '/bin/bash'), ('GDMSESSION', 'ubuntu'), ('QT_ACCESSIBILITY', '1'), ('GJS_DEBUG_OUTPUT', 'stderr'), ('QT_IM_MODULE', 'ibus'), ('LC_ALL', 'en_US.UTF-8'), ('PWD', '/home/yupopoi/ROS-App/build/ros_app'), ('QT_QPA_PLATFORM', 'xcb'), ('XDG_CONFIG_DIRS', '/etc/xdg/xdg-ubuntu:/etc/xdg'), ('XDG_DATA_DIRS', '/usr/share/ubuntu:/usr/local/share/:/usr/share/:/var/lib/snapd/desktop'), ('PYTHONPATH', '/opt/ros/humble/lib/python3.10/site-packages:/opt/ros/humble/local/lib/python3.10/dist-packages'), ('COLCON', '1'), ('CMAKE_PREFIX_PATH', '/home/yupopoi/ROS-App/install/ros_app:/home/yupopoi/Qt/6.7.2/gcc_64/lib/cmake:/opt/ros/humble'), ('GTK_THEME', ':light')]), 'shell': False}
[0.092960] (ros_app) StdoutLine: {'line': b'[ 25%] Automatic MOC and UIC for target MainWindow\n'}
[0.100033] (-) TimerEvent: {}
[0.125974] (ros_app) StdoutLine: {'line': b'[ 25%] Built target MainWindow_autogen\n'}
[0.155902] (ros_app) StdoutLine: {'line': b'[ 50%] Building CXX object CMakeFiles/MainWindow.dir/src/source/UnityConnector.cpp.o\n'}
[0.156106] (ros_app) StdoutLine: {'line': b'[ 75%] Building CXX object CMakeFiles/MainWindow.dir/MainWindow_autogen/mocs_compilation.cpp.o\n'}
[0.200152] (-) TimerEvent: {}
[0.300436] (-) TimerEvent: {}
[0.400731] (-) TimerEvent: {}
[0.451970] (ros_app) StderrLine: {'line': b'In file included from /home/yupopoi/ROS-App/src/ros_app/src/source/UnityConnector.cpp:1:\n'}
[0.452247] (ros_app) StderrLine: {'line': b'/home/yupopoi/ROS-App/src/ros_app/src/header/UnityConnector.h:5:10: fatal error: QTcpServer: No such file or directory\n'}
[0.452335] (ros_app) StderrLine: {'line': b'    5 | #include <QTcpServer>\n'}
[0.452417] (ros_app) StderrLine: {'line': b'      |          ^~~~~~~~~~~~\n'}
[0.452503] (ros_app) StderrLine: {'line': b'compilation terminated.\n'}
[0.455304] (ros_app) StderrLine: {'line': b'gmake[2]: *** [CMakeFiles/MainWindow.dir/build.make:90: CMakeFiles/MainWindow.dir/src/source/UnityConnector.cpp.o] Error 1\n'}
[0.455419] (ros_app) StderrLine: {'line': b'gmake[2]: *** Waiting for unfinished jobs....\n'}
[0.459898] (ros_app) StderrLine: {'line': b'In file included from /home/yupopoi/ROS-App/build/ros_app/MainWindow_autogen/WBNAARIPX6/moc_UnityConnector.cpp:9,\n'}
[0.460008] (ros_app) StderrLine: {'line': b'                 from /home/yupopoi/ROS-App/build/ros_app/MainWindow_autogen/mocs_compilation.cpp:2:\n'}
[0.460090] (ros_app) StderrLine: {'line': b'/home/yupopoi/ROS-App/build/ros_app/MainWindow_autogen/WBNAARIPX6/../../../../src/ros_app/src/header/UnityConnector.h:5:10: fatal error: QTcpServer: No such file or directory\n'}
[0.460169] (ros_app) StderrLine: {'line': b'    5 | #include <QTcpServer>\n'}
[0.460245] (ros_app) StderrLine: {'line': b'      |          ^~~~~~~~~~~~\n'}
[0.460321] (ros_app) StderrLine: {'line': b'compilation terminated.\n'}
[0.462126] (ros_app) StderrLine: {'line': b'gmake[2]: *** [CMakeFiles/MainWindow.dir/build.make:76: CMakeFiles/MainWindow.dir/MainWindow_autogen/mocs_compilation.cpp.o] Error 1\n'}
[0.462231] (ros_app) StderrLine: {'line': b'gmake[1]: *** [CMakeFiles/Makefile2:138: CMakeFiles/MainWindow.dir/all] Error 2\n'}
[0.464426] (ros_app) StderrLine: {'line': b'gmake: *** [Makefile:146: all] Error 2\n'}
[0.464560] (ros_app) CommandEnded: {'returncode': 2}
[0.501320] (-) TimerEvent: {}
[0.532491] (ros_app) JobEnded: {'identifier': 'ros_app', 'rc': 2}
[0.544805] (-) EventReactorShutdown: {}
