[0.000000] (-) TimerEvent: {}
[0.000131] (ros_app) JobQueued: {'identifier': 'ros_app', 'dependencies': OrderedDict()}
[0.000162] (ros_app) JobStarted: {'identifier': 'ros_app'}
[0.008617] (ros_app) JobProgress: {'identifier': 'ros_app', 'progress': 'cmake'}
[0.010246] (ros_app) JobProgress: {'identifier': 'ros_app', 'progress': 'build'}
[0.010281] (ros_app) Command: {'cmd': ['/usr/bin/cmake', '--build', '/home/yupopoi/ROS-App/build/ros_app', '--', '-j2', '-l2'], 'cwd': '/home/yupopoi/ROS-App/build/ros_app', 'env': OrderedDict([('GJS_DEBUG_TOPICS', 'JS ERROR;JS LOG'), ('USER', 'yupopoi'), ('XDG_SESSION_TYPE', 'wayland'), ('LD_LIBRARY_PATH', '/opt/ros/humble/opt/rviz_ogre_vendor/lib:/opt/ros/humble/lib/x86_64-linux-gnu:/opt/ros/humble/lib'), ('SHLVL', '186'), ('HOME', '/home/yupopoi'), ('DESKTOP_SESSION', 'ubuntu'), ('QTDIR', '/home/yupopoi/Qt/6.7.2/gcc_64'), ('GIO_LAUNCHED_DESKTOP_FILE', '/home/yupopoi/.local/share/applications/org.qt-project.qtcreator.desktop'), ('GNOME_SHELL_SESSION_MODE', 'ubuntu'), ('GTK_MODULES', 'gail:atk-bridge'), ('ROS_PYTHON_VERSION', '3'), ('MANAGERPID', '1002'), ('DBUS_SESSION_BUS_ADDRESS', 'unix:path'), ('SYSTEMD_EXEC_PID', '1194'), ('GIO_LAUNCHED_DESKTOP_FILE_PID', '17098'), ('COLCON_PREFIX_PATH', '/home/yupopoi/ROS-App/install'), ('IM_CONFIG_PHASE', '1'), ('ROS_DISTRO', 'humble'), ('WAYLAND_DISPLAY', 'wayland-0'), ('LOGNAME', 'yupopoi'), ('JOURNAL_STREAM', '8:32944'), ('_', '/usr/bin/env'), ('ROS_VERSION', '2'), ('XDG_SESSION_CLASS', 'user'), ('QSG_RHI_BACKEND', 'opengl'), ('TERM', 'xterm'), ('USERNAME', 'yupopoi'), ('GNOME_DESKTOP_SESSION_ID', 'this-is-deprecated'), ('ROS_LOCALHOST_ONLY', '0'), ('PATH', '/opt/ros/humble/bin:/usr/local/sbin:/usr/local/bin:/usr/sbin:/usr/bin:/sbin:/bin:/usr/games:/usr/local/games:/snap/bin:/snap/bin'), ('INVOCATION_ID', 'c789fe05f65749fd90d72feeaf56253e'), ('SESSION_MANAGER', 'local/yupopoi-u2:@/tmp/.ICE-unix/1171,unix/yupopoi-u2:/tmp/.ICE-unix/1171'), ('GNOME_SETUP_DISPLAY', ':1'), ('XDG_MENU_PREFIX', 'gnome-'), ('XDG_RUNTIME_DIR', '/run/user/1000'), ('DISPLAY', ':0'), ('LANG', 'en_US.UTF-8'), ('XDG_CURRENT_DESKTOP', 'ubuntu:GNOME'), ('XAUTHORITY', '/run/user/1000/.mutter-Xwaylandauth.2HUPQ2'), ('XDG_SESSION_DESKTOP', 'ubuntu'), ('XMODIFIERS', '@im'), ('AMENT_PREFIX_PATH', '/home/yupopoi/ROS-App/install/ros_app:/opt/ros/humble'), ('SSH_AGENT_LAUNCHER', 'gnome-keyring'), ('SSH_AUTH_SOCK', '/run/user/1000/keyring/ssh'), ('SHELL', '/bin/bash'), ('GDMSESSION', 'ubuntu'), ('QT_ACCESSIBILITY', '1'), ('GJS_DEBUG_OUTPUT', 'stderr'), ('QT_IM_MODULE', 'ibus'), ('LC_ALL', 'en_US.UTF-8'), ('PWD', '/home/yupopoi/ROS-App/build/ros_app'), ('QT_QPA_PLATFORM', 'xcb'), ('XDG_CONFIG_DIRS', '/etc/xdg/xdg-ubuntu:/etc/xdg'), ('XDG_DATA_DIRS', '/usr/share/ubuntu:/usr/local/share/:/usr/share/:/var/lib/snapd/desktop'), ('PYTHONPATH', '/opt/ros/humble/lib/python3.10/site-packages:/opt/ros/humble/local/lib/python3.10/dist-packages'), ('COLCON', '1'), ('CMAKE_PREFIX_PATH', '/home/yupopoi/ROS-App/install/ros_app:/home/yupopoi/Qt/6.7.2/gcc_64/lib/cmake:/opt/ros/humble'), ('GTK_THEME', ':light')]), 'shell': False}
[0.055880] (ros_app) StdoutLine: {'line': b'-- Found ament_cmake: 1.3.9 (/opt/ros/humble/share/ament_cmake/cmake)\n'}
[0.094294] (-) TimerEvent: {}
[0.188416] (ros_app) StdoutLine: {'line': b'-- Found rclcpp: 16.0.9 (/opt/ros/humble/share/rclcpp/cmake)\n'}
[0.195122] (-) TimerEvent: {}
[0.218816] (ros_app) StdoutLine: {'line': b'-- Found rosidl_generator_c: 3.1.5 (/opt/ros/humble/share/rosidl_generator_c/cmake)\n'}
[0.221857] (ros_app) StdoutLine: {'line': b'-- Found rosidl_adapter: 3.1.5 (/opt/ros/humble/share/rosidl_adapter/cmake)\n'}
[0.229802] (ros_app) StdoutLine: {'line': b'-- Found rosidl_generator_cpp: 3.1.5 (/opt/ros/humble/share/rosidl_generator_cpp/cmake)\n'}
[0.241794] (ros_app) StdoutLine: {'line': b'-- Using all available rosidl_typesupport_c: rosidl_typesupport_fastrtps_c;rosidl_typesupport_introspection_c\n'}
[0.258645] (ros_app) StdoutLine: {'line': b'-- Using all available rosidl_typesupport_cpp: rosidl_typesupport_fastrtps_cpp;rosidl_typesupport_introspection_cpp\n'}
[0.297299] (-) TimerEvent: {}
[0.323194] (ros_app) StdoutLine: {'line': b'-- Found rmw_implementation_cmake: 6.1.2 (/opt/ros/humble/share/rmw_implementation_cmake/cmake)\n'}
[0.326135] (ros_app) StdoutLine: {'line': b'-- Found rmw_fastrtps_cpp: 6.2.6 (/opt/ros/humble/share/rmw_fastrtps_cpp/cmake)\n'}
[0.401525] (-) TimerEvent: {}
[0.447677] (ros_app) StdoutLine: {'line': b"-- Using RMW implementation 'rmw_fastrtps_cpp' as default\n"}
[0.501615] (-) TimerEvent: {}
[0.601842] (-) TimerEvent: {}
[0.611314] (ros_app) StdoutLine: {'line': b'-- Found sensor_msgs: 4.2.4 (/opt/ros/humble/share/sensor_msgs/cmake)\n'}
[0.701947] (-) TimerEvent: {}
[0.741609] (ros_app) StdoutLine: {'line': b'-- Found moveit_msgs: 2.2.1 (/opt/ros/humble/share/moveit_msgs/cmake)\n'}
[0.802049] (-) TimerEvent: {}
[0.902311] (-) TimerEvent: {}
[1.002576] (-) TimerEvent: {}
[1.102820] (-) TimerEvent: {}
[1.203048] (-) TimerEvent: {}
[1.303293] (-) TimerEvent: {}
[1.403574] (-) TimerEvent: {}
[1.503858] (-) TimerEvent: {}
[1.512524] (ros_app) StdoutLine: {'line': b'-- Found ament_lint_auto: 0.12.11 (/opt/ros/humble/share/ament_lint_auto/cmake)\n'}
[1.587426] (ros_app) StdoutLine: {'line': b"-- Added test 'cppcheck' to perform static code analysis on C / C++ code\n"}
[1.587604] (ros_app) StdoutLine: {'line': b'-- Configured cppcheck include dirs: /home/yupopoi/ROS-App/src/ros_app/src/header;/home/yupopoi/ROS-App/src/ros_app/src/source;/home/yupopoi/ROS-App/src/ros_app/src/ui\n'}
[1.587695] (ros_app) StdoutLine: {'line': b'-- Configured cppcheck exclude dirs and/or files: \n'}
[1.587778] (ros_app) StdoutLine: {'line': b"-- Added test 'lint_cmake' to check CMake code style\n"}
[1.587885] (ros_app) StdoutLine: {'line': b"-- Added test 'uncrustify' to check C / C++ code style\n"}
[1.587966] (ros_app) StdoutLine: {'line': b'-- Configured uncrustify additional arguments: \n'}
[1.588044] (ros_app) StdoutLine: {'line': b"-- Added test 'xmllint' to check XML markup files\n"}
[1.589560] (ros_app) StdoutLine: {'line': b'-- Configuring done\n'}
[1.604791] (-) TimerEvent: {}
[1.638990] (ros_app) StdoutLine: {'line': b'-- Generating done\n'}
[1.642528] (ros_app) StdoutLine: {'line': b'-- Build files have been written to: /home/yupopoi/ROS-App/build/ros_app\n'}
[1.697546] (ros_app) StdoutLine: {'line': b'[ 11%] Automatic MOC and UIC for target MainWindow\n'}
[1.708131] (-) TimerEvent: {}
[1.808364] (-) TimerEvent: {}
[1.908650] (-) TimerEvent: {}
[2.008952] (-) TimerEvent: {}
[2.109230] (-) TimerEvent: {}
[2.209589] (-) TimerEvent: {}
[2.309895] (-) TimerEvent: {}
[2.410296] (-) TimerEvent: {}
[2.510601] (-) TimerEvent: {}
[2.610905] (-) TimerEvent: {}
[2.711244] (-) TimerEvent: {}
[2.811552] (-) TimerEvent: {}
[2.911906] (-) TimerEvent: {}
[2.962653] (ros_app) StdoutLine: {'line': b'[ 11%] Built target MainWindow_autogen\n'}
[3.008994] (ros_app) StdoutLine: {'line': b'Consolidate compiler generated dependencies of target MainWindow\n'}
[3.012043] (-) TimerEvent: {}
[3.032647] (ros_app) StdoutLine: {'line': b'[ 22%] Building CXX object CMakeFiles/MainWindow.dir/MainWindow_autogen/mocs_compilation.cpp.o\n'}
[3.035322] (ros_app) StdoutLine: {'line': b'[ 33%] Building CXX object CMakeFiles/MainWindow.dir/src/source/SerializedTrajectoryMaker.cpp.o\n'}
[3.112150] (-) TimerEvent: {}
[3.212423] (-) TimerEvent: {}
[3.312700] (-) TimerEvent: {}
[3.413927] (-) TimerEvent: {}
[3.514211] (-) TimerEvent: {}
[3.586867] (ros_app) StderrLine: {'line': b'In file included from /home/yupopoi/ROS-App/src/ros_app/src/source/SerializedTrajectoryMaker.cpp:1:\n'}
[3.587065] (ros_app) StderrLine: {'line': b'/home/yupopoi/ROS-App/src/ros_app/src/header/SerializedTrajectoryMaker.h:8:10: fatal error: moveit_msgs/msg/robot_trajectory.hpp: No such file or directory\n'}
[3.587156] (ros_app) StderrLine: {'line': b'    8 | #include <moveit_msgs/msg/robot_trajectory.hpp>\n'}
[3.587239] (ros_app) StderrLine: {'line': b'      |          ^~~~~~~~~~~~~~~~~~~~~~~~~~~~~~~~~~~~~~\n'}
[3.587318] (ros_app) StderrLine: {'line': b'compilation terminated.\n'}
[3.592017] (ros_app) StderrLine: {'line': b'gmake[2]: *** [CMakeFiles/MainWindow.dir/build.make:151: CMakeFiles/MainWindow.dir/src/source/SerializedTrajectoryMaker.cpp.o] Error 1\n'}
[3.592152] (ros_app) StderrLine: {'line': b'gmake[2]: *** Waiting for unfinished jobs....\n'}
[3.614299] (-) TimerEvent: {}
[3.714557] (-) TimerEvent: {}
[3.815809] (-) TimerEvent: {}
[3.919508] (-) TimerEvent: {}
[4.020412] (-) TimerEvent: {}
[4.122519] (-) TimerEvent: {}
[4.223877] (-) TimerEvent: {}
[4.324166] (-) TimerEvent: {}
[4.424452] (-) TimerEvent: {}
[4.524806] (-) TimerEvent: {}
[4.625091] (-) TimerEvent: {}
[4.725372] (-) TimerEvent: {}
[4.825658] (-) TimerEvent: {}
[4.925942] (-) TimerEvent: {}
[5.026231] (-) TimerEvent: {}
[5.126515] (-) TimerEvent: {}
[5.226802] (-) TimerEvent: {}
[5.327127] (-) TimerEvent: {}
[5.427428] (-) TimerEvent: {}
[5.527714] (-) TimerEvent: {}
[5.628028] (-) TimerEvent: {}
[5.728318] (-) TimerEvent: {}
[5.828600] (-) TimerEvent: {}
[5.928924] (-) TimerEvent: {}
[6.029205] (-) TimerEvent: {}
[6.129657] (-) TimerEvent: {}
[6.229945] (-) TimerEvent: {}
[6.330234] (-) TimerEvent: {}
[6.430516] (-) TimerEvent: {}
[6.530798] (-) TimerEvent: {}
[6.631089] (-) TimerEvent: {}
[6.731376] (-) TimerEvent: {}
[6.831716] (-) TimerEvent: {}
[6.932023] (-) TimerEvent: {}
[7.032320] (-) TimerEvent: {}
[7.132611] (-) TimerEvent: {}
[7.232900] (-) TimerEvent: {}
[7.333186] (-) TimerEvent: {}
[7.433471] (-) TimerEvent: {}
[7.533755] (-) TimerEvent: {}
[7.635086] (-) TimerEvent: {}
[7.735514] (-) TimerEvent: {}
[7.836888] (-) TimerEvent: {}
[7.938272] (-) TimerEvent: {}
[8.038986] (-) TimerEvent: {}
[8.139280] (-) TimerEvent: {}
[8.240407] (-) TimerEvent: {}
[8.299278] (ros_app) StderrLine: {'line': b'gmake[1]: *** [CMakeFiles/Makefile2:138: CMakeFiles/MainWindow.dir/all] Error 2\n'}
[8.300528] (ros_app) StderrLine: {'line': b'gmake: *** [Makefile:146: all] Error 2\n'}
[8.304731] (ros_app) CommandEnded: {'returncode': 2}
[8.340617] (-) TimerEvent: {}
[8.403476] (ros_app) JobEnded: {'identifier': 'ros_app', 'rc': 2}
[8.404265] (-) EventReactorShutdown: {}
