[0.000000] (-) TimerEvent: {}
[0.003094] (ros_app) JobQueued: {'identifier': 'ros_app', 'dependencies': OrderedDict()}
[0.003131] (ros_app) JobStarted: {'identifier': 'ros_app'}
[0.015544] (ros_app) JobProgress: {'identifier': 'ros_app', 'progress': 'cmake'}
[0.015611] (ros_app) JobProgress: {'identifier': 'ros_app', 'progress': 'build'}
[0.015637] (ros_app) Command: {'cmd': ['/usr/bin/cmake', '--build', '/home/yupopoi/ROS-App/build/ros_app', '--', '-j2', '-l2'], 'cwd': '/home/yupopoi/ROS-App/build/ros_app', 'env': OrderedDict([('GJS_DEBUG_TOPICS', 'JS ERROR;JS LOG'), ('USER', 'yupopoi'), ('XDG_SESSION_TYPE', 'wayland'), ('LD_LIBRARY_PATH', '/opt/ros/humble/opt/rviz_ogre_vendor/lib:/opt/ros/humble/lib/x86_64-linux-gnu:/opt/ros/humble/lib'), ('SHLVL', '64'), ('HOME', '/home/yupopoi'), ('DESKTOP_SESSION', 'ubuntu'), ('GIO_LAUNCHED_DESKTOP_FILE', '/home/yupopoi/.local/share/applications/org.qt-project.qtcreator.desktop'), ('GNOME_SHELL_SESSION_MODE', 'ubuntu'), ('GTK_MODULES', 'gail:atk-bridge'), ('ROS_PYTHON_VERSION', '3'), ('MANAGERPID', '1002'), ('DBUS_SESSION_BUS_ADDRESS', 'unix:path'), ('SYSTEMD_EXEC_PID', '1194'), ('GIO_LAUNCHED_DESKTOP_FILE_PID', '2103'), ('COLCON_PREFIX_PATH', '/home/yupopoi/ROS-App/install'), ('IM_CONFIG_PHASE', '1'), ('ROS_DISTRO', 'humble'), ('WAYLAND_DISPLAY', 'wayland-0'), ('LOGNAME', 'yupopoi'), ('JOURNAL_STREAM', '8:32944'), ('_', '/usr/bin/env'), ('ROS_VERSION', '2'), ('XDG_SESSION_CLASS', 'user'), ('QSG_RHI_BACKEND', 'opengl'), ('TERM', 'xterm'), ('USERNAME', 'yupopoi'), ('GNOME_DESKTOP_SESSION_ID', 'this-is-deprecated'), ('ROS_LOCALHOST_ONLY', '0'), ('PATH', '/opt/ros/humble/bin:/usr/local/sbin:/usr/local/bin:/usr/sbin:/usr/bin:/sbin:/bin:/usr/games:/usr/local/games:/snap/bin:/snap/bin'), ('INVOCATION_ID', 'c789fe05f65749fd90d72feeaf56253e'), ('SESSION_MANAGER', 'local/yupopoi-u2:@/tmp/.ICE-unix/1171,unix/yupopoi-u2:/tmp/.ICE-unix/1171'), ('GNOME_SETUP_DISPLAY', ':1'), ('XDG_MENU_PREFIX', 'gnome-'), ('XDG_RUNTIME_DIR', '/run/user/1000'), ('DISPLAY', ':0'), ('LANG', 'en_US.UTF-8'), ('XDG_CURRENT_DESKTOP', 'ubuntu:GNOME'), ('XAUTHORITY', '/run/user/1000/.mutter-Xwaylandauth.2HUPQ2'), ('XDG_SESSION_DESKTOP', 'ubuntu'), ('XMODIFIERS', '@im'), ('AMENT_PREFIX_PATH', '/home/yupopoi/ROS-App/install/ros_app:/opt/ros/humble'), ('SSH_AGENT_LAUNCHER', 'gnome-keyring'), ('SSH_AUTH_SOCK', '/run/user/1000/keyring/ssh'), ('SHELL', '/bin/bash'), ('GDMSESSION', 'ubuntu'), ('QT_ACCESSIBILITY', '1'), ('GJS_DEBUG_OUTPUT', 'stderr'), ('QT_IM_MODULE', 'ibus'), ('LC_ALL', 'en_US.UTF-8'), ('PWD', '/home/yupopoi/ROS-App/build/ros_app'), ('QT_QPA_PLATFORM', 'xcb'), ('XDG_CONFIG_DIRS', '/etc/xdg/xdg-ubuntu:/etc/xdg'), ('XDG_DATA_DIRS', '/usr/share/ubuntu:/usr/local/share/:/usr/share/:/var/lib/snapd/desktop'), ('PYTHONPATH', '/opt/ros/humble/lib/python3.10/site-packages:/opt/ros/humble/local/lib/python3.10/dist-packages'), ('COLCON', '1'), ('CMAKE_PREFIX_PATH', '/home/yupopoi/ROS-App/install/ros_app:/home/yupopoi/Qt/6.7.2/gcc_64/lib/cmake:/opt/ros/humble'), ('GTK_THEME', ':light')]), 'shell': False}
[0.053285] (ros_app) StdoutLine: {'line': b'-- Found ament_cmake: 1.3.9 (/opt/ros/humble/share/ament_cmake/cmake)\n'}
[0.100260] (-) TimerEvent: {}
[0.171939] (ros_app) StdoutLine: {'line': b'-- Found rclcpp: 16.0.9 (/opt/ros/humble/share/rclcpp/cmake)\n'}
[0.200344] (-) TimerEvent: {}
[0.204439] (ros_app) StdoutLine: {'line': b'-- Found rosidl_generator_c: 3.1.5 (/opt/ros/humble/share/rosidl_generator_c/cmake)\n'}
[0.204562] (ros_app) StdoutLine: {'line': b'-- Found rosidl_adapter: 3.1.5 (/opt/ros/humble/share/rosidl_adapter/cmake)\n'}
[0.207710] (ros_app) StdoutLine: {'line': b'-- Found rosidl_generator_cpp: 3.1.5 (/opt/ros/humble/share/rosidl_generator_cpp/cmake)\n'}
[0.219222] (ros_app) StdoutLine: {'line': b'-- Using all available rosidl_typesupport_c: rosidl_typesupport_fastrtps_c;rosidl_typesupport_introspection_c\n'}
[0.234054] (ros_app) StdoutLine: {'line': b'-- Using all available rosidl_typesupport_cpp: rosidl_typesupport_fastrtps_cpp;rosidl_typesupport_introspection_cpp\n'}
[0.292783] (ros_app) StdoutLine: {'line': b'-- Found rmw_implementation_cmake: 6.1.2 (/opt/ros/humble/share/rmw_implementation_cmake/cmake)\n'}
[0.295930] (ros_app) StdoutLine: {'line': b'-- Found rmw_fastrtps_cpp: 6.2.6 (/opt/ros/humble/share/rmw_fastrtps_cpp/cmake)\n'}
[0.300511] (-) TimerEvent: {}
[0.400839] (-) TimerEvent: {}
[0.411435] (ros_app) StdoutLine: {'line': b"-- Using RMW implementation 'rmw_fastrtps_cpp' as default\n"}
[0.501151] (-) TimerEvent: {}
[0.603586] (-) TimerEvent: {}
[0.638402] (ros_app) StdoutLine: {'line': b'-- Found ament_lint_auto: 0.12.11 (/opt/ros/humble/share/ament_lint_auto/cmake)\n'}
[0.705639] (-) TimerEvent: {}
[0.709419] (ros_app) StdoutLine: {'line': b"-- Added test 'cppcheck' to perform static code analysis on C / C++ code\n"}
[0.709568] (ros_app) StdoutLine: {'line': b'-- Configured cppcheck include dirs: /home/yupopoi/ROS-App/src/ros_app/src/header;/home/yupopoi/ROS-App/src/ros_app/src/source;/home/yupopoi/ROS-App/src/ros_app/src/ui\n'}
[0.709649] (ros_app) StdoutLine: {'line': b'-- Configured cppcheck exclude dirs and/or files: \n'}
[0.712423] (ros_app) StdoutLine: {'line': b"-- Added test 'lint_cmake' to check CMake code style\n"}
[0.712520] (ros_app) StdoutLine: {'line': b"-- Added test 'uncrustify' to check C / C++ code style\n"}
[0.712598] (ros_app) StdoutLine: {'line': b'-- Configured uncrustify additional arguments: \n'}
[0.712703] (ros_app) StdoutLine: {'line': b"-- Added test 'xmllint' to check XML markup files\n"}
[0.713510] (ros_app) StdoutLine: {'line': b'-- Configuring done\n'}
[0.754873] (ros_app) StdoutLine: {'line': b'-- Generating done\n'}
[0.759570] (ros_app) StdoutLine: {'line': b'-- Build files have been written to: /home/yupopoi/ROS-App/build/ros_app\n'}
[0.805473] (ros_app) StdoutLine: {'line': b'[ 20%] Automatic MOC and UIC for target MainWindow\n'}
[0.805635] (-) TimerEvent: {}
[0.832273] (ros_app) StdoutLine: {'line': b'[ 20%] Built target MainWindow_autogen\n'}
[0.846304] (ros_app) StdoutLine: {'line': b'Consolidate compiler generated dependencies of target MainWindow\n'}
[0.859144] (ros_app) StdoutLine: {'line': b'[ 40%] Building CXX object CMakeFiles/MainWindow.dir/MainWindow_autogen/mocs_compilation.cpp.o\n'}
[0.860622] (ros_app) StdoutLine: {'line': b'[ 60%] Building CXX object CMakeFiles/MainWindow.dir/src/source/UnityConnector.cpp.o\n'}
[0.905743] (-) TimerEvent: {}
[1.005998] (-) TimerEvent: {}
[1.106271] (-) TimerEvent: {}
[1.131883] (ros_app) StderrLine: {'line': b'In file included from /home/yupopoi/ROS-App/src/ros_app/src/source/UnityConnector.cpp:1:\n'}
[1.132276] (ros_app) StderrLine: {'line': b'/home/yupopoi/ROS-App/src/ros_app/src/header/UnityConnector.h:5:10: fatal error: QTcpServer: No such file or directory\n'}
[1.132370] (ros_app) StderrLine: {'line': b'    5 | #include <QTcpServer>\n'}
[1.132445] (ros_app) StderrLine: {'line': b'      |          ^~~~~~~~~~~~\n'}
[1.132517] (ros_app) StderrLine: {'line': b'In file included from /home/yupopoi/ROS-App/build/ros_app/MainWindow_autogen/WBNAARIPX6/moc_UnityConnector.cpp:9,\n'}
[1.132589] (ros_app) StderrLine: {'line': b'                 from /home/yupopoi/ROS-App/build/ros_app/MainWindow_autogen/mocs_compilation.cpp:2:\n'}
[1.132660] (ros_app) StderrLine: {'line': b'/home/yupopoi/ROS-App/build/ros_app/MainWindow_autogen/WBNAARIPX6/../../../../src/ros_app/src/header/UnityConnector.h:5:10: fatal error: QTcpServer: No such file or directory\n'}
[1.132864] (ros_app) StderrLine: {'line': b'    5 | #include <QTcpServer>\n'}
[1.132940] (ros_app) StderrLine: {'line': b'      |          ^~~~~~~~~~~~\n'}
[1.133011] (ros_app) StderrLine: {'line': b'compilation terminated.\n'}
[1.133081] (ros_app) StderrLine: {'line': b'compilation terminated.\n'}
[1.134583] (ros_app) StderrLine: {'line': b'gmake[2]: *** [CMakeFiles/MainWindow.dir/build.make:104: CMakeFiles/MainWindow.dir/src/source/UnityConnector.cpp.o] Error 1\n'}
[1.134676] (ros_app) StderrLine: {'line': b'gmake[2]: *** Waiting for unfinished jobs....\n'}
[1.135822] (ros_app) StderrLine: {'line': b'gmake[2]: *** [CMakeFiles/MainWindow.dir/build.make:76: CMakeFiles/MainWindow.dir/MainWindow_autogen/mocs_compilation.cpp.o] Error 1\n'}
[1.136713] (ros_app) StderrLine: {'line': b'gmake[1]: *** [CMakeFiles/Makefile2:138: CMakeFiles/MainWindow.dir/all] Error 2\n'}
[1.136809] (ros_app) StderrLine: {'line': b'gmake: *** [Makefile:146: all] Error 2\n'}
[1.140669] (ros_app) CommandEnded: {'returncode': 2}
[1.208307] (-) TimerEvent: {}
[1.211892] (ros_app) JobEnded: {'identifier': 'ros_app', 'rc': 2}
[1.224601] (-) EventReactorShutdown: {}
