[0.012s] Invoking command in '/home/yupopoi/ROS-App/build/ros_app': CMAKE_PREFIX_PATH=${CMAKE_PREFIX_PATH}:/opt/ros/humble /usr/bin/cmake --build /home/yupopoi/ROS-App/build/ros_app -- -j2 -l2
[0.053s] -- Found ament_cmake: 1.3.9 (/opt/ros/humble/share/ament_cmake/cmake)
[0.185s] -- Found rclcpp: 16.0.9 (/opt/ros/humble/share/rclcpp/cmake)
[0.215s] -- Found rosidl_generator_c: 3.1.5 (/opt/ros/humble/share/rosidl_generator_c/cmake)
[0.217s] -- Found rosidl_adapter: 3.1.5 (/opt/ros/humble/share/rosidl_adapter/cmake)
[0.224s] -- Found rosidl_generator_cpp: 3.1.5 (/opt/ros/humble/share/rosidl_generator_cpp/cmake)
[0.236s] -- Using all available rosidl_typesupport_c: rosidl_typesupport_fastrtps_c;rosidl_typesupport_introspection_c
[0.252s] -- Using all available rosidl_typesupport_cpp: rosidl_typesupport_fastrtps_cpp;rosidl_typesupport_introspection_cpp
[0.311s] -- Found rmw_implementation_cmake: 6.1.2 (/opt/ros/humble/share/rmw_implementation_cmake/cmake)
[0.313s] -- Found rmw_fastrtps_cpp: 6.2.6 (/opt/ros/humble/share/rmw_fastrtps_cpp/cmake)
[0.439s] -- Using RMW implementation 'rmw_fastrtps_cpp' as default
[0.604s] -- Found sensor_msgs: 4.2.4 (/opt/ros/humble/share/sensor_msgs/cmake)
[0.748s] CMake Error at CMakeLists.txt:17 (find_package):
[0.748s]   By not providing "Findmoveit_msgs.cmake" in CMAKE_MODULE_PATH this project
[0.748s]   has asked CMake to find a package configuration file provided by
[0.748s]   "moveit_msgs", but CMake did not find one.
[0.748s] 
[0.748s]   Could not find a package configuration file provided by "moveit_msgs" with
[0.748s]   any of the following names:
[0.749s] 
[0.749s]     moveit_msgsConfig.cmake
[0.749s]     moveit_msgs-config.cmake
[0.749s] 
[0.749s]   Add the installation prefix of "moveit_msgs" to CMAKE_PREFIX_PATH or set
[0.749s]   "moveit_msgs_DIR" to a directory containing one of the above files.  If
[0.749s]   "moveit_msgs" provides a separate development package or SDK, be sure it
[0.749s]   has been installed.
[0.749s] 
[0.749s] 
[0.750s] -- Configuring incomplete, errors occurred!
[0.750s] See also "/home/yupopoi/ROS-App/build/ros_app/CMakeFiles/CMakeOutput.log".
[0.757s] gmake: *** [Makefile:389: cmake_check_build_system] Error 1
[0.762s] Invoked command in '/home/yupopoi/ROS-App/build/ros_app' returned '2': CMAKE_PREFIX_PATH=${CMAKE_PREFIX_PATH}:/opt/ros/humble /usr/bin/cmake --build /home/yupopoi/ROS-App/build/ros_app -- -j2 -l2
