[0.000000] (-) TimerEvent: {}
[0.000594] (ros_app) JobQueued: {'identifier': 'ros_app', 'dependencies': OrderedDict()}
[0.008163] (ros_app) JobStarted: {'identifier': 'ros_app'}
[0.021301] (ros_app) JobProgress: {'identifier': 'ros_app', 'progress': 'cmake'}
[0.023396] (ros_app) JobProgress: {'identifier': 'ros_app', 'progress': 'build'}
[0.023461] (ros_app) Command: {'cmd': ['/usr/bin/cmake', '--build', '/home/yupopoi/ROS-App/build/ros_app', '--', '-j2', '-l2'], 'cwd': '/home/yupopoi/ROS-App/build/ros_app', 'env': OrderedDict([('GJS_DEBUG_TOPICS', 'JS ERROR;JS LOG'), ('USER', 'yupopoi'), ('XDG_SESSION_TYPE', 'wayland'), ('LD_LIBRARY_PATH', '/opt/ros/humble/opt/rviz_ogre_vendor/lib:/opt/ros/humble/lib/x86_64-linux-gnu:/opt/ros/humble/lib'), ('SHLVL', '142'), ('HOME', '/home/yupopoi'), ('DESKTOP_SESSION', 'ubuntu'), ('QTDIR', '/home/yupopoi/Qt/6.7.2/gcc_64'), ('GIO_LAUNCHED_DESKTOP_FILE', '/home/yupopoi/.local/share/applications/org.qt-project.qtcreator.desktop'), ('GNOME_SHELL_SESSION_MODE', 'ubuntu'), ('GTK_MODULES', 'gail:atk-bridge'), ('ROS_PYTHON_VERSION', '3'), ('MANAGERPID', '1002'), ('DBUS_SESSION_BUS_ADDRESS', 'unix:path'), ('SYSTEMD_EXEC_PID', '1194'), ('GIO_LAUNCHED_DESKTOP_FILE_PID', '12401'), ('COLCON_PREFIX_PATH', '/home/yupopoi/ROS-App/install'), ('IM_CONFIG_PHASE', '1'), ('ROS_DISTRO', 'humble'), ('WAYLAND_DISPLAY', 'wayland-0'), ('LOGNAME', 'yupopoi'), ('JOURNAL_STREAM', '8:32944'), ('_', '/usr/bin/env'), ('ROS_VERSION', '2'), ('XDG_SESSION_CLASS', 'user'), ('QSG_RHI_BACKEND', 'opengl'), ('TERM', 'xterm'), ('USERNAME', 'yupopoi'), ('GNOME_DESKTOP_SESSION_ID', 'this-is-deprecated'), ('ROS_LOCALHOST_ONLY', '0'), ('PATH', '/opt/ros/humble/bin:/usr/local/sbin:/usr/local/bin:/usr/sbin:/usr/bin:/sbin:/bin:/usr/games:/usr/local/games:/snap/bin:/snap/bin'), ('INVOCATION_ID', 'c789fe05f65749fd90d72feeaf56253e'), ('SESSION_MANAGER', 'local/yupopoi-u2:@/tmp/.ICE-unix/1171,unix/yupopoi-u2:/tmp/.ICE-unix/1171'), ('GNOME_SETUP_DISPLAY', ':1'), ('XDG_MENU_PREFIX', 'gnome-'), ('XDG_RUNTIME_DIR', '/run/user/1000'), ('DISPLAY', ':0'), ('LANG', 'en_US.UTF-8'), ('XDG_CURRENT_DESKTOP', 'ubuntu:GNOME'), ('XAUTHORITY', '/run/user/1000/.mutter-Xwaylandauth.2HUPQ2'), ('XDG_SESSION_DESKTOP', 'ubuntu'), ('XMODIFIERS', '@im'), ('AMENT_PREFIX_PATH', '/home/yupopoi/ROS-App/install/ros_app:/opt/ros/humble'), ('SSH_AGENT_LAUNCHER', 'gnome-keyring'), ('SSH_AUTH_SOCK', '/run/user/1000/keyring/ssh'), ('SHELL', '/bin/bash'), ('GDMSESSION', 'ubuntu'), ('QT_ACCESSIBILITY', '1'), ('GJS_DEBUG_OUTPUT', 'stderr'), ('QT_IM_MODULE', 'ibus'), ('LC_ALL', 'en_US.UTF-8'), ('PWD', '/home/yupopoi/ROS-App/build/ros_app'), ('QT_QPA_PLATFORM', 'xcb'), ('XDG_CONFIG_DIRS', '/etc/xdg/xdg-ubuntu:/etc/xdg'), ('XDG_DATA_DIRS', '/usr/share/ubuntu:/usr/local/share/:/usr/share/:/var/lib/snapd/desktop'), ('PYTHONPATH', '/opt/ros/humble/lib/python3.10/site-packages:/opt/ros/humble/local/lib/python3.10/dist-packages'), ('COLCON', '1'), ('CMAKE_PREFIX_PATH', '/home/yupopoi/ROS-App/install/ros_app:/home/yupopoi/Qt/6.7.2/gcc_64/lib/cmake:/opt/ros/humble'), ('GTK_THEME', ':light')]), 'shell': False}
[0.100100] (-) TimerEvent: {}
[0.103131] (ros_app) StdoutLine: {'line': b'[ 12%] Automatic MOC and UIC for target MainWindow\n'}
[0.200231] (-) TimerEvent: {}
[0.300578] (-) TimerEvent: {}
[0.400880] (-) TimerEvent: {}
[0.501181] (-) TimerEvent: {}
[0.601478] (-) TimerEvent: {}
[0.701770] (-) TimerEvent: {}
[0.803583] (-) TimerEvent: {}
[0.904521] (-) TimerEvent: {}
[1.006202] (-) TimerEvent: {}
[1.106726] (-) TimerEvent: {}
[1.211843] (-) TimerEvent: {}
[1.312250] (-) TimerEvent: {}
[1.412549] (-) TimerEvent: {}
[1.415257] (ros_app) StdoutLine: {'line': b'[ 12%] Built target MainWindow_autogen\n'}
[1.467712] (ros_app) StdoutLine: {'line': b'Consolidate compiler generated dependencies of target MainWindow\n'}
[1.492211] (ros_app) StdoutLine: {'line': b'[ 25%] Building CXX object CMakeFiles/MainWindow.dir/MainWindow_autogen/mocs_compilation.cpp.o\n'}
[1.493674] (ros_app) StdoutLine: {'line': b'[ 37%] Building CXX object CMakeFiles/MainWindow.dir/src/source/JointAngleChanger.cpp.o\n'}
[1.512640] (-) TimerEvent: {}
[1.612891] (-) TimerEvent: {}
[1.713176] (-) TimerEvent: {}
[1.813527] (-) TimerEvent: {}
[1.913859] (-) TimerEvent: {}
[2.014162] (-) TimerEvent: {}
[2.114516] (-) TimerEvent: {}
[2.214804] (-) TimerEvent: {}
[2.315094] (-) TimerEvent: {}
[2.415443] (-) TimerEvent: {}
[2.515734] (-) TimerEvent: {}
[2.616072] (-) TimerEvent: {}
[2.716368] (-) TimerEvent: {}
[2.817163] (-) TimerEvent: {}
[2.917642] (-) TimerEvent: {}
[3.018021] (-) TimerEvent: {}
[3.118317] (-) TimerEvent: {}
[3.218629] (-) TimerEvent: {}
[3.319107] (-) TimerEvent: {}
[3.419394] (-) TimerEvent: {}
[3.519684] (-) TimerEvent: {}
[3.619980] (-) TimerEvent: {}
[3.720269] (-) TimerEvent: {}
[3.820561] (-) TimerEvent: {}
[3.843150] (ros_app) StdoutLine: {'line': b'[ 50%] Building CXX object CMakeFiles/MainWindow.dir/src/source/mainwindow.cpp.o\n'}
[3.920674] (-) TimerEvent: {}
[4.020967] (-) TimerEvent: {}
[4.121262] (-) TimerEvent: {}
[4.221563] (-) TimerEvent: {}
[4.321869] (-) TimerEvent: {}
[4.422191] (-) TimerEvent: {}
[4.522772] (-) TimerEvent: {}
[4.623065] (-) TimerEvent: {}
[4.723362] (-) TimerEvent: {}
[4.823663] (-) TimerEvent: {}
[4.923963] (-) TimerEvent: {}
[5.025122] (-) TimerEvent: {}
[5.125507] (-) TimerEvent: {}
[5.225808] (-) TimerEvent: {}
[5.326106] (-) TimerEvent: {}
[5.426370] (-) TimerEvent: {}
[5.526666] (-) TimerEvent: {}
[5.626999] (-) TimerEvent: {}
[5.727281] (-) TimerEvent: {}
[5.827571] (-) TimerEvent: {}
[5.927869] (-) TimerEvent: {}
[6.028157] (-) TimerEvent: {}
[6.128446] (-) TimerEvent: {}
[6.228738] (-) TimerEvent: {}
[6.329091] (-) TimerEvent: {}
[6.429382] (-) TimerEvent: {}
[6.529670] (-) TimerEvent: {}
[6.629969] (-) TimerEvent: {}
[6.730647] (-) TimerEvent: {}
[6.830990] (-) TimerEvent: {}
[6.931276] (-) TimerEvent: {}
[7.031565] (-) TimerEvent: {}
[7.131879] (-) TimerEvent: {}
[7.232182] (-) TimerEvent: {}
