[0.810s] DEBUG:colcon:Command line arguments: ['/usr/bin/colcon', 'build', '--event-handlers', 'status+', 'console_start_end+', '--cmake-args', '-G', 'CodeBlocks - Unix Makefiles', '-DCMAKE_BUILD_TYPE=Debug']
[0.810s] DEBUG:colcon:Parsed command line arguments: Namespace(log_base=None, log_level=None, verb_name='build', build_base='build', install_base='install', merge_install=False, symlink_install=False, test_result_base=None, continue_on_error=False, executor='parallel', parallel_workers=2, event_handlers=['status+', 'console_start_end+'], ignore_user_meta=False, metas=['./colcon.meta'], base_paths=['.'], packages_ignore=None, packages_ignore_regex=None, paths=None, packages_up_to=None, packages_up_to_regex=None, packages_above=None, packages_above_and_dependencies=None, packages_above_depth=None, packages_select_by_dep=None, packages_skip_by_dep=None, packages_skip_up_to=None, packages_select_build_failed=False, packages_skip_build_finished=False, packages_select_test_failures=False, packages_skip_test_passed=False, packages_select=None, packages_skip=None, packages_select_regex=None, packages_skip_regex=None, packages_start=None, packages_end=None, allow_overriding=[], cmake_args=['-G', 'CodeBlocks - Unix Makefiles', '-DCMAKE_BUILD_TYPE=Debug'], cmake_target=None, cmake_target_skip_unavailable=False, cmake_clean_cache=False, cmake_clean_first=False, cmake_force_configure=False, ament_cmake_args=None, catkin_cmake_args=None, catkin_skip_building_tests=False, mixin_files=None, mixin=None, verb_parser=<colcon_mixin.mixin.mixin_argument.MixinArgumentDecorator object at 0x75c6e2449c90>, verb_extension=<colcon_core.verb.build.BuildVerb object at 0x75c6e2449510>, main=<bound method BuildVerb.main of <colcon_core.verb.build.BuildVerb object at 0x75c6e2449510>>, mixin_verb=('build',))
[1.425s] Level 1:colcon.colcon_core.package_discovery:discover_packages(colcon_meta) check parameters
[1.425s] Level 1:colcon.colcon_core.package_discovery:discover_packages(recursive) check parameters
[1.425s] Level 1:colcon.colcon_core.package_discovery:discover_packages(ignore) check parameters
[1.425s] Level 1:colcon.colcon_core.package_discovery:discover_packages(path) check parameters
[1.425s] Level 1:colcon.colcon_core.package_discovery:discover_packages(colcon_meta) discover
[1.425s] Level 1:colcon.colcon_core.package_discovery:discover_packages(recursive) discover
[1.425s] INFO:colcon.colcon_core.package_discovery:Crawling recursively for packages in '/home/yupopoi/ROS-App'
[1.425s] Level 1:colcon.colcon_core.package_identification:_identify(.) by extensions ['ignore', 'ignore_ament_install']
[1.425s] Level 1:colcon.colcon_core.package_identification:_identify(.) by extension 'ignore'
[1.425s] Level 1:colcon.colcon_core.package_identification:_identify(.) by extension 'ignore_ament_install'
[1.425s] Level 1:colcon.colcon_core.package_identification:_identify(.) by extensions ['colcon_pkg']
[1.425s] Level 1:colcon.colcon_core.package_identification:_identify(.) by extension 'colcon_pkg'
[1.425s] Level 1:colcon.colcon_core.package_identification:_identify(.) by extensions ['colcon_meta']
[1.425s] Level 1:colcon.colcon_core.package_identification:_identify(.) by extension 'colcon_meta'
[1.426s] Level 1:colcon.colcon_core.package_identification:_identify(.) by extensions ['ros']
[1.426s] Level 1:colcon.colcon_core.package_identification:_identify(.) by extension 'ros'
[1.459s] Level 1:colcon.colcon_core.package_identification:_identify(.) by extensions ['cmake', 'python']
[1.460s] Level 1:colcon.colcon_core.package_identification:_identify(.) by extension 'cmake'
[1.460s] Level 1:colcon.colcon_core.package_identification:_identify(.) by extension 'python'
[1.460s] Level 1:colcon.colcon_core.package_identification:_identify(.) by extensions ['python_setup_py']
[1.460s] Level 1:colcon.colcon_core.package_identification:_identify(.) by extension 'python_setup_py'
[1.460s] Level 1:colcon.colcon_core.package_identification:_identify(build) by extensions ['ignore', 'ignore_ament_install']
[1.460s] Level 1:colcon.colcon_core.package_identification:_identify(build) by extension 'ignore'
[1.460s] Level 1:colcon.colcon_core.package_identification:_identify(build) ignored
[1.460s] Level 1:colcon.colcon_core.package_identification:_identify(install) by extensions ['ignore', 'ignore_ament_install']
[1.460s] Level 1:colcon.colcon_core.package_identification:_identify(install) by extension 'ignore'
[1.460s] Level 1:colcon.colcon_core.package_identification:_identify(install) ignored
[1.461s] Level 1:colcon.colcon_core.package_identification:_identify(log) by extensions ['ignore', 'ignore_ament_install']
[1.461s] Level 1:colcon.colcon_core.package_identification:_identify(log) by extension 'ignore'
[1.461s] Level 1:colcon.colcon_core.package_identification:_identify(log) ignored
[1.461s] Level 1:colcon.colcon_core.package_identification:_identify(src) by extensions ['ignore', 'ignore_ament_install']
[1.461s] Level 1:colcon.colcon_core.package_identification:_identify(src) by extension 'ignore'
[1.461s] Level 1:colcon.colcon_core.package_identification:_identify(src) by extension 'ignore_ament_install'
[1.461s] Level 1:colcon.colcon_core.package_identification:_identify(src) by extensions ['colcon_pkg']
[1.461s] Level 1:colcon.colcon_core.package_identification:_identify(src) by extension 'colcon_pkg'
[1.461s] Level 1:colcon.colcon_core.package_identification:_identify(src) by extensions ['colcon_meta']
[1.461s] Level 1:colcon.colcon_core.package_identification:_identify(src) by extension 'colcon_meta'
[1.461s] Level 1:colcon.colcon_core.package_identification:_identify(src) by extensions ['ros']
[1.461s] Level 1:colcon.colcon_core.package_identification:_identify(src) by extension 'ros'
[1.461s] Level 1:colcon.colcon_core.package_identification:_identify(src) by extensions ['cmake', 'python']
[1.461s] Level 1:colcon.colcon_core.package_identification:_identify(src) by extension 'cmake'
[1.461s] Level 1:colcon.colcon_core.package_identification:_identify(src) by extension 'python'
[1.462s] Level 1:colcon.colcon_core.package_identification:_identify(src) by extensions ['python_setup_py']
[1.462s] Level 1:colcon.colcon_core.package_identification:_identify(src) by extension 'python_setup_py'
[1.462s] Level 1:colcon.colcon_core.package_identification:_identify(src/ros_app) by extensions ['ignore', 'ignore_ament_install']
[1.462s] Level 1:colcon.colcon_core.package_identification:_identify(src/ros_app) by extension 'ignore'
[1.462s] Level 1:colcon.colcon_core.package_identification:_identify(src/ros_app) by extension 'ignore_ament_install'
[1.462s] Level 1:colcon.colcon_core.package_identification:_identify(src/ros_app) by extensions ['colcon_pkg']
[1.462s] Level 1:colcon.colcon_core.package_identification:_identify(src/ros_app) by extension 'colcon_pkg'
[1.462s] Level 1:colcon.colcon_core.package_identification:_identify(src/ros_app) by extensions ['colcon_meta']
[1.462s] Level 1:colcon.colcon_core.package_identification:_identify(src/ros_app) by extension 'colcon_meta'
[1.462s] Level 1:colcon.colcon_core.package_identification:_identify(src/ros_app) by extensions ['ros']
[1.462s] Level 1:colcon.colcon_core.package_identification:_identify(src/ros_app) by extension 'ros'
[1.467s] DEBUG:colcon.colcon_core.package_identification:Package 'src/ros_app' with type 'ros.ament_cmake' and name 'ros_app'
[1.467s] Level 1:colcon.colcon_core.package_discovery:discover_packages(recursive) using defaults
[1.467s] Level 1:colcon.colcon_core.package_discovery:discover_packages(ignore) discover
[1.467s] Level 1:colcon.colcon_core.package_discovery:discover_packages(ignore) using defaults
[1.467s] Level 1:colcon.colcon_core.package_discovery:discover_packages(path) discover
[1.467s] Level 1:colcon.colcon_core.package_discovery:discover_packages(path) using defaults
[1.536s] Level 1:colcon.colcon_core.package_discovery:discover_packages(prefix_path) check parameters
[1.536s] Level 1:colcon.colcon_core.package_discovery:discover_packages(prefix_path) discover
[1.544s] DEBUG:colcon.colcon_installed_package_information.package_discovery:Found 1 installed packages in /home/yupopoi/ROS-App/install
[1.548s] DEBUG:colcon.colcon_installed_package_information.package_discovery:Found 352 installed packages in /opt/ros/humble
[1.560s] Level 1:colcon.colcon_core.package_discovery:discover_packages(prefix_path) using defaults
[1.640s] Level 5:colcon.colcon_core.verb:set package 'ros_app' build argument 'cmake_args' from command line to '['-G', 'CodeBlocks - Unix Makefiles', '-DCMAKE_BUILD_TYPE=Debug']'
[1.640s] Level 5:colcon.colcon_core.verb:set package 'ros_app' build argument 'cmake_target' from command line to 'None'
[1.640s] Level 5:colcon.colcon_core.verb:set package 'ros_app' build argument 'cmake_target_skip_unavailable' from command line to 'False'
[1.640s] Level 5:colcon.colcon_core.verb:set package 'ros_app' build argument 'cmake_clean_cache' from command line to 'False'
[1.640s] Level 5:colcon.colcon_core.verb:set package 'ros_app' build argument 'cmake_clean_first' from command line to 'False'
[1.640s] Level 5:colcon.colcon_core.verb:set package 'ros_app' build argument 'cmake_force_configure' from command line to 'False'
[1.640s] Level 5:colcon.colcon_core.verb:set package 'ros_app' build argument 'ament_cmake_args' from command line to 'None'
[1.640s] Level 5:colcon.colcon_core.verb:set package 'ros_app' build argument 'catkin_cmake_args' from command line to 'None'
[1.640s] Level 5:colcon.colcon_core.verb:set package 'ros_app' build argument 'catkin_skip_building_tests' from command line to 'False'
[1.640s] DEBUG:colcon.colcon_core.verb:Building package 'ros_app' with the following arguments: {'ament_cmake_args': None, 'build_base': '/home/yupopoi/ROS-App/build/ros_app', 'catkin_cmake_args': None, 'catkin_skip_building_tests': False, 'cmake_args': ['-G', 'CodeBlocks - Unix Makefiles', '-DCMAKE_BUILD_TYPE=Debug'], 'cmake_clean_cache': False, 'cmake_clean_first': False, 'cmake_force_configure': False, 'cmake_target': None, 'cmake_target_skip_unavailable': False, 'install_base': '/home/yupopoi/ROS-App/install/ros_app', 'merge_install': False, 'path': '/home/yupopoi/ROS-App/src/ros_app', 'symlink_install': False, 'test_result_base': None}
[1.640s] INFO:colcon.colcon_core.executor:Executing jobs using 'parallel' executor
[1.641s] DEBUG:colcon.colcon_parallel_executor.executor.parallel:run_until_complete
[1.641s] INFO:colcon.colcon_ros.task.ament_cmake.build:Building ROS package in '/home/yupopoi/ROS-App/src/ros_app' with build type 'ament_cmake'
[1.642s] INFO:colcon.colcon_cmake.task.cmake.build:Building CMake package in '/home/yupopoi/ROS-App/src/ros_app'
[1.668s] INFO:colcon.colcon_core.plugin_system:Skipping extension 'colcon_core.shell.bat': Not used on non-Windows systems
[1.669s] INFO:colcon.colcon_core.shell:Skip shell extension 'powershell' for command environment: Not usable outside of PowerShell
[1.669s] DEBUG:colcon.colcon_core.shell:Skip shell extension 'dsv' for command environment
[1.692s] DEBUG:colcon.colcon_core.event_handler.log_command:Invoking command in '/home/yupopoi/ROS-App/build/ros_app': CMAKE_PREFIX_PATH=${CMAKE_PREFIX_PATH}:/opt/ros/humble /usr/bin/cmake --build /home/yupopoi/ROS-App/build/ros_app -- -j2 -l2
[2.862s] DEBUG:colcon.colcon_core.event_handler.log_command:Invoked command in '/home/yupopoi/ROS-App/build/ros_app' returned '2': CMAKE_PREFIX_PATH=${CMAKE_PREFIX_PATH}:/opt/ros/humble /usr/bin/cmake --build /home/yupopoi/ROS-App/build/ros_app -- -j2 -l2
[2.950s] Level 1:colcon.colcon_core.environment:create_environment_scripts_only(ros_app)
[2.971s] Level 1:colcon.colcon_core.environment:checking '/home/yupopoi/ROS-App/install/ros_app' for CMake module files
[2.971s] Level 1:colcon.colcon_core.environment:checking '/home/yupopoi/ROS-App/install/ros_app' for CMake config files
[2.972s] Level 1:colcon.colcon_core.shell:create_environment_hook('ros_app', 'cmake_prefix_path')
[2.972s] INFO:colcon.colcon_core.shell:Creating environment hook '/home/yupopoi/ROS-App/install/ros_app/share/ros_app/hook/cmake_prefix_path.ps1'
[2.975s] INFO:colcon.colcon_core.shell:Creating environment descriptor '/home/yupopoi/ROS-App/install/ros_app/share/ros_app/hook/cmake_prefix_path.dsv'
[2.976s] INFO:colcon.colcon_core.shell:Creating environment hook '/home/yupopoi/ROS-App/install/ros_app/share/ros_app/hook/cmake_prefix_path.sh'
[2.978s] Level 1:colcon.colcon_core.environment:checking '/home/yupopoi/ROS-App/install/ros_app/bin'
[2.978s] Level 1:colcon.colcon_core.environment:checking '/home/yupopoi/ROS-App/install/ros_app/lib/pkgconfig/ros_app.pc'
[2.978s] Level 1:colcon.colcon_core.environment:checking '/home/yupopoi/ROS-App/install/ros_app/lib/python3.10/site-packages'
[2.978s] Level 1:colcon.colcon_core.environment:checking '/home/yupopoi/ROS-App/install/ros_app/bin'
[2.978s] INFO:colcon.colcon_core.shell:Creating package script '/home/yupopoi/ROS-App/install/ros_app/share/ros_app/package.ps1'
[2.979s] INFO:colcon.colcon_core.shell:Creating package descriptor '/home/yupopoi/ROS-App/install/ros_app/share/ros_app/package.dsv'
[2.981s] INFO:colcon.colcon_core.shell:Creating package script '/home/yupopoi/ROS-App/install/ros_app/share/ros_app/package.sh'
[2.984s] INFO:colcon.colcon_core.shell:Creating package script '/home/yupopoi/ROS-App/install/ros_app/share/ros_app/package.bash'
[2.986s] INFO:colcon.colcon_core.shell:Creating package script '/home/yupopoi/ROS-App/install/ros_app/share/ros_app/package.zsh'
[2.988s] Level 1:colcon.colcon_core.environment:create_file_with_runtime_dependencies(/home/yupopoi/ROS-App/install/ros_app/share/colcon-core/packages/ros_app)
[2.998s] DEBUG:colcon.colcon_parallel_executor.executor.parallel:closing loop
[2.998s] DEBUG:colcon.colcon_parallel_executor.executor.parallel:loop closed
[2.998s] DEBUG:colcon.colcon_parallel_executor.executor.parallel:run_until_complete finished with '2'
[2.998s] DEBUG:colcon.colcon_core.event_reactor:joining thread
[3.005s] INFO:colcon.colcon_core.plugin_system:Skipping extension 'colcon_notification.desktop_notification.terminal_notifier': Not used on non-Darwin systems
[3.005s] INFO:colcon.colcon_core.plugin_system:Skipping extension 'colcon_notification.desktop_notification.win32': Not used on non-Windows systems
[3.005s] INFO:colcon.colcon_notification.desktop_notification:Sending desktop notification using 'notify2'
[3.005s] DEBUG:colcon.colcon_notification.desktop_notification.notify2:Failed to initialize notify2: org.freedesktop.DBus.Error.BadAddress: '=' character not found or has no value following it
[3.005s] DEBUG:colcon.colcon_core.event_reactor:joined thread
[3.006s] INFO:colcon.colcon_core.shell:Creating prefix script '/home/yupopoi/ROS-App/install/local_setup.ps1'
[3.008s] INFO:colcon.colcon_core.shell:Creating prefix util module '/home/yupopoi/ROS-App/install/_local_setup_util_ps1.py'
[3.009s] INFO:colcon.colcon_core.shell:Creating prefix chain script '/home/yupopoi/ROS-App/install/setup.ps1'
[3.011s] INFO:colcon.colcon_core.shell:Creating prefix script '/home/yupopoi/ROS-App/install/local_setup.sh'
[3.012s] INFO:colcon.colcon_core.shell:Creating prefix util module '/home/yupopoi/ROS-App/install/_local_setup_util_sh.py'
[3.012s] INFO:colcon.colcon_core.shell:Creating prefix chain script '/home/yupopoi/ROS-App/install/setup.sh'
[3.014s] INFO:colcon.colcon_core.shell:Creating prefix script '/home/yupopoi/ROS-App/install/local_setup.bash'
[3.016s] INFO:colcon.colcon_core.shell:Creating prefix chain script '/home/yupopoi/ROS-App/install/setup.bash'
[3.017s] INFO:colcon.colcon_core.shell:Creating prefix script '/home/yupopoi/ROS-App/install/local_setup.zsh'
[3.018s] INFO:colcon.colcon_core.shell:Creating prefix chain script '/home/yupopoi/ROS-App/install/setup.zsh'
