[0.008s] Invoking command in '/home/yupopoi/ROS-App/build/ros_app': CMAKE_PREFIX_PATH=${CMAKE_PREFIX_PATH}:/opt/ros/humble /usr/bin/cmake --build /home/yupopoi/ROS-App/build/ros_app -- -j2 -l2
[0.079s] [ 20%] Automatic MOC and UIC for target MainWindow
[0.110s] [ 20%] Built target MainWindow_autogen
[0.148s] [ 40%] Building CXX object CMakeFiles/MainWindow.dir/src/source/main.cpp.o
[10.533s] [ 60%] Linking CXX executable MainWindow
[11.087s] [100%] Built target MainWindow
[11.110s] Invoked command in '/home/yupopoi/ROS-App/build/ros_app' returned '0': CMAKE_PREFIX_PATH=${CMAKE_PREFIX_PATH}:/opt/ros/humble /usr/bin/cmake --build /home/yupopoi/ROS-App/build/ros_app -- -j2 -l2
[11.289s] Invoking command in '/home/yupopoi/ROS-App/build/ros_app': CMAKE_PREFIX_PATH=${CMAKE_PREFIX_PATH}:/opt/ros/humble /usr/bin/cmake --install /home/yupopoi/ROS-App/build/ros_app
[11.303s] -- Install configuration: "Debug"
[11.303s] -- Up-to-date: /home/yupopoi/ROS-App/install/ros_app/share/ament_index/resource_index/package_run_dependencies/ros_app
[11.303s] -- Up-to-date: /home/yupopoi/ROS-App/install/ros_app/share/ament_index/resource_index/parent_prefix_path/ros_app
[11.303s] -- Up-to-date: /home/yupopoi/ROS-App/install/ros_app/share/ros_app/environment/ament_prefix_path.sh
[11.304s] -- Up-to-date: /home/yupopoi/ROS-App/install/ros_app/share/ros_app/environment/ament_prefix_path.dsv
[11.304s] -- Up-to-date: /home/yupopoi/ROS-App/install/ros_app/share/ros_app/environment/path.sh
[11.305s] -- Up-to-date: /home/yupopoi/ROS-App/install/ros_app/share/ros_app/environment/path.dsv
[11.305s] -- Up-to-date: /home/yupopoi/ROS-App/install/ros_app/share/ros_app/local_setup.bash
[11.305s] -- Up-to-date: /home/yupopoi/ROS-App/install/ros_app/share/ros_app/local_setup.sh
[11.306s] -- Up-to-date: /home/yupopoi/ROS-App/install/ros_app/share/ros_app/local_setup.zsh
[11.306s] -- Up-to-date: /home/yupopoi/ROS-App/install/ros_app/share/ros_app/local_setup.dsv
[11.306s] -- Installing: /home/yupopoi/ROS-App/install/ros_app/share/ros_app/package.dsv
[11.307s] -- Up-to-date: /home/yupopoi/ROS-App/install/ros_app/share/ament_index/resource_index/packages/ros_app
[11.307s] -- Up-to-date: /home/yupopoi/ROS-App/install/ros_app/share/ros_app/cmake/ros_appConfig.cmake
[11.307s] -- Up-to-date: /home/yupopoi/ROS-App/install/ros_app/share/ros_app/cmake/ros_appConfig-version.cmake
[11.307s] -- Up-to-date: /home/yupopoi/ROS-App/install/ros_app/share/ros_app/package.xml
[11.311s] Invoked command in '/home/yupopoi/ROS-App/build/ros_app' returned '0': CMAKE_PREFIX_PATH=${CMAKE_PREFIX_PATH}:/opt/ros/humble /usr/bin/cmake --install /home/yupopoi/ROS-App/build/ros_app
