[0.000000] (-) TimerEvent: {}
[0.000566] (ros_app) JobQueued: {'identifier': 'ros_app', 'dependencies': OrderedDict()}
[0.000626] (ros_app) JobStarted: {'identifier': 'ros_app'}
[0.017065] (ros_app) JobProgress: {'identifier': 'ros_app', 'progress': 'cmake'}
[0.017131] (ros_app) Command: {'cmd': ['/usr/bin/cmake', '/home/yupopoi/ROS-App/src/ros_app', '-G', 'CodeBlocks - Unix Makefiles', '-DCMAKE_BUILD_TYPE=Debug', '-DCMAKE_INSTALL_PREFIX=/home/yupopoi/ROS-App/install/ros_app'], 'cwd': '/home/yupopoi/ROS-App/build/ros_app', 'env': OrderedDict([('GJS_DEBUG_TOPICS', 'JS ERROR;JS LOG'), ('USER', 'yupopoi'), ('XDG_SESSION_TYPE', 'wayland'), ('SHLVL', '0'), ('HOME', '/home/yupopoi'), ('DESKTOP_SESSION', 'ubuntu'), ('GIO_LAUNCHED_DESKTOP_FILE', '/home/yupopoi/.local/share/applications/org.qt-project.qtcreator.desktop'), ('GNOME_SHELL_SESSION_MODE', 'ubuntu'), ('GTK_MODULES', 'gail:atk-bridge'), ('MANAGERPID', '972'), ('DBUS_SESSION_BUS_ADDRESS', 'unix:path=/run/user/1000/bus'), ('SYSTEMD_EXEC_PID', '1202'), ('GIO_LAUNCHED_DESKTOP_FILE_PID', '56444'), ('IM_CONFIG_PHASE', '1'), ('WAYLAND_DISPLAY', 'wayland-0'), ('LOGNAME', 'yupopoi'), ('JOURNAL_STREAM', '8:30527'), ('_', '/usr/bin/gnome-session'), ('XDG_SESSION_CLASS', 'user'), ('QSG_RHI_BACKEND', 'opengl'), ('TERM', 'xterm'), ('USERNAME', 'yupopoi'), ('GNOME_DESKTOP_SESSION_ID', 'this-is-deprecated'), ('PATH', '/usr/local/sbin:/usr/local/bin:/usr/sbin:/usr/bin:/sbin:/bin:/usr/games:/usr/local/games:/snap/bin:/snap/bin'), ('INVOCATION_ID', '706335413d244abab265eb59177c4d99'), ('SESSION_MANAGER', 'local/yupopoi-u2:@/tmp/.ICE-unix/1180,unix/yupopoi-u2:/tmp/.ICE-unix/1180'), ('GNOME_SETUP_DISPLAY', ':1'), ('XDG_MENU_PREFIX', 'gnome-'), ('XDG_RUNTIME_DIR', '/run/user/1000'), ('DISPLAY', ':0'), ('LANG', 'ja_JP.UTF-8'), ('XDG_CURRENT_DESKTOP', 'ubuntu:GNOME'), ('XAUTHORITY', '/run/user/1000/.mutter-Xwaylandauth.HDUOQ2'), ('XDG_SESSION_DESKTOP', 'ubuntu'), ('XMODIFIERS', '@im=ibus'), ('SSH_AGENT_LAUNCHER', 'gnome-keyring'), ('SSH_AUTH_SOCK', '/run/user/1000/keyring/ssh'), ('SHELL', '/bin/bash'), ('GDMSESSION', 'ubuntu'), ('QT_ACCESSIBILITY', '1'), ('GJS_DEBUG_OUTPUT', 'stderr'), ('QT_IM_MODULE', 'ibus'), ('PWD', '/home/yupopoi/ROS-App/build/ros_app'), ('QT_QPA_PLATFORM', 'xcb'), ('XDG_CONFIG_DIRS', '/etc/xdg/xdg-ubuntu:/etc/xdg'), ('XDG_DATA_DIRS', '/usr/share/ubuntu:/usr/local/share/:/usr/share/:/var/lib/snapd/desktop'), ('COLCON', '1'), ('GTK_THEME', ':light')]), 'shell': False}
[0.097382] (-) TimerEvent: {}
[0.198298] (-) TimerEvent: {}
[0.298670] (-) TimerEvent: {}
[0.399013] (-) TimerEvent: {}
[0.500599] (-) TimerEvent: {}
[0.568539] (ros_app) StdoutLine: {'line': b'-- The C compiler identification is GNU 11.4.0\n'}
[0.601921] (-) TimerEvent: {}
[0.702260] (-) TimerEvent: {}
[0.802777] (-) TimerEvent: {}
[0.839628] (ros_app) StdoutLine: {'line': b'-- The CXX compiler identification is GNU 11.4.0\n'}
[0.902888] (-) TimerEvent: {}
[0.948587] (ros_app) StdoutLine: {'line': b'-- Detecting C compiler ABI info\n'}
[1.003004] (-) TimerEvent: {}
[1.100077] (ros_app) StdoutLine: {'line': b'-- Detecting C compiler ABI info - done\n'}
[1.105203] (-) TimerEvent: {}
[1.107129] (ros_app) StdoutLine: {'line': b'-- Check for working C compiler: /usr/bin/cc - skipped\n'}
[1.109477] (ros_app) StdoutLine: {'line': b'-- Detecting C compile features\n'}
[1.110072] (ros_app) StdoutLine: {'line': b'-- Detecting C compile features - done\n'}
[1.120817] (ros_app) StdoutLine: {'line': b'-- Detecting CXX compiler ABI info\n'}
[1.210507] (-) TimerEvent: {}
[1.301973] (ros_app) StdoutLine: {'line': b'-- Detecting CXX compiler ABI info - done\n'}
[1.306883] (ros_app) StdoutLine: {'line': b'-- Check for working CXX compiler: /usr/bin/c++ - skipped\n'}
[1.307160] (ros_app) StdoutLine: {'line': b'-- Detecting CXX compile features\n'}
[1.307618] (ros_app) StdoutLine: {'line': b'-- Detecting CXX compile features - done\n'}
[1.310601] (-) TimerEvent: {}
[1.319157] (ros_app) StderrLine: {'line': b'CMake Error at CMakeLists.txt:9 (find_package):\n'}
[1.319299] (ros_app) StderrLine: {'line': b'  By not providing "Findament_cmake.cmake" in CMAKE_MODULE_PATH this project\n'}
[1.319388] (ros_app) StderrLine: {'line': b'  has asked CMake to find a package configuration file provided by\n'}
[1.319466] (ros_app) StderrLine: {'line': b'  "ament_cmake", but CMake did not find one.\n'}
[1.319543] (ros_app) StderrLine: {'line': b'\n'}
[1.319618] (ros_app) StderrLine: {'line': b'  Could not find a package configuration file provided by "ament_cmake" with\n'}
[1.319711] (ros_app) StderrLine: {'line': b'  any of the following names:\n'}
[1.319787] (ros_app) StderrLine: {'line': b'\n'}
[1.319862] (ros_app) StderrLine: {'line': b'    ament_cmakeConfig.cmake\n'}
[1.319936] (ros_app) StderrLine: {'line': b'    ament_cmake-config.cmake\n'}
[1.320011] (ros_app) StderrLine: {'line': b'\n'}
[1.320085] (ros_app) StderrLine: {'line': b'  Add the installation prefix of "ament_cmake" to CMAKE_PREFIX_PATH or set\n'}
[1.320160] (ros_app) StderrLine: {'line': b'  "ament_cmake_DIR" to a directory containing one of the above files.  If\n'}
[1.320234] (ros_app) StderrLine: {'line': b'  "ament_cmake" provides a separate development package or SDK, be sure it\n'}
[1.320309] (ros_app) StderrLine: {'line': b'  has been installed.\n'}
[1.320382] (ros_app) StderrLine: {'line': b'\n'}
[1.320456] (ros_app) StderrLine: {'line': b'\n'}
[1.320530] (ros_app) StdoutLine: {'line': b'-- Configuring incomplete, errors occurred!\n'}
[1.320609] (ros_app) StdoutLine: {'line': b'See also "/home/yupopoi/ROS-App/build/ros_app/CMakeFiles/CMakeOutput.log".\n'}
[1.327142] (ros_app) CommandEnded: {'returncode': 1}
[1.350672] (ros_app) JobEnded: {'identifier': 'ros_app', 'rc': 1}
[1.351557] (-) EventReactorShutdown: {}
