[0.028s] Invoking command in '/home/yupopoi/ROS-App/build/ros_app': CMAKE_PREFIX_PATH=${CMAKE_PREFIX_PATH}:/opt/ros/humble /usr/bin/cmake --build /home/yupopoi/ROS-App/build/ros_app -- -j2 -l2
[0.316s] [ 10%] Automatic MOC and UIC for target MainWindow
[0.444s] [ 10%] Built target MainWindow_autogen
[0.629s] Consolidate compiler generated dependencies of target MainWindow
[0.720s] [ 20%] Building CXX object CMakeFiles/MainWindow.dir/src/source/main.cpp.o
[16.708s] [ 30%] Linking CXX executable MainWindow
[17.887s] [100%] Built target MainWindow
[17.910s] Invoked command in '/home/yupopoi/ROS-App/build/ros_app' returned '0': CMAKE_PREFIX_PATH=${CMAKE_PREFIX_PATH}:/opt/ros/humble /usr/bin/cmake --build /home/yupopoi/ROS-App/build/ros_app -- -j2 -l2
[18.167s] Invoking command in '/home/yupopoi/ROS-App/build/ros_app': CMAKE_PREFIX_PATH=${CMAKE_PREFIX_PATH}:/opt/ros/humble /usr/bin/cmake --install /home/yupopoi/ROS-App/build/ros_app
[18.182s] -- Install configuration: "Debug"
[18.185s] -- Up-to-date: /home/yupopoi/ROS-App/install/ros_app/share/ament_index/resource_index/package_run_dependencies/ros_app
[18.186s] -- Up-to-date: /home/yupopoi/ROS-App/install/ros_app/share/ament_index/resource_index/parent_prefix_path/ros_app
[18.186s] -- Up-to-date: /home/yupopoi/ROS-App/install/ros_app/share/ros_app/environment/ament_prefix_path.sh
[18.186s] -- Up-to-date: /home/yupopoi/ROS-App/install/ros_app/share/ros_app/environment/ament_prefix_path.dsv
[18.186s] -- Up-to-date: /home/yupopoi/ROS-App/install/ros_app/share/ros_app/environment/path.sh
[18.187s] -- Up-to-date: /home/yupopoi/ROS-App/install/ros_app/share/ros_app/environment/path.dsv
[18.187s] -- Up-to-date: /home/yupopoi/ROS-App/install/ros_app/share/ros_app/local_setup.bash
[18.187s] -- Up-to-date: /home/yupopoi/ROS-App/install/ros_app/share/ros_app/local_setup.sh
[18.187s] -- Up-to-date: /home/yupopoi/ROS-App/install/ros_app/share/ros_app/local_setup.zsh
[18.188s] -- Up-to-date: /home/yupopoi/ROS-App/install/ros_app/share/ros_app/local_setup.dsv
[18.188s] -- Installing: /home/yupopoi/ROS-App/install/ros_app/share/ros_app/package.dsv
[18.188s] -- Up-to-date: /home/yupopoi/ROS-App/install/ros_app/share/ament_index/resource_index/packages/ros_app
[18.189s] -- Up-to-date: /home/yupopoi/ROS-App/install/ros_app/share/ros_app/cmake/ros_appConfig.cmake
[18.189s] -- Up-to-date: /home/yupopoi/ROS-App/install/ros_app/share/ros_app/cmake/ros_appConfig-version.cmake
[18.189s] -- Up-to-date: /home/yupopoi/ROS-App/install/ros_app/share/ros_app/package.xml
[18.193s] Invoked command in '/home/yupopoi/ROS-App/build/ros_app' returned '0': CMAKE_PREFIX_PATH=${CMAKE_PREFIX_PATH}:/opt/ros/humble /usr/bin/cmake --install /home/yupopoi/ROS-App/build/ros_app
