[0.011s] Invoking command in '/home/yupopoi/ROS-App/build/ros_app': CMAKE_PREFIX_PATH=${CMAKE_PREFIX_PATH}:/opt/ros/humble /usr/bin/cmake --build /home/yupopoi/ROS-App/build/ros_app -- -j2 -l2
[0.056s] -- Found ament_cmake: 1.3.9 (/opt/ros/humble/share/ament_cmake/cmake)
[0.188s] -- Found rclcpp: 16.0.9 (/opt/ros/humble/share/rclcpp/cmake)
[0.219s] -- Found rosidl_generator_c: 3.1.5 (/opt/ros/humble/share/rosidl_generator_c/cmake)
[0.222s] -- Found rosidl_adapter: 3.1.5 (/opt/ros/humble/share/rosidl_adapter/cmake)
[0.230s] -- Found rosidl_generator_cpp: 3.1.5 (/opt/ros/humble/share/rosidl_generator_cpp/cmake)
[0.242s] -- Using all available rosidl_typesupport_c: rosidl_typesupport_fastrtps_c;rosidl_typesupport_introspection_c
[0.259s] -- Using all available rosidl_typesupport_cpp: rosidl_typesupport_fastrtps_cpp;rosidl_typesupport_introspection_cpp
[0.323s] -- Found rmw_implementation_cmake: 6.1.2 (/opt/ros/humble/share/rmw_implementation_cmake/cmake)
[0.326s] -- Found rmw_fastrtps_cpp: 6.2.6 (/opt/ros/humble/share/rmw_fastrtps_cpp/cmake)
[0.448s] -- Using RMW implementation 'rmw_fastrtps_cpp' as default
[0.611s] -- Found sensor_msgs: 4.2.4 (/opt/ros/humble/share/sensor_msgs/cmake)
[0.742s] -- Found moveit_msgs: 2.2.1 (/opt/ros/humble/share/moveit_msgs/cmake)
[1.512s] -- Found ament_lint_auto: 0.12.11 (/opt/ros/humble/share/ament_lint_auto/cmake)
[1.587s] -- Added test 'cppcheck' to perform static code analysis on C / C++ code
[1.587s] -- Configured cppcheck include dirs: /home/yupopoi/ROS-App/src/ros_app/src/header;/home/yupopoi/ROS-App/src/ros_app/src/source;/home/yupopoi/ROS-App/src/ros_app/src/ui
[1.588s] -- Configured cppcheck exclude dirs and/or files: 
[1.588s] -- Added test 'lint_cmake' to check CMake code style
[1.588s] -- Added test 'uncrustify' to check C / C++ code style
[1.588s] -- Configured uncrustify additional arguments: 
[1.588s] -- Added test 'xmllint' to check XML markup files
[1.589s] -- Configuring done
[1.639s] -- Generating done
[1.642s] -- Build files have been written to: /home/yupopoi/ROS-App/build/ros_app
[1.698s] [ 11%] Automatic MOC and UIC for target MainWindow
[2.963s] [ 11%] Built target MainWindow_autogen
[3.009s] Consolidate compiler generated dependencies of target MainWindow
[3.033s] [ 22%] Building CXX object CMakeFiles/MainWindow.dir/MainWindow_autogen/mocs_compilation.cpp.o
[3.035s] [ 33%] Building CXX object CMakeFiles/MainWindow.dir/src/source/SerializedTrajectoryMaker.cpp.o
[3.587s] In file included from /home/yupopoi/ROS-App/src/ros_app/src/source/SerializedTrajectoryMaker.cpp:1:
[3.587s] /home/yupopoi/ROS-App/src/ros_app/src/header/SerializedTrajectoryMaker.h:8:10: fatal error: moveit_msgs/msg/robot_trajectory.hpp: No such file or directory
[3.587s]     8 | #include <moveit_msgs/msg/robot_trajectory.hpp>
[3.587s]       |          ^~~~~~~~~~~~~~~~~~~~~~~~~~~~~~~~~~~~~~
[3.587s] compilation terminated.
[3.592s] gmake[2]: *** [CMakeFiles/MainWindow.dir/build.make:151: CMakeFiles/MainWindow.dir/src/source/SerializedTrajectoryMaker.cpp.o] Error 1
[3.592s] gmake[2]: *** Waiting for unfinished jobs....
[8.299s] gmake[1]: *** [CMakeFiles/Makefile2:138: CMakeFiles/MainWindow.dir/all] Error 2
[8.300s] gmake: *** [Makefile:146: all] Error 2
[8.305s] Invoked command in '/home/yupopoi/ROS-App/build/ros_app' returned '2': CMAKE_PREFIX_PATH=${CMAKE_PREFIX_PATH}:/opt/ros/humble /usr/bin/cmake --build /home/yupopoi/ROS-App/build/ros_app -- -j2 -l2
