[0.018s] Invoking command in '/home/yupopoi/ROS-App/build/ros_app': /usr/bin/cmake /home/yupopoi/ROS-App/src/ros_app -G CodeBlocks - Unix Makefiles -DCMAKE_BUILD_TYPE=Debug -DCMAKE_INSTALL_PREFIX=/home/yupopoi/ROS-App/install/ros_app
[0.568s] -- The C compiler identification is GNU 11.4.0
[0.839s] -- The CXX compiler identification is GNU 11.4.0
[0.948s] -- Detecting C compiler ABI info
[1.104s] -- Detecting C compiler ABI info - done
[1.107s] -- Check for working C compiler: /usr/bin/cc - skipped
[1.109s] -- Detecting C compile features
[1.110s] -- Detecting C compile features - done
[1.120s] -- Detecting CXX compiler ABI info
[1.301s] -- Detecting CXX compiler ABI info - done
[1.306s] -- Check for working CXX compiler: /usr/bin/c++ - skipped
[1.307s] -- Detecting CXX compile features
[1.307s] -- Detecting CXX compile features - done
[1.319s] CMake Error at CMakeLists.txt:9 (find_package):
[1.319s]   By not providing "Findament_cmake.cmake" in CMAKE_MODULE_PATH this project
[1.319s]   has asked CMake to find a package configuration file provided by
[1.319s]   "ament_cmake", but CMake did not find one.
[1.319s] 
[1.319s]   Could not find a package configuration file provided by "ament_cmake" with
[1.319s]   any of the following names:
[1.319s] 
[1.319s]     ament_cmakeConfig.cmake
[1.319s]     ament_cmake-config.cmake
[1.319s] 
[1.319s]   Add the installation prefix of "ament_cmake" to CMAKE_PREFIX_PATH or set
[1.320s]   "ament_cmake_DIR" to a directory containing one of the above files.  If
[1.320s]   "ament_cmake" provides a separate development package or SDK, be sure it
[1.320s]   has been installed.
[1.320s] 
[1.320s] 
[1.320s] -- Configuring incomplete, errors occurred!
[1.320s] See also "/home/yupopoi/ROS-App/build/ros_app/CMakeFiles/CMakeOutput.log".
[1.327s] Invoked command in '/home/yupopoi/ROS-App/build/ros_app' returned '1': /usr/bin/cmake /home/yupopoi/ROS-App/src/ros_app -G CodeBlocks - Unix Makefiles -DCMAKE_BUILD_TYPE=Debug -DCMAKE_INSTALL_PREFIX=/home/yupopoi/ROS-App/install/ros_app
