[0.151s] DEBUG:colcon:Command line arguments: ['/usr/bin/colcon', 'build', '--event-handlers', 'status+', 'console_start_end+', '--cmake-args', '-G', 'CodeBlocks - Unix Makefiles', '-DCMAKE_BUILD_TYPE=Debug']
[0.152s] DEBUG:colcon:Parsed command line arguments: Namespace(log_base=None, log_level=None, verb_name='build', build_base='build', install_base='install', merge_install=False, symlink_install=False, test_result_base=None, continue_on_error=False, executor='parallel', parallel_workers=2, event_handlers=['status+', 'console_start_end+'], ignore_user_meta=False, metas=['./colcon.meta'], base_paths=['.'], packages_ignore=None, packages_ignore_regex=None, paths=None, packages_up_to=None, packages_up_to_regex=None, packages_above=None, packages_above_and_dependencies=None, packages_above_depth=None, packages_select_by_dep=None, packages_skip_by_dep=None, packages_skip_up_to=None, packages_select_build_failed=False, packages_skip_build_finished=False, packages_select_test_failures=False, packages_skip_test_passed=False, packages_select=None, packages_skip=None, packages_select_regex=None, packages_skip_regex=None, packages_start=None, packages_end=None, allow_overriding=[], cmake_args=['-G', 'CodeBlocks - Unix Makefiles', '-DCMAKE_BUILD_TYPE=Debug'], cmake_target=None, cmake_target_skip_unavailable=False, cmake_clean_cache=False, cmake_clean_first=False, cmake_force_configure=False, ament_cmake_args=None, catkin_cmake_args=None, catkin_skip_building_tests=False, mixin_files=None, mixin=None, verb_parser=<colcon_mixin.mixin.mixin_argument.MixinArgumentDecorator object at 0x795e5ff496c0>, verb_extension=<colcon_core.verb.build.BuildVerb object at 0x795e5ff48f40>, main=<bound method BuildVerb.main of <colcon_core.verb.build.BuildVerb object at 0x795e5ff48f40>>, mixin_verb=('build',))
[0.389s] Level 1:colcon.colcon_core.package_discovery:discover_packages(colcon_meta) check parameters
[0.389s] Level 1:colcon.colcon_core.package_discovery:discover_packages(recursive) check parameters
[0.389s] Level 1:colcon.colcon_core.package_discovery:discover_packages(ignore) check parameters
[0.389s] Level 1:colcon.colcon_core.package_discovery:discover_packages(path) check parameters
[0.389s] Level 1:colcon.colcon_core.package_discovery:discover_packages(colcon_meta) discover
[0.389s] Level 1:colcon.colcon_core.package_discovery:discover_packages(recursive) discover
[0.389s] INFO:colcon.colcon_core.package_discovery:Crawling recursively for packages in '/home/yupopoi/ROS-App'
[0.389s] Level 1:colcon.colcon_core.package_identification:_identify(.) by extensions ['ignore', 'ignore_ament_install']
[0.389s] Level 1:colcon.colcon_core.package_identification:_identify(.) by extension 'ignore'
[0.389s] Level 1:colcon.colcon_core.package_identification:_identify(.) by extension 'ignore_ament_install'
[0.390s] Level 1:colcon.colcon_core.package_identification:_identify(.) by extensions ['colcon_pkg']
[0.390s] Level 1:colcon.colcon_core.package_identification:_identify(.) by extension 'colcon_pkg'
[0.390s] Level 1:colcon.colcon_core.package_identification:_identify(.) by extensions ['colcon_meta']
[0.390s] Level 1:colcon.colcon_core.package_identification:_identify(.) by extension 'colcon_meta'
[0.390s] Level 1:colcon.colcon_core.package_identification:_identify(.) by extensions ['ros']
[0.390s] Level 1:colcon.colcon_core.package_identification:_identify(.) by extension 'ros'
[0.406s] Level 1:colcon.colcon_core.package_identification:_identify(.) by extensions ['cmake', 'python']
[0.406s] Level 1:colcon.colcon_core.package_identification:_identify(.) by extension 'cmake'
[0.406s] Level 1:colcon.colcon_core.package_identification:_identify(.) by extension 'python'
[0.406s] Level 1:colcon.colcon_core.package_identification:_identify(.) by extensions ['python_setup_py']
[0.406s] Level 1:colcon.colcon_core.package_identification:_identify(.) by extension 'python_setup_py'
[0.406s] Level 1:colcon.colcon_core.package_identification:_identify(build) by extensions ['ignore', 'ignore_ament_install']
[0.406s] Level 1:colcon.colcon_core.package_identification:_identify(build) by extension 'ignore'
[0.406s] Level 1:colcon.colcon_core.package_identification:_identify(build) ignored
[0.406s] Level 1:colcon.colcon_core.package_identification:_identify(install) by extensions ['ignore', 'ignore_ament_install']
[0.406s] Level 1:colcon.colcon_core.package_identification:_identify(install) by extension 'ignore'
[0.406s] Level 1:colcon.colcon_core.package_identification:_identify(install) ignored
[0.406s] Level 1:colcon.colcon_core.package_identification:_identify(log) by extensions ['ignore', 'ignore_ament_install']
[0.407s] Level 1:colcon.colcon_core.package_identification:_identify(log) by extension 'ignore'
[0.407s] Level 1:colcon.colcon_core.package_identification:_identify(log) ignored
[0.407s] Level 1:colcon.colcon_core.package_identification:_identify(src) by extensions ['ignore', 'ignore_ament_install']
[0.407s] Level 1:colcon.colcon_core.package_identification:_identify(src) by extension 'ignore'
[0.407s] Level 1:colcon.colcon_core.package_identification:_identify(src) by extension 'ignore_ament_install'
[0.407s] Level 1:colcon.colcon_core.package_identification:_identify(src) by extensions ['colcon_pkg']
[0.407s] Level 1:colcon.colcon_core.package_identification:_identify(src) by extension 'colcon_pkg'
[0.407s] Level 1:colcon.colcon_core.package_identification:_identify(src) by extensions ['colcon_meta']
[0.407s] Level 1:colcon.colcon_core.package_identification:_identify(src) by extension 'colcon_meta'
[0.407s] Level 1:colcon.colcon_core.package_identification:_identify(src) by extensions ['ros']
[0.407s] Level 1:colcon.colcon_core.package_identification:_identify(src) by extension 'ros'
[0.407s] Level 1:colcon.colcon_core.package_identification:_identify(src) by extensions ['cmake', 'python']
[0.407s] Level 1:colcon.colcon_core.package_identification:_identify(src) by extension 'cmake'
[0.407s] Level 1:colcon.colcon_core.package_identification:_identify(src) by extension 'python'
[0.407s] Level 1:colcon.colcon_core.package_identification:_identify(src) by extensions ['python_setup_py']
[0.407s] Level 1:colcon.colcon_core.package_identification:_identify(src) by extension 'python_setup_py'
[0.407s] Level 1:colcon.colcon_core.package_identification:_identify(src/ros_app) by extensions ['ignore', 'ignore_ament_install']
[0.408s] Level 1:colcon.colcon_core.package_identification:_identify(src/ros_app) by extension 'ignore'
[0.408s] Level 1:colcon.colcon_core.package_identification:_identify(src/ros_app) by extension 'ignore_ament_install'
[0.408s] Level 1:colcon.colcon_core.package_identification:_identify(src/ros_app) by extensions ['colcon_pkg']
[0.408s] Level 1:colcon.colcon_core.package_identification:_identify(src/ros_app) by extension 'colcon_pkg'
[0.408s] Level 1:colcon.colcon_core.package_identification:_identify(src/ros_app) by extensions ['colcon_meta']
[0.408s] Level 1:colcon.colcon_core.package_identification:_identify(src/ros_app) by extension 'colcon_meta'
[0.408s] Level 1:colcon.colcon_core.package_identification:_identify(src/ros_app) by extensions ['ros']
[0.408s] Level 1:colcon.colcon_core.package_identification:_identify(src/ros_app) by extension 'ros'
[0.414s] DEBUG:colcon.colcon_core.package_identification:Package 'src/ros_app' with type 'ros.ament_cmake' and name 'ros_app'
[0.414s] Level 1:colcon.colcon_core.package_discovery:discover_packages(recursive) using defaults
[0.414s] Level 1:colcon.colcon_core.package_discovery:discover_packages(ignore) discover
[0.414s] Level 1:colcon.colcon_core.package_discovery:discover_packages(ignore) using defaults
[0.414s] Level 1:colcon.colcon_core.package_discovery:discover_packages(path) discover
[0.415s] Level 1:colcon.colcon_core.package_discovery:discover_packages(path) using defaults
[0.439s] Level 1:colcon.colcon_core.package_discovery:discover_packages(prefix_path) check parameters
[0.439s] Level 1:colcon.colcon_core.package_discovery:discover_packages(prefix_path) discover
[0.441s] DEBUG:colcon.colcon_installed_package_information.package_discovery:Found 1 installed packages in /home/yupopoi/ROS-App/install
[0.443s] DEBUG:colcon.colcon_installed_package_information.package_discovery:Found 270 installed packages in /opt/ros/humble
[0.445s] Level 1:colcon.colcon_core.package_discovery:discover_packages(prefix_path) using defaults
[0.517s] Level 5:colcon.colcon_core.verb:set package 'ros_app' build argument 'cmake_args' from command line to '['-G', 'CodeBlocks - Unix Makefiles', '-DCMAKE_BUILD_TYPE=Debug']'
[0.517s] Level 5:colcon.colcon_core.verb:set package 'ros_app' build argument 'cmake_target' from command line to 'None'
[0.517s] Level 5:colcon.colcon_core.verb:set package 'ros_app' build argument 'cmake_target_skip_unavailable' from command line to 'False'
[0.517s] Level 5:colcon.colcon_core.verb:set package 'ros_app' build argument 'cmake_clean_cache' from command line to 'False'
[0.517s] Level 5:colcon.colcon_core.verb:set package 'ros_app' build argument 'cmake_clean_first' from command line to 'False'
[0.517s] Level 5:colcon.colcon_core.verb:set package 'ros_app' build argument 'cmake_force_configure' from command line to 'False'
[0.517s] Level 5:colcon.colcon_core.verb:set package 'ros_app' build argument 'ament_cmake_args' from command line to 'None'
[0.517s] Level 5:colcon.colcon_core.verb:set package 'ros_app' build argument 'catkin_cmake_args' from command line to 'None'
[0.517s] Level 5:colcon.colcon_core.verb:set package 'ros_app' build argument 'catkin_skip_building_tests' from command line to 'False'
[0.517s] DEBUG:colcon.colcon_core.verb:Building package 'ros_app' with the following arguments: {'ament_cmake_args': None, 'build_base': '/home/yupopoi/ROS-App/build/ros_app', 'catkin_cmake_args': None, 'catkin_skip_building_tests': False, 'cmake_args': ['-G', 'CodeBlocks - Unix Makefiles', '-DCMAKE_BUILD_TYPE=Debug'], 'cmake_clean_cache': False, 'cmake_clean_first': False, 'cmake_force_configure': False, 'cmake_target': None, 'cmake_target_skip_unavailable': False, 'install_base': '/home/yupopoi/ROS-App/install/ros_app', 'merge_install': False, 'path': '/home/yupopoi/ROS-App/src/ros_app', 'symlink_install': False, 'test_result_base': None}
[0.517s] INFO:colcon.colcon_core.executor:Executing jobs using 'parallel' executor
[0.521s] DEBUG:colcon.colcon_parallel_executor.executor.parallel:run_until_complete
[0.521s] INFO:colcon.colcon_ros.task.ament_cmake.build:Building ROS package in '/home/yupopoi/ROS-App/src/ros_app' with build type 'ament_cmake'
[0.521s] INFO:colcon.colcon_cmake.task.cmake.build:Building CMake package in '/home/yupopoi/ROS-App/src/ros_app'
[0.523s] INFO:colcon.colcon_core.plugin_system:Skipping extension 'colcon_core.shell.bat': Not used on non-Windows systems
[0.523s] INFO:colcon.colcon_core.shell:Skip shell extension 'powershell' for command environment: Not usable outside of PowerShell
[0.523s] DEBUG:colcon.colcon_core.shell:Skip shell extension 'dsv' for command environment
[0.561s] DEBUG:colcon.colcon_core.event_handler.log_command:Invoking command in '/home/yupopoi/ROS-App/build/ros_app': CMAKE_PREFIX_PATH=${CMAKE_PREFIX_PATH}:/opt/ros/humble /usr/bin/cmake --build /home/yupopoi/ROS-App/build/ros_app -- -j2 -l2
[6.133s] DEBUG:colcon.colcon_core.event_handler.log_command:Invoked command in '/home/yupopoi/ROS-App/build/ros_app' returned '0': CMAKE_PREFIX_PATH=${CMAKE_PREFIX_PATH}:/opt/ros/humble /usr/bin/cmake --build /home/yupopoi/ROS-App/build/ros_app -- -j2 -l2
[6.345s] DEBUG:colcon.colcon_core.event_handler.log_command:Invoking command in '/home/yupopoi/ROS-App/build/ros_app': CMAKE_PREFIX_PATH=${CMAKE_PREFIX_PATH}:/opt/ros/humble /usr/bin/cmake --install /home/yupopoi/ROS-App/build/ros_app
[6.366s] Level 1:colcon.colcon_core.environment:create_environment_scripts_only(ros_app)
[6.368s] Level 1:colcon.colcon_core.environment:checking '/home/yupopoi/ROS-App/install/ros_app' for CMake module files
[6.369s] Level 1:colcon.colcon_core.environment:checking '/home/yupopoi/ROS-App/install/ros_app' for CMake config files
[6.369s] Level 1:colcon.colcon_core.shell:create_environment_hook('ros_app', 'cmake_prefix_path')
[6.369s] INFO:colcon.colcon_core.shell:Creating environment hook '/home/yupopoi/ROS-App/install/ros_app/share/ros_app/hook/cmake_prefix_path.ps1'
[6.370s] INFO:colcon.colcon_core.shell:Creating environment descriptor '/home/yupopoi/ROS-App/install/ros_app/share/ros_app/hook/cmake_prefix_path.dsv'
[6.370s] INFO:colcon.colcon_core.shell:Creating environment hook '/home/yupopoi/ROS-App/install/ros_app/share/ros_app/hook/cmake_prefix_path.sh'
[6.371s] Level 1:colcon.colcon_core.environment:checking '/home/yupopoi/ROS-App/install/ros_app/bin'
[6.371s] Level 1:colcon.colcon_core.environment:checking '/home/yupopoi/ROS-App/install/ros_app/lib/pkgconfig/ros_app.pc'
[6.372s] Level 1:colcon.colcon_core.environment:checking '/home/yupopoi/ROS-App/install/ros_app/lib/python3.10/site-packages'
[6.372s] Level 1:colcon.colcon_core.environment:checking '/home/yupopoi/ROS-App/install/ros_app/bin'
[6.372s] INFO:colcon.colcon_core.shell:Creating package script '/home/yupopoi/ROS-App/install/ros_app/share/ros_app/package.ps1'
[6.377s] DEBUG:colcon.colcon_core.event_handler.log_command:Invoked command in '/home/yupopoi/ROS-App/build/ros_app' returned '0': CMAKE_PREFIX_PATH=${CMAKE_PREFIX_PATH}:/opt/ros/humble /usr/bin/cmake --install /home/yupopoi/ROS-App/build/ros_app
[6.377s] INFO:colcon.colcon_core.shell:Creating package descriptor '/home/yupopoi/ROS-App/install/ros_app/share/ros_app/package.dsv'
[6.378s] INFO:colcon.colcon_core.shell:Creating package script '/home/yupopoi/ROS-App/install/ros_app/share/ros_app/package.sh'
[6.378s] INFO:colcon.colcon_core.shell:Creating package script '/home/yupopoi/ROS-App/install/ros_app/share/ros_app/package.bash'
[6.379s] INFO:colcon.colcon_core.shell:Creating package script '/home/yupopoi/ROS-App/install/ros_app/share/ros_app/package.zsh'
[6.380s] Level 1:colcon.colcon_core.environment:create_file_with_runtime_dependencies(/home/yupopoi/ROS-App/install/ros_app/share/colcon-core/packages/ros_app)
[6.597s] Level 1:colcon.colcon_core.environment:create_environment_scripts_only(ros_app)
[6.597s] Level 1:colcon.colcon_core.environment:checking '/home/yupopoi/ROS-App/install/ros_app' for CMake module files
[6.598s] Level 1:colcon.colcon_core.environment:checking '/home/yupopoi/ROS-App/install/ros_app' for CMake config files
[6.598s] Level 1:colcon.colcon_core.shell:create_environment_hook('ros_app', 'cmake_prefix_path')
[6.598s] INFO:colcon.colcon_core.shell:Creating environment hook '/home/yupopoi/ROS-App/install/ros_app/share/ros_app/hook/cmake_prefix_path.ps1'
[6.599s] INFO:colcon.colcon_core.shell:Creating environment descriptor '/home/yupopoi/ROS-App/install/ros_app/share/ros_app/hook/cmake_prefix_path.dsv'
[6.599s] INFO:colcon.colcon_core.shell:Creating environment hook '/home/yupopoi/ROS-App/install/ros_app/share/ros_app/hook/cmake_prefix_path.sh'
[6.600s] Level 1:colcon.colcon_core.environment:checking '/home/yupopoi/ROS-App/install/ros_app/bin'
[6.600s] Level 1:colcon.colcon_core.environment:checking '/home/yupopoi/ROS-App/install/ros_app/lib/pkgconfig/ros_app.pc'
[6.600s] Level 1:colcon.colcon_core.environment:checking '/home/yupopoi/ROS-App/install/ros_app/lib/python3.10/site-packages'
[6.600s] Level 1:colcon.colcon_core.environment:checking '/home/yupopoi/ROS-App/install/ros_app/bin'
[6.601s] INFO:colcon.colcon_core.shell:Creating package script '/home/yupopoi/ROS-App/install/ros_app/share/ros_app/package.ps1'
[6.601s] INFO:colcon.colcon_core.shell:Creating package descriptor '/home/yupopoi/ROS-App/install/ros_app/share/ros_app/package.dsv'
[6.602s] INFO:colcon.colcon_core.shell:Creating package script '/home/yupopoi/ROS-App/install/ros_app/share/ros_app/package.sh'
[6.605s] INFO:colcon.colcon_core.shell:Creating package script '/home/yupopoi/ROS-App/install/ros_app/share/ros_app/package.bash'
[6.605s] INFO:colcon.colcon_core.shell:Creating package script '/home/yupopoi/ROS-App/install/ros_app/share/ros_app/package.zsh'
[6.606s] Level 1:colcon.colcon_core.environment:create_file_with_runtime_dependencies(/home/yupopoi/ROS-App/install/ros_app/share/colcon-core/packages/ros_app)
[6.606s] DEBUG:colcon.colcon_parallel_executor.executor.parallel:closing loop
[6.607s] DEBUG:colcon.colcon_parallel_executor.executor.parallel:loop closed
[6.607s] DEBUG:colcon.colcon_parallel_executor.executor.parallel:run_until_complete finished with '0'
[6.607s] DEBUG:colcon.colcon_core.event_reactor:joining thread
[6.612s] INFO:colcon.colcon_core.plugin_system:Skipping extension 'colcon_notification.desktop_notification.terminal_notifier': Not used on non-Darwin systems
[6.612s] INFO:colcon.colcon_core.plugin_system:Skipping extension 'colcon_notification.desktop_notification.win32': Not used on non-Windows systems
[6.612s] INFO:colcon.colcon_notification.desktop_notification:Sending desktop notification using 'notify2'
[6.612s] DEBUG:colcon.colcon_notification.desktop_notification.notify2:Failed to initialize notify2: org.freedesktop.DBus.Error.BadAddress: '=' character not found or has no value following it
[6.612s] DEBUG:colcon.colcon_core.event_reactor:joined thread
[6.613s] INFO:colcon.colcon_core.shell:Creating prefix script '/home/yupopoi/ROS-App/install/local_setup.ps1'
[6.613s] INFO:colcon.colcon_core.shell:Creating prefix util module '/home/yupopoi/ROS-App/install/_local_setup_util_ps1.py'
[6.615s] INFO:colcon.colcon_core.shell:Creating prefix chain script '/home/yupopoi/ROS-App/install/setup.ps1'
[6.615s] INFO:colcon.colcon_core.shell:Creating prefix script '/home/yupopoi/ROS-App/install/local_setup.sh'
[6.616s] INFO:colcon.colcon_core.shell:Creating prefix util module '/home/yupopoi/ROS-App/install/_local_setup_util_sh.py'
[6.617s] INFO:colcon.colcon_core.shell:Creating prefix chain script '/home/yupopoi/ROS-App/install/setup.sh'
[6.617s] INFO:colcon.colcon_core.shell:Creating prefix script '/home/yupopoi/ROS-App/install/local_setup.bash'
[6.618s] INFO:colcon.colcon_core.shell:Creating prefix chain script '/home/yupopoi/ROS-App/install/setup.bash'
[6.619s] INFO:colcon.colcon_core.shell:Creating prefix script '/home/yupopoi/ROS-App/install/local_setup.zsh'
[6.619s] INFO:colcon.colcon_core.shell:Creating prefix chain script '/home/yupopoi/ROS-App/install/setup.zsh'
