-- Found ament_cmake: 1.3.9 (/opt/ros/humble/share/ament_cmake/cmake)
-- Found rclcpp: 16.0.9 (/opt/ros/humble/share/rclcpp/cmake)
-- Found rosidl_generator_c: 3.1.5 (/opt/ros/humble/share/rosidl_generator_c/cmake)
-- Found rosidl_adapter: 3.1.5 (/opt/ros/humble/share/rosidl_adapter/cmake)
-- Found rosidl_generator_cpp: 3.1.5 (/opt/ros/humble/share/rosidl_generator_cpp/cmake)
-- Using all available rosidl_typesupport_c: rosidl_typesupport_fastrtps_c;rosidl_typesupport_introspection_c
-- Using all available rosidl_typesupport_cpp: rosidl_typesupport_fastrtps_cpp;rosidl_typesupport_introspection_cpp
-- Found rmw_implementation_cmake: 6.1.2 (/opt/ros/humble/share/rmw_implementation_cmake/cmake)
-- Found rmw_fastrtps_cpp: 6.2.6 (/opt/ros/humble/share/rmw_fastrtps_cpp/cmake)
-- Using RMW implementation 'rmw_fastrtps_cpp' as default
-- Found ament_lint_auto: 0.12.11 (/opt/ros/humble/share/ament_lint_auto/cmake)
-- Added test 'cppcheck' to perform static code analysis on C / C++ code
-- Configured cppcheck include dirs: /home/yupopoi/ROS-App/src/ros_app/src/header;/home/yupopoi/ROS-App/src/ros_app/src/source;/home/yupopoi/ROS-App/src/ros_app/src/ui
-- Configured cppcheck exclude dirs and/or files: 
-- Added test 'lint_cmake' to check CMake code style
-- Added test 'uncrustify' to check C / C++ code style
-- Configured uncrustify additional arguments: 
-- Added test 'xmllint' to check XML markup files
-- Configuring done
-- Generating done
-- Build files have been written to: /home/yupopoi/ROS-App/build/ros_app
[ 20%] Automatic MOC and UIC for target MainWindow
[ 20%] Built target MainWindow_autogen
Consolidate compiler generated dependencies of target MainWindow
[ 40%] Building CXX object CMakeFiles/MainWindow.dir/MainWindow_autogen/mocs_compilation.cpp.o
[ 60%] Building CXX object CMakeFiles/MainWindow.dir/src/source/main.cpp.o
[ 80%] Building CXX object CMakeFiles/MainWindow.dir/src/source/UnityConnector.cpp.o
In file included from /home/yupopoi/ROS-App/build/ros_app/MainWindow_autogen/WBNAARIPX6/moc_UnityConnector.cpp:9,
                 from /home/yupopoi/ROS-App/build/ros_app/MainWindow_autogen/mocs_compilation.cpp:2:
/home/yupopoi/ROS-App/build/ros_app/MainWindow_autogen/WBNAARIPX6/../../../../src/ros_app/src/header/UnityConnector.h:5:10: fatal error: QTcpServer: No such file or directory
    5 | #include <QTcpServer>
      |          ^~~~~~~~~~~~
compilation terminated.
gmake[2]: *** [CMakeFiles/MainWindow.dir/build.make:76: CMakeFiles/MainWindow.dir/MainWindow_autogen/mocs_compilation.cpp.o] Error 1
gmake[2]: *** Waiting for unfinished jobs....
In file included from /home/yupopoi/ROS-App/src/ros_app/src/source/UnityConnector.cpp:1:
/home/yupopoi/ROS-App/src/ros_app/src/header/UnityConnector.h:5:10: fatal error: QTcpServer: No such file or directory
    5 | #include <QTcpServer>
      |          ^~~~~~~~~~~~
compilation terminated.
gmake[2]: *** [CMakeFiles/MainWindow.dir/build.make:104: CMakeFiles/MainWindow.dir/src/source/UnityConnector.cpp.o] Error 1
gmake[1]: *** [CMakeFiles/Makefile2:138: CMakeFiles/MainWindow.dir/all] Error 2
gmake: *** [Makefile:146: all] Error 2
