[0.016s] Invoking command in '/home/yupopoi/ROS-App/build/ros_app': CMAKE_PREFIX_PATH=${CMAKE_PREFIX_PATH}:/opt/ros/humble /usr/bin/cmake --build /home/yupopoi/ROS-App/build/ros_app -- -j2 -l2
[0.239s] [ 20%] Automatic MOC and UIC for target MainWindow
[0.892s] [ 20%] Built target MainWindow_autogen
[0.973s] Consolidate compiler generated dependencies of target MainWindow
[1.016s] [ 40%] Building CXX object CMakeFiles/MainWindow.dir/src/source/main.cpp.o
[1.039s] [ 60%] Building CXX object CMakeFiles/MainWindow.dir/MainWindow_autogen/mocs_compilation.cpp.o
[5.201s] [ 80%] Building CXX object CMakeFiles/MainWindow.dir/src/source/UnityConnector.cpp.o
[12.790s] [100%] Linking CXX executable MainWindow
[13.372s] [100%] Built target MainWindow
[13.389s] Invoked command in '/home/yupopoi/ROS-App/build/ros_app' returned '0': CMAKE_PREFIX_PATH=${CMAKE_PREFIX_PATH}:/opt/ros/humble /usr/bin/cmake --build /home/yupopoi/ROS-App/build/ros_app -- -j2 -l2
[13.579s] Invoking command in '/home/yupopoi/ROS-App/build/ros_app': CMAKE_PREFIX_PATH=${CMAKE_PREFIX_PATH}:/opt/ros/humble /usr/bin/cmake --install /home/yupopoi/ROS-App/build/ros_app
[13.593s] -- Install configuration: "Debug"
[13.593s] -- Up-to-date: /home/yupopoi/ROS-App/install/ros_app/share/ament_index/resource_index/package_run_dependencies/ros_app
[13.594s] -- Up-to-date: /home/yupopoi/ROS-App/install/ros_app/share/ament_index/resource_index/parent_prefix_path/ros_app
[13.594s] -- Up-to-date: /home/yupopoi/ROS-App/install/ros_app/share/ros_app/environment/ament_prefix_path.sh
[13.594s] -- Up-to-date: /home/yupopoi/ROS-App/install/ros_app/share/ros_app/environment/ament_prefix_path.dsv
[13.594s] -- Up-to-date: /home/yupopoi/ROS-App/install/ros_app/share/ros_app/environment/path.sh
[13.595s] -- Up-to-date: /home/yupopoi/ROS-App/install/ros_app/share/ros_app/environment/path.dsv
[13.595s] -- Up-to-date: /home/yupopoi/ROS-App/install/ros_app/share/ros_app/local_setup.bash
[13.595s] -- Up-to-date: /home/yupopoi/ROS-App/install/ros_app/share/ros_app/local_setup.sh
[13.595s] -- Up-to-date: /home/yupopoi/ROS-App/install/ros_app/share/ros_app/local_setup.zsh
[13.596s] -- Up-to-date: /home/yupopoi/ROS-App/install/ros_app/share/ros_app/local_setup.dsv
[13.596s] -- Installing: /home/yupopoi/ROS-App/install/ros_app/share/ros_app/package.dsv
[13.596s] -- Up-to-date: /home/yupopoi/ROS-App/install/ros_app/share/ament_index/resource_index/packages/ros_app
[13.597s] -- Up-to-date: /home/yupopoi/ROS-App/install/ros_app/share/ros_app/cmake/ros_appConfig.cmake
[13.597s] -- Up-to-date: /home/yupopoi/ROS-App/install/ros_app/share/ros_app/cmake/ros_appConfig-version.cmake
[13.597s] -- Up-to-date: /home/yupopoi/ROS-App/install/ros_app/share/ros_app/package.xml
[13.601s] Invoked command in '/home/yupopoi/ROS-App/build/ros_app' returned '0': CMAKE_PREFIX_PATH=${CMAKE_PREFIX_PATH}:/opt/ros/humble /usr/bin/cmake --install /home/yupopoi/ROS-App/build/ros_app
