[0.139s] DEBUG:colcon:Command line arguments: ['/usr/bin/colcon', 'build', '--event-handlers', 'status+', 'console_start_end+', '--cmake-args', '-G', 'CodeBlocks - Unix Makefiles', '-DCMAKE_BUILD_TYPE=Debug']
[0.139s] DEBUG:colcon:Parsed command line arguments: Namespace(log_base=None, log_level=None, verb_name='build', build_base='build', install_base='install', merge_install=False, symlink_install=False, test_result_base=None, continue_on_error=False, executor='parallel', parallel_workers=2, event_handlers=['status+', 'console_start_end+'], ignore_user_meta=False, metas=['./colcon.meta'], base_paths=['.'], packages_ignore=None, packages_ignore_regex=None, paths=None, packages_up_to=None, packages_up_to_regex=None, packages_above=None, packages_above_and_dependencies=None, packages_above_depth=None, packages_select_by_dep=None, packages_skip_by_dep=None, packages_skip_up_to=None, packages_select_build_failed=False, packages_skip_build_finished=False, packages_select_test_failures=False, packages_skip_test_passed=False, packages_select=None, packages_skip=None, packages_select_regex=None, packages_skip_regex=None, packages_start=None, packages_end=None, allow_overriding=[], cmake_args=['-G', 'CodeBlocks - Unix Makefiles', '-DCMAKE_BUILD_TYPE=Debug'], cmake_target=None, cmake_target_skip_unavailable=False, cmake_clean_cache=False, cmake_clean_first=False, cmake_force_configure=False, ament_cmake_args=None, catkin_cmake_args=None, catkin_skip_building_tests=False, mixin_files=None, mixin=None, verb_parser=<colcon_mixin.mixin.mixin_argument.MixinArgumentDecorator object at 0x7ad3e714d6c0>, verb_extension=<colcon_core.verb.build.BuildVerb object at 0x7ad3e714cf40>, main=<bound method BuildVerb.main of <colcon_core.verb.build.BuildVerb object at 0x7ad3e714cf40>>, mixin_verb=('build',))
[0.337s] Level 1:colcon.colcon_core.package_discovery:discover_packages(colcon_meta) check parameters
[0.338s] Level 1:colcon.colcon_core.package_discovery:discover_packages(recursive) check parameters
[0.338s] Level 1:colcon.colcon_core.package_discovery:discover_packages(ignore) check parameters
[0.338s] Level 1:colcon.colcon_core.package_discovery:discover_packages(path) check parameters
[0.338s] Level 1:colcon.colcon_core.package_discovery:discover_packages(colcon_meta) discover
[0.338s] Level 1:colcon.colcon_core.package_discovery:discover_packages(recursive) discover
[0.338s] INFO:colcon.colcon_core.package_discovery:Crawling recursively for packages in '/home/yupopoi/ROS-App'
[0.338s] Level 1:colcon.colcon_core.package_identification:_identify(.) by extensions ['ignore', 'ignore_ament_install']
[0.338s] Level 1:colcon.colcon_core.package_identification:_identify(.) by extension 'ignore'
[0.338s] Level 1:colcon.colcon_core.package_identification:_identify(.) by extension 'ignore_ament_install'
[0.338s] Level 1:colcon.colcon_core.package_identification:_identify(.) by extensions ['colcon_pkg']
[0.338s] Level 1:colcon.colcon_core.package_identification:_identify(.) by extension 'colcon_pkg'
[0.338s] Level 1:colcon.colcon_core.package_identification:_identify(.) by extensions ['colcon_meta']
[0.338s] Level 1:colcon.colcon_core.package_identification:_identify(.) by extension 'colcon_meta'
[0.338s] Level 1:colcon.colcon_core.package_identification:_identify(.) by extensions ['ros']
[0.338s] Level 1:colcon.colcon_core.package_identification:_identify(.) by extension 'ros'
[0.351s] Level 1:colcon.colcon_core.package_identification:_identify(.) by extensions ['cmake', 'python']
[0.351s] Level 1:colcon.colcon_core.package_identification:_identify(.) by extension 'cmake'
[0.351s] Level 1:colcon.colcon_core.package_identification:_identify(.) by extension 'python'
[0.351s] Level 1:colcon.colcon_core.package_identification:_identify(.) by extensions ['python_setup_py']
[0.351s] Level 1:colcon.colcon_core.package_identification:_identify(.) by extension 'python_setup_py'
[0.351s] Level 1:colcon.colcon_core.package_identification:_identify(build) by extensions ['ignore', 'ignore_ament_install']
[0.352s] Level 1:colcon.colcon_core.package_identification:_identify(build) by extension 'ignore'
[0.352s] Level 1:colcon.colcon_core.package_identification:_identify(build) ignored
[0.352s] Level 1:colcon.colcon_core.package_identification:_identify(install) by extensions ['ignore', 'ignore_ament_install']
[0.352s] Level 1:colcon.colcon_core.package_identification:_identify(install) by extension 'ignore'
[0.352s] Level 1:colcon.colcon_core.package_identification:_identify(install) ignored
[0.352s] Level 1:colcon.colcon_core.package_identification:_identify(log) by extensions ['ignore', 'ignore_ament_install']
[0.352s] Level 1:colcon.colcon_core.package_identification:_identify(log) by extension 'ignore'
[0.352s] Level 1:colcon.colcon_core.package_identification:_identify(log) ignored
[0.352s] Level 1:colcon.colcon_core.package_identification:_identify(src) by extensions ['ignore', 'ignore_ament_install']
[0.352s] Level 1:colcon.colcon_core.package_identification:_identify(src) by extension 'ignore'
[0.352s] Level 1:colcon.colcon_core.package_identification:_identify(src) by extension 'ignore_ament_install'
[0.353s] Level 1:colcon.colcon_core.package_identification:_identify(src) by extensions ['colcon_pkg']
[0.353s] Level 1:colcon.colcon_core.package_identification:_identify(src) by extension 'colcon_pkg'
[0.353s] Level 1:colcon.colcon_core.package_identification:_identify(src) by extensions ['colcon_meta']
[0.353s] Level 1:colcon.colcon_core.package_identification:_identify(src) by extension 'colcon_meta'
[0.353s] Level 1:colcon.colcon_core.package_identification:_identify(src) by extensions ['ros']
[0.353s] Level 1:colcon.colcon_core.package_identification:_identify(src) by extension 'ros'
[0.353s] Level 1:colcon.colcon_core.package_identification:_identify(src) by extensions ['cmake', 'python']
[0.353s] Level 1:colcon.colcon_core.package_identification:_identify(src) by extension 'cmake'
[0.353s] Level 1:colcon.colcon_core.package_identification:_identify(src) by extension 'python'
[0.353s] Level 1:colcon.colcon_core.package_identification:_identify(src) by extensions ['python_setup_py']
[0.353s] Level 1:colcon.colcon_core.package_identification:_identify(src) by extension 'python_setup_py'
[0.354s] Level 1:colcon.colcon_core.package_identification:_identify(src/ros_app) by extensions ['ignore', 'ignore_ament_install']
[0.354s] Level 1:colcon.colcon_core.package_identification:_identify(src/ros_app) by extension 'ignore'
[0.354s] Level 1:colcon.colcon_core.package_identification:_identify(src/ros_app) by extension 'ignore_ament_install'
[0.354s] Level 1:colcon.colcon_core.package_identification:_identify(src/ros_app) by extensions ['colcon_pkg']
[0.354s] Level 1:colcon.colcon_core.package_identification:_identify(src/ros_app) by extension 'colcon_pkg'
[0.354s] Level 1:colcon.colcon_core.package_identification:_identify(src/ros_app) by extensions ['colcon_meta']
[0.354s] Level 1:colcon.colcon_core.package_identification:_identify(src/ros_app) by extension 'colcon_meta'
[0.354s] Level 1:colcon.colcon_core.package_identification:_identify(src/ros_app) by extensions ['ros']
[0.354s] Level 1:colcon.colcon_core.package_identification:_identify(src/ros_app) by extension 'ros'
[0.357s] DEBUG:colcon.colcon_core.package_identification:Package 'src/ros_app' with type 'ros.ament_cmake' and name 'ros_app'
[0.357s] Level 1:colcon.colcon_core.package_discovery:discover_packages(recursive) using defaults
[0.357s] Level 1:colcon.colcon_core.package_discovery:discover_packages(ignore) discover
[0.357s] Level 1:colcon.colcon_core.package_discovery:discover_packages(ignore) using defaults
[0.357s] Level 1:colcon.colcon_core.package_discovery:discover_packages(path) discover
[0.357s] Level 1:colcon.colcon_core.package_discovery:discover_packages(path) using defaults
[0.376s] Level 1:colcon.colcon_core.package_discovery:discover_packages(prefix_path) check parameters
[0.376s] Level 1:colcon.colcon_core.package_discovery:discover_packages(prefix_path) discover
[0.378s] DEBUG:colcon.colcon_installed_package_information.package_discovery:Found 1 installed packages in /home/yupopoi/ROS-App/install
[0.380s] DEBUG:colcon.colcon_installed_package_information.package_discovery:Found 270 installed packages in /opt/ros/humble
[0.382s] Level 1:colcon.colcon_core.package_discovery:discover_packages(prefix_path) using defaults
[0.435s] Level 5:colcon.colcon_core.verb:set package 'ros_app' build argument 'cmake_args' from command line to '['-G', 'CodeBlocks - Unix Makefiles', '-DCMAKE_BUILD_TYPE=Debug']'
[0.435s] Level 5:colcon.colcon_core.verb:set package 'ros_app' build argument 'cmake_target' from command line to 'None'
[0.435s] Level 5:colcon.colcon_core.verb:set package 'ros_app' build argument 'cmake_target_skip_unavailable' from command line to 'False'
[0.435s] Level 5:colcon.colcon_core.verb:set package 'ros_app' build argument 'cmake_clean_cache' from command line to 'False'
[0.435s] Level 5:colcon.colcon_core.verb:set package 'ros_app' build argument 'cmake_clean_first' from command line to 'False'
[0.435s] Level 5:colcon.colcon_core.verb:set package 'ros_app' build argument 'cmake_force_configure' from command line to 'False'
[0.435s] Level 5:colcon.colcon_core.verb:set package 'ros_app' build argument 'ament_cmake_args' from command line to 'None'
[0.435s] Level 5:colcon.colcon_core.verb:set package 'ros_app' build argument 'catkin_cmake_args' from command line to 'None'
[0.435s] Level 5:colcon.colcon_core.verb:set package 'ros_app' build argument 'catkin_skip_building_tests' from command line to 'False'
[0.435s] DEBUG:colcon.colcon_core.verb:Building package 'ros_app' with the following arguments: {'ament_cmake_args': None, 'build_base': '/home/yupopoi/ROS-App/build/ros_app', 'catkin_cmake_args': None, 'catkin_skip_building_tests': False, 'cmake_args': ['-G', 'CodeBlocks - Unix Makefiles', '-DCMAKE_BUILD_TYPE=Debug'], 'cmake_clean_cache': False, 'cmake_clean_first': False, 'cmake_force_configure': False, 'cmake_target': None, 'cmake_target_skip_unavailable': False, 'install_base': '/home/yupopoi/ROS-App/install/ros_app', 'merge_install': False, 'path': '/home/yupopoi/ROS-App/src/ros_app', 'symlink_install': False, 'test_result_base': None}
[0.435s] INFO:colcon.colcon_core.executor:Executing jobs using 'parallel' executor
[0.437s] DEBUG:colcon.colcon_parallel_executor.executor.parallel:run_until_complete
[0.437s] INFO:colcon.colcon_ros.task.ament_cmake.build:Building ROS package in '/home/yupopoi/ROS-App/src/ros_app' with build type 'ament_cmake'
[0.437s] INFO:colcon.colcon_cmake.task.cmake.build:Building CMake package in '/home/yupopoi/ROS-App/src/ros_app'
[0.439s] INFO:colcon.colcon_core.plugin_system:Skipping extension 'colcon_core.shell.bat': Not used on non-Windows systems
[0.439s] INFO:colcon.colcon_core.shell:Skip shell extension 'powershell' for command environment: Not usable outside of PowerShell
[0.439s] DEBUG:colcon.colcon_core.shell:Skip shell extension 'dsv' for command environment
[0.463s] DEBUG:colcon.colcon_core.event_handler.log_command:Invoking command in '/home/yupopoi/ROS-App/build/ros_app': CMAKE_PREFIX_PATH=${CMAKE_PREFIX_PATH}:/opt/ros/humble /usr/bin/cmake --build /home/yupopoi/ROS-App/build/ros_app -- -j2 -l2
[5.841s] DEBUG:colcon.colcon_core.event_handler.log_command:Invoked command in '/home/yupopoi/ROS-App/build/ros_app' returned '0': CMAKE_PREFIX_PATH=${CMAKE_PREFIX_PATH}:/opt/ros/humble /usr/bin/cmake --build /home/yupopoi/ROS-App/build/ros_app -- -j2 -l2
[5.922s] DEBUG:colcon.colcon_core.event_handler.log_command:Invoking command in '/home/yupopoi/ROS-App/build/ros_app': CMAKE_PREFIX_PATH=${CMAKE_PREFIX_PATH}:/opt/ros/humble /usr/bin/cmake --install /home/yupopoi/ROS-App/build/ros_app
[5.933s] Level 1:colcon.colcon_core.environment:create_environment_scripts_only(ros_app)
[5.938s] DEBUG:colcon.colcon_core.event_handler.log_command:Invoked command in '/home/yupopoi/ROS-App/build/ros_app' returned '0': CMAKE_PREFIX_PATH=${CMAKE_PREFIX_PATH}:/opt/ros/humble /usr/bin/cmake --install /home/yupopoi/ROS-App/build/ros_app
[5.938s] Level 1:colcon.colcon_core.environment:checking '/home/yupopoi/ROS-App/install/ros_app' for CMake module files
[5.939s] Level 1:colcon.colcon_core.environment:checking '/home/yupopoi/ROS-App/install/ros_app' for CMake config files
[5.939s] Level 1:colcon.colcon_core.shell:create_environment_hook('ros_app', 'cmake_prefix_path')
[5.939s] INFO:colcon.colcon_core.shell:Creating environment hook '/home/yupopoi/ROS-App/install/ros_app/share/ros_app/hook/cmake_prefix_path.ps1'
[5.940s] INFO:colcon.colcon_core.shell:Creating environment descriptor '/home/yupopoi/ROS-App/install/ros_app/share/ros_app/hook/cmake_prefix_path.dsv'
[5.941s] INFO:colcon.colcon_core.shell:Creating environment hook '/home/yupopoi/ROS-App/install/ros_app/share/ros_app/hook/cmake_prefix_path.sh'
[5.942s] Level 1:colcon.colcon_core.environment:checking '/home/yupopoi/ROS-App/install/ros_app/bin'
[5.942s] Level 1:colcon.colcon_core.environment:checking '/home/yupopoi/ROS-App/install/ros_app/lib/pkgconfig/ros_app.pc'
[5.942s] Level 1:colcon.colcon_core.environment:checking '/home/yupopoi/ROS-App/install/ros_app/lib/python3.10/site-packages'
[5.942s] Level 1:colcon.colcon_core.environment:checking '/home/yupopoi/ROS-App/install/ros_app/bin'
[5.942s] INFO:colcon.colcon_core.shell:Creating package script '/home/yupopoi/ROS-App/install/ros_app/share/ros_app/package.ps1'
[5.943s] INFO:colcon.colcon_core.shell:Creating package descriptor '/home/yupopoi/ROS-App/install/ros_app/share/ros_app/package.dsv'
[5.944s] INFO:colcon.colcon_core.shell:Creating package script '/home/yupopoi/ROS-App/install/ros_app/share/ros_app/package.sh'
[5.945s] INFO:colcon.colcon_core.shell:Creating package script '/home/yupopoi/ROS-App/install/ros_app/share/ros_app/package.bash'
[5.945s] INFO:colcon.colcon_core.shell:Creating package script '/home/yupopoi/ROS-App/install/ros_app/share/ros_app/package.zsh'
[5.946s] Level 1:colcon.colcon_core.environment:create_file_with_runtime_dependencies(/home/yupopoi/ROS-App/install/ros_app/share/colcon-core/packages/ros_app)
[6.013s] Level 1:colcon.colcon_core.environment:create_environment_scripts_only(ros_app)
[6.013s] Level 1:colcon.colcon_core.environment:checking '/home/yupopoi/ROS-App/install/ros_app' for CMake module files
[6.013s] Level 1:colcon.colcon_core.environment:checking '/home/yupopoi/ROS-App/install/ros_app' for CMake config files
[6.014s] Level 1:colcon.colcon_core.shell:create_environment_hook('ros_app', 'cmake_prefix_path')
[6.014s] INFO:colcon.colcon_core.shell:Creating environment hook '/home/yupopoi/ROS-App/install/ros_app/share/ros_app/hook/cmake_prefix_path.ps1'
[6.015s] INFO:colcon.colcon_core.shell:Creating environment descriptor '/home/yupopoi/ROS-App/install/ros_app/share/ros_app/hook/cmake_prefix_path.dsv'
[6.015s] INFO:colcon.colcon_core.shell:Creating environment hook '/home/yupopoi/ROS-App/install/ros_app/share/ros_app/hook/cmake_prefix_path.sh'
[6.016s] Level 1:colcon.colcon_core.environment:checking '/home/yupopoi/ROS-App/install/ros_app/bin'
[6.016s] Level 1:colcon.colcon_core.environment:checking '/home/yupopoi/ROS-App/install/ros_app/lib/pkgconfig/ros_app.pc'
[6.016s] Level 1:colcon.colcon_core.environment:checking '/home/yupopoi/ROS-App/install/ros_app/lib/python3.10/site-packages'
[6.017s] Level 1:colcon.colcon_core.environment:checking '/home/yupopoi/ROS-App/install/ros_app/bin'
[6.017s] INFO:colcon.colcon_core.shell:Creating package script '/home/yupopoi/ROS-App/install/ros_app/share/ros_app/package.ps1'
[6.017s] INFO:colcon.colcon_core.shell:Creating package descriptor '/home/yupopoi/ROS-App/install/ros_app/share/ros_app/package.dsv'
[6.018s] INFO:colcon.colcon_core.shell:Creating package script '/home/yupopoi/ROS-App/install/ros_app/share/ros_app/package.sh'
[6.019s] INFO:colcon.colcon_core.shell:Creating package script '/home/yupopoi/ROS-App/install/ros_app/share/ros_app/package.bash'
[6.019s] INFO:colcon.colcon_core.shell:Creating package script '/home/yupopoi/ROS-App/install/ros_app/share/ros_app/package.zsh'
[6.020s] Level 1:colcon.colcon_core.environment:create_file_with_runtime_dependencies(/home/yupopoi/ROS-App/install/ros_app/share/colcon-core/packages/ros_app)
[6.021s] DEBUG:colcon.colcon_parallel_executor.executor.parallel:closing loop
[6.021s] DEBUG:colcon.colcon_parallel_executor.executor.parallel:loop closed
[6.021s] DEBUG:colcon.colcon_parallel_executor.executor.parallel:run_until_complete finished with '0'
[6.021s] DEBUG:colcon.colcon_core.event_reactor:joining thread
[6.026s] INFO:colcon.colcon_core.plugin_system:Skipping extension 'colcon_notification.desktop_notification.terminal_notifier': Not used on non-Darwin systems
[6.026s] INFO:colcon.colcon_core.plugin_system:Skipping extension 'colcon_notification.desktop_notification.win32': Not used on non-Windows systems
[6.026s] INFO:colcon.colcon_notification.desktop_notification:Sending desktop notification using 'notify2'
[6.027s] DEBUG:colcon.colcon_notification.desktop_notification.notify2:Failed to initialize notify2: org.freedesktop.DBus.Error.BadAddress: '=' character not found or has no value following it
[6.027s] DEBUG:colcon.colcon_core.event_reactor:joined thread
[6.027s] INFO:colcon.colcon_core.shell:Creating prefix script '/home/yupopoi/ROS-App/install/local_setup.ps1'
[6.028s] INFO:colcon.colcon_core.shell:Creating prefix util module '/home/yupopoi/ROS-App/install/_local_setup_util_ps1.py'
[6.029s] INFO:colcon.colcon_core.shell:Creating prefix chain script '/home/yupopoi/ROS-App/install/setup.ps1'
[6.030s] INFO:colcon.colcon_core.shell:Creating prefix script '/home/yupopoi/ROS-App/install/local_setup.sh'
[6.033s] INFO:colcon.colcon_core.shell:Creating prefix util module '/home/yupopoi/ROS-App/install/_local_setup_util_sh.py'
[6.033s] INFO:colcon.colcon_core.shell:Creating prefix chain script '/home/yupopoi/ROS-App/install/setup.sh'
[6.035s] INFO:colcon.colcon_core.shell:Creating prefix script '/home/yupopoi/ROS-App/install/local_setup.bash'
[6.035s] INFO:colcon.colcon_core.shell:Creating prefix chain script '/home/yupopoi/ROS-App/install/setup.bash'
[6.036s] INFO:colcon.colcon_core.shell:Creating prefix script '/home/yupopoi/ROS-App/install/local_setup.zsh'
[6.037s] INFO:colcon.colcon_core.shell:Creating prefix chain script '/home/yupopoi/ROS-App/install/setup.zsh'
