[0.009s] Invoking command in '/home/yupopoi/ROS-App/build/ros_app': CMAKE_PREFIX_PATH=${CMAKE_PREFIX_PATH}:/opt/ros/humble /usr/bin/cmake --build /home/yupopoi/ROS-App/build/ros_app -- -j2 -l2
[0.061s] -- Found ament_cmake: 1.3.9 (/opt/ros/humble/share/ament_cmake/cmake)
[0.216s] -- Found rclcpp: 16.0.9 (/opt/ros/humble/share/rclcpp/cmake)
[0.250s] -- Found rosidl_generator_c: 3.1.5 (/opt/ros/humble/share/rosidl_generator_c/cmake)
[0.254s] -- Found rosidl_adapter: 3.1.5 (/opt/ros/humble/share/rosidl_adapter/cmake)
[0.261s] -- Found rosidl_generator_cpp: 3.1.5 (/opt/ros/humble/share/rosidl_generator_cpp/cmake)
[0.277s] -- Using all available rosidl_typesupport_c: rosidl_typesupport_fastrtps_c;rosidl_typesupport_introspection_c
[0.297s] -- Using all available rosidl_typesupport_cpp: rosidl_typesupport_fastrtps_cpp;rosidl_typesupport_introspection_cpp
[0.367s] -- Found rmw_implementation_cmake: 6.1.2 (/opt/ros/humble/share/rmw_implementation_cmake/cmake)
[0.369s] -- Found rmw_fastrtps_cpp: 6.2.6 (/opt/ros/humble/share/rmw_fastrtps_cpp/cmake)
[0.503s] -- Using RMW implementation 'rmw_fastrtps_cpp' as default
[0.687s] -- Found sensor_msgs: 4.2.4 (/opt/ros/humble/share/sensor_msgs/cmake)
[0.839s] CMake Error at CMakeLists.txt:17 (find_package):
[0.839s]   By not providing "Findmoveit_msgs.cmake" in CMAKE_MODULE_PATH this project
[0.839s]   has asked CMake to find a package configuration file provided by
[0.839s]   "moveit_msgs", but CMake did not find one.
[0.839s] 
[0.840s]   Could not find a package configuration file provided by "moveit_msgs" with
[0.840s]   any of the following names:
[0.840s] 
[0.840s]     moveit_msgsConfig.cmake
[0.840s]     moveit_msgs-config.cmake
[0.840s] 
[0.840s]   Add the installation prefix of "moveit_msgs" to CMAKE_PREFIX_PATH or set
[0.840s]   "moveit_msgs_DIR" to a directory containing one of the above files.  If
[0.840s]   "moveit_msgs" provides a separate development package or SDK, be sure it
[0.840s]   has been installed.
[0.840s] 
[0.841s] 
[0.841s] -- Configuring incomplete, errors occurred!
[0.842s] See also "/home/yupopoi/ROS-App/build/ros_app/CMakeFiles/CMakeOutput.log".
[0.852s] gmake: *** [Makefile:389: cmake_check_build_system] Error 1
[0.854s] Invoked command in '/home/yupopoi/ROS-App/build/ros_app' returned '2': CMAKE_PREFIX_PATH=${CMAKE_PREFIX_PATH}:/opt/ros/humble /usr/bin/cmake --build /home/yupopoi/ROS-App/build/ros_app -- -j2 -l2
