[0.016s] Invoking command in '/home/yupopoi/ROS-App/build/ros_app': CMAKE_PREFIX_PATH=${CMAKE_PREFIX_PATH}:/opt/ros/humble /usr/bin/cmake --build /home/yupopoi/ROS-App/build/ros_app -- -j2 -l2
[0.053s] -- Found ament_cmake: 1.3.9 (/opt/ros/humble/share/ament_cmake/cmake)
[0.186s] -- Found rclcpp: 16.0.9 (/opt/ros/humble/share/rclcpp/cmake)
[0.212s] -- Found rosidl_generator_c: 3.1.5 (/opt/ros/humble/share/rosidl_generator_c/cmake)
[0.215s] -- Found rosidl_adapter: 3.1.5 (/opt/ros/humble/share/rosidl_adapter/cmake)
[0.221s] -- Found rosidl_generator_cpp: 3.1.5 (/opt/ros/humble/share/rosidl_generator_cpp/cmake)
[0.233s] -- Using all available rosidl_typesupport_c: rosidl_typesupport_fastrtps_c;rosidl_typesupport_introspection_c
[0.250s] -- Using all available rosidl_typesupport_cpp: rosidl_typesupport_fastrtps_cpp;rosidl_typesupport_introspection_cpp
[0.309s] -- Found rmw_implementation_cmake: 6.1.2 (/opt/ros/humble/share/rmw_implementation_cmake/cmake)
[0.310s] -- Found rmw_fastrtps_cpp: 6.2.6 (/opt/ros/humble/share/rmw_fastrtps_cpp/cmake)
[0.426s] -- Using RMW implementation 'rmw_fastrtps_cpp' as default
[0.664s] -- Found ament_lint_auto: 0.12.11 (/opt/ros/humble/share/ament_lint_auto/cmake)
[0.731s] -- Added test 'cppcheck' to perform static code analysis on C / C++ code
[0.732s] -- Configured cppcheck include dirs: /home/yupopoi/ROS-App/src/ros_app/src/header;/home/yupopoi/ROS-App/src/ros_app/src/source;/home/yupopoi/ROS-App/src/ros_app/src/ui
[0.732s] -- Configured cppcheck exclude dirs and/or files: 
[0.733s] -- Added test 'lint_cmake' to check CMake code style
[0.735s] -- Added test 'uncrustify' to check C / C++ code style
[0.735s] -- Configured uncrustify additional arguments: 
[0.736s] -- Added test 'xmllint' to check XML markup files
[0.737s] -- Configuring done
[0.784s] -- Generating done
[0.787s] -- Build files have been written to: /home/yupopoi/ROS-App/build/ros_app
[0.840s] [ 16%] Automatic MOC and UIC for target MainWindow
[0.852s] 
[0.852s] AutoUic error
[0.853s] -------------
[0.853s] "SRC:/src/header/mainwindow.h"
[0.853s] includes the uic file "ui_mainwindow.h",
[0.853s] but the user interface file "mainwindow.ui"
[0.853s] could not be found in the following directories
[0.853s]   "SRC:/src/header"
[0.853s]   "SRC:/ui"
[0.853s] 
[0.859s] gmake[2]: *** [CMakeFiles/MainWindow_autogen.dir/build.make:71: CMakeFiles/MainWindow_autogen] Error 1
[0.859s] gmake[1]: *** [CMakeFiles/Makefile2:164: CMakeFiles/MainWindow_autogen.dir/all] Error 2
[0.860s] gmake: *** [Makefile:146: all] Error 2
[0.861s] Invoked command in '/home/yupopoi/ROS-App/build/ros_app' returned '2': CMAKE_PREFIX_PATH=${CMAKE_PREFIX_PATH}:/opt/ros/humble /usr/bin/cmake --build /home/yupopoi/ROS-App/build/ros_app -- -j2 -l2
