[0.015s] Invoking command in '/home/yupopoi/ROS-App/build/ros_app': CMAKE_PREFIX_PATH=${CMAKE_PREFIX_PATH}:/opt/ros/humble /usr/bin/cmake --build /home/yupopoi/ROS-App/build/ros_app -- -j2 -l2
[0.091s] [ 25%] Automatic MOC and UIC for target MainWindow
[0.124s] [ 25%] Built target MainWindow_autogen
[0.154s] [ 50%] Building CXX object CMakeFiles/MainWindow.dir/src/source/UnityConnector.cpp.o
[0.154s] [ 75%] Building CXX object CMakeFiles/MainWindow.dir/MainWindow_autogen/mocs_compilation.cpp.o
[0.450s] In file included from /home/yupopoi/ROS-App/src/ros_app/src/source/UnityConnector.cpp:1:
[0.450s] /home/yupopoi/ROS-App/src/ros_app/src/header/UnityConnector.h:5:10: fatal error: QTcpServer: No such file or directory
[0.450s]     5 | #include <QTcpServer>
[0.450s]       |          ^~~~~~~~~~~~
[0.450s] compilation terminated.
[0.453s] gmake[2]: *** [CMakeFiles/MainWindow.dir/build.make:90: CMakeFiles/MainWindow.dir/src/source/UnityConnector.cpp.o] Error 1
[0.453s] gmake[2]: *** Waiting for unfinished jobs....
[0.458s] In file included from /home/yupopoi/ROS-App/build/ros_app/MainWindow_autogen/WBNAARIPX6/moc_UnityConnector.cpp:9,
[0.458s]                  from /home/yupopoi/ROS-App/build/ros_app/MainWindow_autogen/mocs_compilation.cpp:2:
[0.458s] /home/yupopoi/ROS-App/build/ros_app/MainWindow_autogen/WBNAARIPX6/../../../../src/ros_app/src/header/UnityConnector.h:5:10: fatal error: QTcpServer: No such file or directory
[0.458s]     5 | #include <QTcpServer>
[0.458s]       |          ^~~~~~~~~~~~
[0.458s] compilation terminated.
[0.460s] gmake[2]: *** [CMakeFiles/MainWindow.dir/build.make:76: CMakeFiles/MainWindow.dir/MainWindow_autogen/mocs_compilation.cpp.o] Error 1
[0.460s] gmake[1]: *** [CMakeFiles/Makefile2:138: CMakeFiles/MainWindow.dir/all] Error 2
[0.462s] gmake: *** [Makefile:146: all] Error 2
[0.462s] Invoked command in '/home/yupopoi/ROS-App/build/ros_app' returned '2': CMAKE_PREFIX_PATH=${CMAKE_PREFIX_PATH}:/opt/ros/humble /usr/bin/cmake --build /home/yupopoi/ROS-App/build/ros_app -- -j2 -l2
