[0.000000] (-) TimerEvent: {}
[0.002314] (ros_app) JobQueued: {'identifier': 'ros_app', 'dependencies': OrderedDict()}
[0.002391] (ros_app) JobStarted: {'identifier': 'ros_app'}
[0.015124] (ros_app) JobProgress: {'identifier': 'ros_app', 'progress': 'cmake'}
[0.015184] (ros_app) JobProgress: {'identifier': 'ros_app', 'progress': 'build'}
[0.015210] (ros_app) Command: {'cmd': ['/usr/bin/cmake', '--build', '/home/yupopoi/ROS-App/build/ros_app', '--', '-j2', '-l2'], 'cwd': '/home/yupopoi/ROS-App/build/ros_app', 'env': OrderedDict([('GJS_DEBUG_TOPICS', 'JS ERROR;JS LOG'), ('USER', 'yupopoi'), ('XDG_SESSION_TYPE', 'wayland'), ('LD_LIBRARY_PATH', '/opt/ros/humble/opt/rviz_ogre_vendor/lib:/opt/ros/humble/lib/x86_64-linux-gnu:/opt/ros/humble/lib'), ('SHLVL', '58'), ('HOME', '/home/yupopoi'), ('DESKTOP_SESSION', 'ubuntu'), ('GIO_LAUNCHED_DESKTOP_FILE', '/home/yupopoi/.local/share/applications/org.qt-project.qtcreator.desktop'), ('GNOME_SHELL_SESSION_MODE', 'ubuntu'), ('GTK_MODULES', 'gail:atk-bridge'), ('ROS_PYTHON_VERSION', '3'), ('MANAGERPID', '1002'), ('DBUS_SESSION_BUS_ADDRESS', 'unix:path'), ('SYSTEMD_EXEC_PID', '1194'), ('GIO_LAUNCHED_DESKTOP_FILE_PID', '2103'), ('COLCON_PREFIX_PATH', '/home/yupopoi/ROS-App/install'), ('IM_CONFIG_PHASE', '1'), ('ROS_DISTRO', 'humble'), ('WAYLAND_DISPLAY', 'wayland-0'), ('LOGNAME', 'yupopoi'), ('JOURNAL_STREAM', '8:32944'), ('_', '/usr/bin/env'), ('ROS_VERSION', '2'), ('XDG_SESSION_CLASS', 'user'), ('QSG_RHI_BACKEND', 'opengl'), ('TERM', 'xterm'), ('USERNAME', 'yupopoi'), ('GNOME_DESKTOP_SESSION_ID', 'this-is-deprecated'), ('ROS_LOCALHOST_ONLY', '0'), ('PATH', '/opt/ros/humble/bin:/usr/local/sbin:/usr/local/bin:/usr/sbin:/usr/bin:/sbin:/bin:/usr/games:/usr/local/games:/snap/bin:/snap/bin'), ('INVOCATION_ID', 'c789fe05f65749fd90d72feeaf56253e'), ('SESSION_MANAGER', 'local/yupopoi-u2:@/tmp/.ICE-unix/1171,unix/yupopoi-u2:/tmp/.ICE-unix/1171'), ('GNOME_SETUP_DISPLAY', ':1'), ('XDG_MENU_PREFIX', 'gnome-'), ('XDG_RUNTIME_DIR', '/run/user/1000'), ('DISPLAY', ':0'), ('LANG', 'en_US.UTF-8'), ('XDG_CURRENT_DESKTOP', 'ubuntu:GNOME'), ('XAUTHORITY', '/run/user/1000/.mutter-Xwaylandauth.2HUPQ2'), ('XDG_SESSION_DESKTOP', 'ubuntu'), ('XMODIFIERS', '@im'), ('AMENT_PREFIX_PATH', '/home/yupopoi/ROS-App/install/ros_app:/opt/ros/humble'), ('SSH_AGENT_LAUNCHER', 'gnome-keyring'), ('SSH_AUTH_SOCK', '/run/user/1000/keyring/ssh'), ('SHELL', '/bin/bash'), ('GDMSESSION', 'ubuntu'), ('QT_ACCESSIBILITY', '1'), ('GJS_DEBUG_OUTPUT', 'stderr'), ('QT_IM_MODULE', 'ibus'), ('LC_ALL', 'en_US.UTF-8'), ('PWD', '/home/yupopoi/ROS-App/build/ros_app'), ('QT_QPA_PLATFORM', 'xcb'), ('XDG_CONFIG_DIRS', '/etc/xdg/xdg-ubuntu:/etc/xdg'), ('XDG_DATA_DIRS', '/usr/share/ubuntu:/usr/local/share/:/usr/share/:/var/lib/snapd/desktop'), ('PYTHONPATH', '/opt/ros/humble/lib/python3.10/site-packages:/opt/ros/humble/local/lib/python3.10/dist-packages'), ('COLCON', '1'), ('CMAKE_PREFIX_PATH', '/home/yupopoi/ROS-App/install/ros_app:/home/yupopoi/Qt/6.7.2/gcc_64/lib/cmake:/opt/ros/humble'), ('GTK_THEME', ':light')]), 'shell': False}
[0.056671] (ros_app) StdoutLine: {'line': b'-- Found ament_cmake: 1.3.9 (/opt/ros/humble/share/ament_cmake/cmake)\n'}
[0.100028] (-) TimerEvent: {}
[0.178077] (ros_app) StdoutLine: {'line': b'-- Found rclcpp: 16.0.9 (/opt/ros/humble/share/rclcpp/cmake)\n'}
[0.200197] (-) TimerEvent: {}
[0.206279] (ros_app) StdoutLine: {'line': b'-- Found rosidl_generator_c: 3.1.5 (/opt/ros/humble/share/rosidl_generator_c/cmake)\n'}
[0.208868] (ros_app) StdoutLine: {'line': b'-- Found rosidl_adapter: 3.1.5 (/opt/ros/humble/share/rosidl_adapter/cmake)\n'}
[0.214925] (ros_app) StdoutLine: {'line': b'-- Found rosidl_generator_cpp: 3.1.5 (/opt/ros/humble/share/rosidl_generator_cpp/cmake)\n'}
[0.227630] (ros_app) StdoutLine: {'line': b'-- Using all available rosidl_typesupport_c: rosidl_typesupport_fastrtps_c;rosidl_typesupport_introspection_c\n'}
[0.244114] (ros_app) StdoutLine: {'line': b'-- Using all available rosidl_typesupport_cpp: rosidl_typesupport_fastrtps_cpp;rosidl_typesupport_introspection_cpp\n'}
[0.300349] (-) TimerEvent: {}
[0.302274] (ros_app) StdoutLine: {'line': b'-- Found rmw_implementation_cmake: 6.1.2 (/opt/ros/humble/share/rmw_implementation_cmake/cmake)\n'}
[0.303523] (ros_app) StdoutLine: {'line': b'-- Found rmw_fastrtps_cpp: 6.2.6 (/opt/ros/humble/share/rmw_fastrtps_cpp/cmake)\n'}
[0.400507] (-) TimerEvent: {}
[0.420348] (ros_app) StdoutLine: {'line': b"-- Using RMW implementation 'rmw_fastrtps_cpp' as default\n"}
[0.500640] (-) TimerEvent: {}
[0.601763] (-) TimerEvent: {}
[0.648704] (ros_app) StdoutLine: {'line': b'-- Found ament_lint_auto: 0.12.11 (/opt/ros/humble/share/ament_lint_auto/cmake)\n'}
[0.701925] (-) TimerEvent: {}
[0.715814] (ros_app) StdoutLine: {'line': b"-- Added test 'cppcheck' to perform static code analysis on C / C++ code\n"}
[0.715954] (ros_app) StdoutLine: {'line': b'-- Configured cppcheck include dirs: /home/yupopoi/ROS-App/src/ros_app/src/header;/home/yupopoi/ROS-App/src/ros_app/src/source;/home/yupopoi/ROS-App/src/ros_app/src/ui\n'}
[0.716033] (ros_app) StdoutLine: {'line': b'-- Configured cppcheck exclude dirs and/or files: \n'}
[0.717862] (ros_app) StdoutLine: {'line': b"-- Added test 'lint_cmake' to check CMake code style\n"}
[0.718923] (ros_app) StdoutLine: {'line': b"-- Added test 'uncrustify' to check C / C++ code style\n"}
[0.719003] (ros_app) StdoutLine: {'line': b'-- Configured uncrustify additional arguments: \n'}
[0.719077] (ros_app) StdoutLine: {'line': b"-- Added test 'xmllint' to check XML markup files\n"}
[0.719473] (ros_app) StdoutLine: {'line': b'-- Configuring done\n'}
[0.734655] (ros_app) StdoutLine: {'line': b'-- Generating done\n'}
[0.745475] (ros_app) StdoutLine: {'line': b'-- Build files have been written to: /home/yupopoi/ROS-App/build/ros_app\n'}
[0.769590] (ros_app) CommandEnded: {'returncode': 0}
[0.802001] (-) TimerEvent: {}
[0.807090] (ros_app) JobProgress: {'identifier': 'ros_app', 'progress': 'install'}
[0.815757] (ros_app) Command: {'cmd': ['/usr/bin/cmake', '--install', '/home/yupopoi/ROS-App/build/ros_app'], 'cwd': '/home/yupopoi/ROS-App/build/ros_app', 'env': OrderedDict([('GJS_DEBUG_TOPICS', 'JS ERROR;JS LOG'), ('USER', 'yupopoi'), ('XDG_SESSION_TYPE', 'wayland'), ('LD_LIBRARY_PATH', '/opt/ros/humble/opt/rviz_ogre_vendor/lib:/opt/ros/humble/lib/x86_64-linux-gnu:/opt/ros/humble/lib'), ('SHLVL', '58'), ('HOME', '/home/yupopoi'), ('DESKTOP_SESSION', 'ubuntu'), ('GIO_LAUNCHED_DESKTOP_FILE', '/home/yupopoi/.local/share/applications/org.qt-project.qtcreator.desktop'), ('GNOME_SHELL_SESSION_MODE', 'ubuntu'), ('GTK_MODULES', 'gail:atk-bridge'), ('ROS_PYTHON_VERSION', '3'), ('MANAGERPID', '1002'), ('DBUS_SESSION_BUS_ADDRESS', 'unix:path'), ('SYSTEMD_EXEC_PID', '1194'), ('GIO_LAUNCHED_DESKTOP_FILE_PID', '2103'), ('COLCON_PREFIX_PATH', '/home/yupopoi/ROS-App/install'), ('IM_CONFIG_PHASE', '1'), ('ROS_DISTRO', 'humble'), ('WAYLAND_DISPLAY', 'wayland-0'), ('LOGNAME', 'yupopoi'), ('JOURNAL_STREAM', '8:32944'), ('_', '/usr/bin/env'), ('ROS_VERSION', '2'), ('XDG_SESSION_CLASS', 'user'), ('QSG_RHI_BACKEND', 'opengl'), ('TERM', 'xterm'), ('USERNAME', 'yupopoi'), ('GNOME_DESKTOP_SESSION_ID', 'this-is-deprecated'), ('ROS_LOCALHOST_ONLY', '0'), ('PATH', '/opt/ros/humble/bin:/usr/local/sbin:/usr/local/bin:/usr/sbin:/usr/bin:/sbin:/bin:/usr/games:/usr/local/games:/snap/bin:/snap/bin'), ('INVOCATION_ID', 'c789fe05f65749fd90d72feeaf56253e'), ('SESSION_MANAGER', 'local/yupopoi-u2:@/tmp/.ICE-unix/1171,unix/yupopoi-u2:/tmp/.ICE-unix/1171'), ('GNOME_SETUP_DISPLAY', ':1'), ('XDG_MENU_PREFIX', 'gnome-'), ('XDG_RUNTIME_DIR', '/run/user/1000'), ('DISPLAY', ':0'), ('LANG', 'en_US.UTF-8'), ('XDG_CURRENT_DESKTOP', 'ubuntu:GNOME'), ('XAUTHORITY', '/run/user/1000/.mutter-Xwaylandauth.2HUPQ2'), ('XDG_SESSION_DESKTOP', 'ubuntu'), ('XMODIFIERS', '@im'), ('AMENT_PREFIX_PATH', '/home/yupopoi/ROS-App/install/ros_app:/opt/ros/humble'), ('SSH_AGENT_LAUNCHER', 'gnome-keyring'), ('SSH_AUTH_SOCK', '/run/user/1000/keyring/ssh'), ('SHELL', '/bin/bash'), ('GDMSESSION', 'ubuntu'), ('QT_ACCESSIBILITY', '1'), ('GJS_DEBUG_OUTPUT', 'stderr'), ('QT_IM_MODULE', 'ibus'), ('LC_ALL', 'en_US.UTF-8'), ('PWD', '/home/yupopoi/ROS-App/build/ros_app'), ('QT_QPA_PLATFORM', 'xcb'), ('XDG_CONFIG_DIRS', '/etc/xdg/xdg-ubuntu:/etc/xdg'), ('XDG_DATA_DIRS', '/usr/share/ubuntu:/usr/local/share/:/usr/share/:/var/lib/snapd/desktop'), ('PYTHONPATH', '/opt/ros/humble/lib/python3.10/site-packages:/opt/ros/humble/local/lib/python3.10/dist-packages'), ('COLCON', '1'), ('CMAKE_PREFIX_PATH', '/home/yupopoi/ROS-App/install/ros_app:/home/yupopoi/Qt/6.7.2/gcc_64/lib/cmake:/opt/ros/humble'), ('GTK_THEME', ':light')]), 'shell': False}
[0.826779] (ros_app) StdoutLine: {'line': b'-- Install configuration: "Debug"\n'}
[0.826912] (ros_app) StdoutLine: {'line': b'-- Up-to-date: /home/yupopoi/ROS-App/install/ros_app/share/ament_index/resource_index/package_run_dependencies/ros_app\n'}
[0.826991] (ros_app) StdoutLine: {'line': b'-- Up-to-date: /home/yupopoi/ROS-App/install/ros_app/share/ament_index/resource_index/parent_prefix_path/ros_app\n'}
[0.827065] (ros_app) StdoutLine: {'line': b'-- Up-to-date: /home/yupopoi/ROS-App/install/ros_app/share/ros_app/environment/ament_prefix_path.sh\n'}
[0.827138] (ros_app) StdoutLine: {'line': b'-- Installing: /home/yupopoi/ROS-App/install/ros_app/share/ros_app/environment/ament_prefix_path.dsv\n'}
[0.827210] (ros_app) StdoutLine: {'line': b'-- Up-to-date: /home/yupopoi/ROS-App/install/ros_app/share/ros_app/environment/path.sh\n'}
[0.827282] (ros_app) StdoutLine: {'line': b'-- Installing: /home/yupopoi/ROS-App/install/ros_app/share/ros_app/environment/path.dsv\n'}
[0.827354] (ros_app) StdoutLine: {'line': b'-- Up-to-date: /home/yupopoi/ROS-App/install/ros_app/share/ros_app/local_setup.bash\n'}
[0.827555] (ros_app) StdoutLine: {'line': b'-- Up-to-date: /home/yupopoi/ROS-App/install/ros_app/share/ros_app/local_setup.sh\n'}
[0.827637] (ros_app) StdoutLine: {'line': b'-- Up-to-date: /home/yupopoi/ROS-App/install/ros_app/share/ros_app/local_setup.zsh\n'}
[0.827764] (ros_app) StdoutLine: {'line': b'-- Installing: /home/yupopoi/ROS-App/install/ros_app/share/ros_app/local_setup.dsv\n'}
[0.827837] (ros_app) StdoutLine: {'line': b'-- Installing: /home/yupopoi/ROS-App/install/ros_app/share/ros_app/package.dsv\n'}
[0.827908] (ros_app) StdoutLine: {'line': b'-- Up-to-date: /home/yupopoi/ROS-App/install/ros_app/share/ament_index/resource_index/packages/ros_app\n'}
[0.827980] (ros_app) StdoutLine: {'line': b'-- Up-to-date: /home/yupopoi/ROS-App/install/ros_app/share/ros_app/cmake/ros_appConfig.cmake\n'}
[0.828050] (ros_app) StdoutLine: {'line': b'-- Up-to-date: /home/yupopoi/ROS-App/install/ros_app/share/ros_app/cmake/ros_appConfig-version.cmake\n'}
[0.828121] (ros_app) StdoutLine: {'line': b'-- Up-to-date: /home/yupopoi/ROS-App/install/ros_app/share/ros_app/package.xml\n'}
[0.833507] (ros_app) CommandEnded: {'returncode': 0}
[0.886376] (ros_app) JobEnded: {'identifier': 'ros_app', 'rc': 0}
[0.886719] (-) EventReactorShutdown: {}
