[0.000000] (-) TimerEvent: {}
[0.001603] (ros_app) JobQueued: {'identifier': 'ros_app', 'dependencies': OrderedDict()}
[0.001664] (ros_app) JobStarted: {'identifier': 'ros_app'}
[0.016930] (ros_app) JobProgress: {'identifier': 'ros_app', 'progress': 'cmake'}
[0.016999] (ros_app) JobProgress: {'identifier': 'ros_app', 'progress': 'build'}
[0.017026] (ros_app) Command: {'cmd': ['/usr/bin/cmake', '--build', '/home/yupopoi/ROS-App/build/ros_app', '--', '-j2', '-l2'], 'cwd': '/home/yupopoi/ROS-App/build/ros_app', 'env': OrderedDict([('GJS_DEBUG_TOPICS', 'JS ERROR;JS LOG'), ('USER', 'yupopoi'), ('XDG_SESSION_TYPE', 'wayland'), ('LD_LIBRARY_PATH', '/opt/ros/humble/opt/rviz_ogre_vendor/lib:/opt/ros/humble/lib/x86_64-linux-gnu:/opt/ros/humble/lib'), ('SHLVL', '32'), ('HOME', '/home/yupopoi'), ('DESKTOP_SESSION', 'ubuntu'), ('GIO_LAUNCHED_DESKTOP_FILE', '/home/yupopoi/.local/share/applications/org.qt-project.qtcreator.desktop'), ('GNOME_SHELL_SESSION_MODE', 'ubuntu'), ('GTK_MODULES', 'gail:atk-bridge'), ('ROS_PYTHON_VERSION', '3'), ('MANAGERPID', '894'), ('DBUS_SESSION_BUS_ADDRESS', 'unix:path'), ('SYSTEMD_EXEC_PID', '1235'), ('GIO_LAUNCHED_DESKTOP_FILE_PID', '11637'), ('COLCON_PREFIX_PATH', '/home/yupopoi/ROS-App/install'), ('IM_CONFIG_PHASE', '1'), ('ROS_DISTRO', 'humble'), ('WAYLAND_DISPLAY', 'wayland-0'), ('LOGNAME', 'yupopoi'), ('JOURNAL_STREAM', '8:29359'), ('_', '/usr/bin/env'), ('ROS_VERSION', '2'), ('XDG_SESSION_CLASS', 'user'), ('QSG_RHI_BACKEND', 'opengl'), ('TERM', 'xterm'), ('USERNAME', 'yupopoi'), ('GNOME_DESKTOP_SESSION_ID', 'this-is-deprecated'), ('ROS_LOCALHOST_ONLY', '0'), ('PATH', '/opt/ros/humble/bin:/usr/local/sbin:/usr/local/bin:/usr/sbin:/usr/bin:/sbin:/bin:/usr/games:/usr/local/games:/snap/bin:/snap/bin'), ('INVOCATION_ID', '02055485e42e450db101b3f30c82da1d'), ('SESSION_MANAGER', 'local/yupopoi-u2:@/tmp/.ICE-unix/1211,unix/yupopoi-u2:/tmp/.ICE-unix/1211'), ('GNOME_SETUP_DISPLAY', ':1'), ('XDG_MENU_PREFIX', 'gnome-'), ('XDG_RUNTIME_DIR', '/run/user/1000'), ('DISPLAY', ':0'), ('LANG', 'en_US.UTF-8'), ('XDG_CURRENT_DESKTOP', 'ubuntu:GNOME'), ('XAUTHORITY', '/run/user/1000/.mutter-Xwaylandauth.UK7NQ2'), ('XDG_SESSION_DESKTOP', 'ubuntu'), ('XMODIFIERS', '@im'), ('AMENT_PREFIX_PATH', '/home/yupopoi/ROS-App/install/ros_app:/opt/ros/humble'), ('SSH_AGENT_LAUNCHER', 'gnome-keyring'), ('SSH_AUTH_SOCK', '/run/user/1000/keyring/ssh'), ('SHELL', '/bin/bash'), ('GDMSESSION', 'ubuntu'), ('QT_ACCESSIBILITY', '1'), ('GJS_DEBUG_OUTPUT', 'stderr'), ('QT_IM_MODULE', 'ibus'), ('LC_ALL', 'en_US.UTF-8'), ('PWD', '/home/yupopoi/ROS-App/build/ros_app'), ('QT_QPA_PLATFORM', 'xcb'), ('XDG_CONFIG_DIRS', '/etc/xdg/xdg-ubuntu:/etc/xdg'), ('XDG_DATA_DIRS', '/usr/share/ubuntu:/usr/local/share/:/usr/share/:/var/lib/snapd/desktop'), ('PYTHONPATH', '/opt/ros/humble/lib/python3.10/site-packages:/opt/ros/humble/local/lib/python3.10/dist-packages'), ('COLCON', '1'), ('CMAKE_PREFIX_PATH', '/home/yupopoi/ROS-App/install/ros_app:/home/yupopoi/Qt/6.7.2/gcc_64/lib/cmake:/opt/ros/humble'), ('GTK_THEME', ':light')]), 'shell': False}
[0.060099] (ros_app) StdoutLine: {'line': b'-- Found ament_cmake: 1.3.9 (/opt/ros/humble/share/ament_cmake/cmake)\n'}
[0.100473] (-) TimerEvent: {}
[0.200884] (-) TimerEvent: {}
[0.301169] (-) TimerEvent: {}
[0.369930] (ros_app) StdoutLine: {'line': b'-- Found rclcpp: 16.0.9 (/opt/ros/humble/share/rclcpp/cmake)\n'}
[0.401251] (-) TimerEvent: {}
[0.403111] (ros_app) StdoutLine: {'line': b'-- Found rosidl_generator_c: 3.1.5 (/opt/ros/humble/share/rosidl_generator_c/cmake)\n'}
[0.407328] (ros_app) StdoutLine: {'line': b'-- Found rosidl_adapter: 3.1.5 (/opt/ros/humble/share/rosidl_adapter/cmake)\n'}
[0.411745] (ros_app) StdoutLine: {'line': b'-- Found rosidl_generator_cpp: 3.1.5 (/opt/ros/humble/share/rosidl_generator_cpp/cmake)\n'}
[0.423119] (ros_app) StdoutLine: {'line': b'-- Using all available rosidl_typesupport_c: rosidl_typesupport_fastrtps_c;rosidl_typesupport_introspection_c\n'}
[0.440512] (ros_app) StdoutLine: {'line': b'-- Using all available rosidl_typesupport_cpp: rosidl_typesupport_fastrtps_cpp;rosidl_typesupport_introspection_cpp\n'}
[0.501338] (-) TimerEvent: {}
[0.504307] (ros_app) StdoutLine: {'line': b'-- Found rmw_implementation_cmake: 6.1.2 (/opt/ros/humble/share/rmw_implementation_cmake/cmake)\n'}
[0.504437] (ros_app) StdoutLine: {'line': b'-- Found rmw_fastrtps_cpp: 6.2.6 (/opt/ros/humble/share/rmw_fastrtps_cpp/cmake)\n'}
[0.601456] (-) TimerEvent: {}
[0.627232] (ros_app) StdoutLine: {'line': b"-- Using RMW implementation 'rmw_fastrtps_cpp' as default\n"}
[0.701532] (-) TimerEvent: {}
[0.802755] (-) TimerEvent: {}
[0.868319] (ros_app) StdoutLine: {'line': b'-- Found ament_lint_auto: 0.12.11 (/opt/ros/humble/share/ament_lint_auto/cmake)\n'}
[0.902894] (-) TimerEvent: {}
[1.003162] (-) TimerEvent: {}
[1.092189] (ros_app) StdoutLine: {'line': b"-- Added test 'cppcheck' to perform static code analysis on C / C++ code\n"}
[1.092603] (ros_app) StdoutLine: {'line': b'-- Configured cppcheck include dirs: /home/yupopoi/ROS-App/src/ros_app/src/header;/home/yupopoi/ROS-App/src/ros_app/src/source;/home/yupopoi/ROS-App/src/ros_app/src/ui\n'}
[1.092949] (ros_app) StdoutLine: {'line': b'-- Configured cppcheck exclude dirs and/or files: \n'}
[1.093900] (ros_app) StdoutLine: {'line': b"-- Added test 'lint_cmake' to check CMake code style\n"}
[1.095623] (ros_app) StdoutLine: {'line': b"-- Added test 'uncrustify' to check C / C++ code style\n"}
[1.095889] (ros_app) StdoutLine: {'line': b'-- Configured uncrustify additional arguments: \n'}
[1.096315] (ros_app) StdoutLine: {'line': b"-- Added test 'xmllint' to check XML markup files\n"}
[1.097419] (ros_app) StdoutLine: {'line': b'-- Configuring done\n'}
[1.103272] (-) TimerEvent: {}
[1.176395] (ros_app) StdoutLine: {'line': b'-- Generating done\n'}
[1.181289] (ros_app) StdoutLine: {'line': b'-- Build files have been written to: /home/yupopoi/ROS-App/build/ros_app\n'}
[1.204359] (-) TimerEvent: {}
[1.226698] (ros_app) StdoutLine: {'line': b'[ 25%] Automatic MOC and UIC for target MainWindow\n'}
[1.305742] (-) TimerEvent: {}
[1.406160] (-) TimerEvent: {}
[1.506673] (-) TimerEvent: {}
[1.606955] (-) TimerEvent: {}
[1.707231] (-) TimerEvent: {}
[1.807773] (-) TimerEvent: {}
[1.871636] (ros_app) StdoutLine: {'line': b'[ 25%] Built target MainWindow_autogen\n'}
[1.907869] (-) TimerEvent: {}
[1.911389] (ros_app) StdoutLine: {'line': b'[ 50%] Building CXX object CMakeFiles/MainWindow.dir/MainWindow_autogen/mocs_compilation.cpp.o\n'}
[1.913159] (ros_app) StdoutLine: {'line': b'[ 75%] Building CXX object CMakeFiles/MainWindow.dir/src/source/UnityConnector.cpp.o\n'}
[2.007987] (-) TimerEvent: {}
[2.108278] (-) TimerEvent: {}
[2.208600] (-) TimerEvent: {}
[2.220632] (ros_app) StderrLine: {'line': b'In file included from /home/yupopoi/ROS-App/build/ros_app/MainWindow_autogen/WBNAARIPX6/moc_UnityConnector.cpp:9,\n'}
[2.220906] (ros_app) StderrLine: {'line': b'                 from /home/yupopoi/ROS-App/build/ros_app/MainWindow_autogen/mocs_compilation.cpp:2:\n'}
[2.221050] (ros_app) StderrLine: {'line': b'/home/yupopoi/ROS-App/build/ros_app/MainWindow_autogen/WBNAARIPX6/../../../../src/ros_app/src/header/UnityConnector.h:5:10: fatal error: QTcpServer: No such file or directory\n'}
[2.221133] (ros_app) StderrLine: {'line': b'    5 | #include <QTcpServer>\n'}
[2.221212] (ros_app) StderrLine: {'line': b'      |          ^~~~~~~~~~~~\n'}
[2.221288] (ros_app) StderrLine: {'line': b'compilation terminated.\n'}
[2.222540] (ros_app) StderrLine: {'line': b'In file included from /home/yupopoi/ROS-App/src/ros_app/src/source/UnityConnector.cpp:1:\n'}
[2.222646] (ros_app) StderrLine: {'line': b'/home/yupopoi/ROS-App/src/ros_app/src/header/UnityConnector.h:5:10: fatal error: QTcpServer: No such file or directory\n'}
[2.222726] (ros_app) StderrLine: {'line': b'    5 | #include <QTcpServer>\n'}
[2.222803] (ros_app) StderrLine: {'line': b'      |          ^~~~~~~~~~~~\n'}
[2.222880] (ros_app) StderrLine: {'line': b'compilation terminated.\n'}
[2.224044] (ros_app) StderrLine: {'line': b'gmake[2]: *** [CMakeFiles/MainWindow.dir/build.make:76: CMakeFiles/MainWindow.dir/MainWindow_autogen/mocs_compilation.cpp.o] Error 1\n'}
[2.224150] (ros_app) StderrLine: {'line': b'gmake[2]: *** Waiting for unfinished jobs....\n'}
[2.240980] (ros_app) StderrLine: {'line': b'gmake[2]: *** [CMakeFiles/MainWindow.dir/build.make:90: CMakeFiles/MainWindow.dir/src/source/UnityConnector.cpp.o] Error 1\n'}
[2.248059] (ros_app) StderrLine: {'line': b'gmake[1]: *** [CMakeFiles/Makefile2:138: CMakeFiles/MainWindow.dir/all] Error 2\n'}
[2.248148] (ros_app) StderrLine: {'line': b'gmake: *** [Makefile:146: all] Error 2\n'}
[2.252036] (ros_app) CommandEnded: {'returncode': 2}
[2.308740] (-) TimerEvent: {}
[2.332167] (ros_app) JobEnded: {'identifier': 'ros_app', 'rc': 2}
[2.334784] (-) EventReactorShutdown: {}
