[0.020s] Invoking command in '/home/yupopoi/ROS-App/build/ros_app': CMAKE_PREFIX_PATH=${CMAKE_PREFIX_PATH}:/opt/ros/humble /usr/bin/cmake --build /home/yupopoi/ROS-App/build/ros_app -- -j2 -l2
[0.085s] -- Found ament_cmake: 1.3.9 (/opt/ros/humble/share/ament_cmake/cmake)
[0.252s] -- Found rclcpp: 16.0.9 (/opt/ros/humble/share/rclcpp/cmake)
[0.301s] -- Found rosidl_generator_c: 3.1.5 (/opt/ros/humble/share/rosidl_generator_c/cmake)
[0.303s] -- Found rosidl_adapter: 3.1.5 (/opt/ros/humble/share/rosidl_adapter/cmake)
[0.311s] -- Found rosidl_generator_cpp: 3.1.5 (/opt/ros/humble/share/rosidl_generator_cpp/cmake)
[0.325s] -- Using all available rosidl_typesupport_c: rosidl_typesupport_fastrtps_c;rosidl_typesupport_introspection_c
[0.345s] -- Using all available rosidl_typesupport_cpp: rosidl_typesupport_fastrtps_cpp;rosidl_typesupport_introspection_cpp
[0.427s] -- Found rmw_implementation_cmake: 6.1.2 (/opt/ros/humble/share/rmw_implementation_cmake/cmake)
[0.429s] -- Found rmw_fastrtps_cpp: 6.2.6 (/opt/ros/humble/share/rmw_fastrtps_cpp/cmake)
[0.592s] -- Using RMW implementation 'rmw_fastrtps_cpp' as default
[0.801s] -- Performing Test HAVE_STDATOMIC
[1.189s] -- Performing Test HAVE_STDATOMIC - Success
[1.192s] -- Found WrapAtomic: TRUE  
[1.223s] -- Found OpenGL: /usr/lib/x86_64-linux-gnu/libOpenGL.so   
[1.224s] -- Found WrapOpenGL: TRUE  
[1.357s] -- Found XKB: /usr/lib/x86_64-linux-gnu/libxkbcommon.so (found suitable version "1.4.0", minimum required is "0.5.0") 
[1.366s] -- Found WrapVulkanHeaders: /usr/include  
[1.413s] -- Found ament_lint_auto: 0.12.11 (/opt/ros/humble/share/ament_lint_auto/cmake)
[1.505s] -- Added test 'cppcheck' to perform static code analysis on C / C++ code
[1.505s] -- Configured cppcheck include dirs: 
[1.505s] -- Configured cppcheck exclude dirs and/or files: 
[1.507s] -- Added test 'lint_cmake' to check CMake code style
[1.509s] -- Added test 'uncrustify' to check C / C++ code style
[1.509s] -- Configured uncrustify additional arguments: 
[1.510s] -- Added test 'xmllint' to check XML markup files
[1.518s] -- Configuring done
[1.541s] -- Generating done
[1.545s] -- Build files have been written to: /home/yupopoi/ROS-App/build/ros_app
[1.581s] Invoked command in '/home/yupopoi/ROS-App/build/ros_app' returned '0': CMAKE_PREFIX_PATH=${CMAKE_PREFIX_PATH}:/opt/ros/humble /usr/bin/cmake --build /home/yupopoi/ROS-App/build/ros_app -- -j2 -l2
[1.628s] Invoking command in '/home/yupopoi/ROS-App/build/ros_app': CMAKE_PREFIX_PATH=${CMAKE_PREFIX_PATH}:/opt/ros/humble /usr/bin/cmake --install /home/yupopoi/ROS-App/build/ros_app
[1.640s] -- Install configuration: "Debug"
[1.640s] -- Up-to-date: /home/yupopoi/ROS-App/install/ros_app/share/ament_index/resource_index/package_run_dependencies/ros_app
[1.640s] -- Installing: /home/yupopoi/ROS-App/install/ros_app/share/ament_index/resource_index/parent_prefix_path/ros_app
[1.640s] -- Up-to-date: /home/yupopoi/ROS-App/install/ros_app/share/ros_app/environment/ament_prefix_path.sh
[1.640s] -- Installing: /home/yupopoi/ROS-App/install/ros_app/share/ros_app/environment/ament_prefix_path.dsv
[1.640s] -- Up-to-date: /home/yupopoi/ROS-App/install/ros_app/share/ros_app/environment/path.sh
[1.640s] -- Installing: /home/yupopoi/ROS-App/install/ros_app/share/ros_app/environment/path.dsv
[1.640s] -- Up-to-date: /home/yupopoi/ROS-App/install/ros_app/share/ros_app/local_setup.bash
[1.650s] -- Up-to-date: /home/yupopoi/ROS-App/install/ros_app/share/ros_app/local_setup.sh
[1.650s] -- Up-to-date: /home/yupopoi/ROS-App/install/ros_app/share/ros_app/local_setup.zsh
[1.650s] -- Installing: /home/yupopoi/ROS-App/install/ros_app/share/ros_app/local_setup.dsv
[1.651s] -- Installing: /home/yupopoi/ROS-App/install/ros_app/share/ros_app/package.dsv
[1.651s] -- Up-to-date: /home/yupopoi/ROS-App/install/ros_app/share/ament_index/resource_index/packages/ros_app
[1.651s] -- Up-to-date: /home/yupopoi/ROS-App/install/ros_app/share/ros_app/cmake/ros_appConfig.cmake
[1.651s] -- Up-to-date: /home/yupopoi/ROS-App/install/ros_app/share/ros_app/cmake/ros_appConfig-version.cmake
[1.651s] -- Up-to-date: /home/yupopoi/ROS-App/install/ros_app/share/ros_app/package.xml
[1.651s] Invoked command in '/home/yupopoi/ROS-App/build/ros_app' returned '0': CMAKE_PREFIX_PATH=${CMAKE_PREFIX_PATH}:/opt/ros/humble /usr/bin/cmake --install /home/yupopoi/ROS-App/build/ros_app
