[0.056s] Invoking command in '/home/yupopoi/ROS-App/build/ros_app': CMAKE_PREFIX_PATH=${CMAKE_PREFIX_PATH}:/opt/ros/humble /usr/bin/cmake --build /home/yupopoi/ROS-App/build/ros_app -- -j2 -l2
[0.328s] [ 14%] Automatic MOC and UIC for target MainWindow
[4.174s] [ 14%] Built target MainWindow_autogen
[4.291s] Consolidate compiler generated dependencies of target MainWindow
[4.351s] [ 28%] Building CXX object CMakeFiles/MainWindow.dir/MainWindow_autogen/mocs_compilation.cpp.o
[4.380s] [ 42%] Building CXX object CMakeFiles/MainWindow.dir/src/source/mainwindow.cpp.o
[7.230s] In file included from /home/yupopoi/ROS-App/src/ros_app/src/source/mainwindow.cpp:1:
[7.230s] /home/yupopoi/ROS-App/src/ros_app/src/header/mainwindow.h:13:10: fatal error: Eigen/Geometry: No such file or directory
[7.231s]    13 | #include <Eigen/Geometry>
[7.231s]       |          ^~~~~~~~~~~~~~~~
[7.231s] compilation terminated.
[7.314s] In file included from /home/yupopoi/ROS-App/build/ros_app/MainWindow_autogen/WBNAARIPX6/moc_mainwindow.cpp:9,
[7.314s]                  from /home/yupopoi/ROS-App/build/ros_app/MainWindow_autogen/mocs_compilation.cpp:3:
[7.314s] /home/yupopoi/ROS-App/build/ros_app/MainWindow_autogen/WBNAARIPX6/../../../../src/ros_app/src/header/mainwindow.h:13:10: fatal error: Eigen/Geometry: No such file or directory
[7.314s]    13 | #include <Eigen/Geometry>
[7.314s]       |          ^~~~~~~~~~~~~~~~
[7.314s] compilation terminated.
[7.390s] gmake[2]: *** [CMakeFiles/MainWindow.dir/build.make:123: CMakeFiles/MainWindow.dir/src/source/mainwindow.cpp.o] Error 1
[7.390s] gmake[2]: *** Waiting for unfinished jobs....
[7.390s] gmake[2]: *** [CMakeFiles/MainWindow.dir/build.make:81: CMakeFiles/MainWindow.dir/MainWindow_autogen/mocs_compilation.cpp.o] Error 1
[7.392s] gmake[1]: *** [CMakeFiles/Makefile2:138: CMakeFiles/MainWindow.dir/all] Error 2
[7.392s] gmake: *** [Makefile:146: all] Error 2
[7.393s] Invoked command in '/home/yupopoi/ROS-App/build/ros_app' returned '2': CMAKE_PREFIX_PATH=${CMAKE_PREFIX_PATH}:/opt/ros/humble /usr/bin/cmake --build /home/yupopoi/ROS-App/build/ros_app -- -j2 -l2
