[0.000000] (-) TimerEvent: {}
[0.003722] (ros_app) JobQueued: {'identifier': 'ros_app', 'dependencies': OrderedDict()}
[0.003760] (ros_app) JobStarted: {'identifier': 'ros_app'}
[0.041537] (ros_app) JobProgress: {'identifier': 'ros_app', 'progress': 'cmake'}
[0.041755] (ros_app) JobProgress: {'identifier': 'ros_app', 'progress': 'build'}
[0.041783] (ros_app) Command: {'cmd': ['/usr/bin/cmake', '--build', '/home/yupopoi/ROS-App/build/ros_app', '--', '-j2', '-l2'], 'cwd': '/home/yupopoi/ROS-App/build/ros_app', 'env': OrderedDict([('GJS_DEBUG_TOPICS', 'JS ERROR;JS LOG'), ('USER', 'yupopoi'), ('XDG_SESSION_TYPE', 'wayland'), ('LD_LIBRARY_PATH', '/opt/ros/humble/opt/rviz_ogre_vendor/lib:/opt/ros/humble/lib/x86_64-linux-gnu:/opt/ros/humble/lib'), ('SHLVL', '244'), ('HOME', '/home/yupopoi'), ('DESKTOP_SESSION', 'ubuntu'), ('QTDIR', '/home/yupopoi/Qt/6.7.2/gcc_64'), ('GIO_LAUNCHED_DESKTOP_FILE', '/home/yupopoi/.local/share/applications/org.qt-project.qtcreator.desktop'), ('GNOME_SHELL_SESSION_MODE', 'ubuntu'), ('GTK_MODULES', 'gail:atk-bridge'), ('ROS_PYTHON_VERSION', '3'), ('MANAGERPID', '991'), ('DBUS_SESSION_BUS_ADDRESS', 'unix:path'), ('SYSTEMD_EXEC_PID', '1198'), ('GIO_LAUNCHED_DESKTOP_FILE_PID', '2004'), ('COLCON_PREFIX_PATH', '/home/yupopoi/ROS-App/install'), ('IM_CONFIG_PHASE', '1'), ('ROS_DISTRO', 'humble'), ('WAYLAND_DISPLAY', 'wayland-0'), ('LOGNAME', 'yupopoi'), ('JOURNAL_STREAM', '8:31405'), ('_', '/usr/bin/env'), ('ROS_VERSION', '2'), ('XDG_SESSION_CLASS', 'user'), ('QSG_RHI_BACKEND', 'opengl'), ('TERM', 'xterm'), ('USERNAME', 'yupopoi'), ('GNOME_DESKTOP_SESSION_ID', 'this-is-deprecated'), ('ROS_LOCALHOST_ONLY', '0'), ('PATH', '/opt/ros/humble/bin:/usr/local/sbin:/usr/local/bin:/usr/sbin:/usr/bin:/sbin:/bin:/usr/games:/usr/local/games:/snap/bin:/snap/bin'), ('INVOCATION_ID', '928d0bf7cad14ab19d1e4c5e87adb1fa'), ('SESSION_MANAGER', 'local/yupopoi-u2:@/tmp/.ICE-unix/1166,unix/yupopoi-u2:/tmp/.ICE-unix/1166'), ('GNOME_SETUP_DISPLAY', ':1'), ('XDG_MENU_PREFIX', 'gnome-'), ('XDG_RUNTIME_DIR', '/run/user/1000'), ('DISPLAY', ':0'), ('LANG', 'en_US.UTF-8'), ('XDG_CURRENT_DESKTOP', 'ubuntu:GNOME'), ('XAUTHORITY', '/run/user/1000/.mutter-Xwaylandauth.0275P2'), ('XDG_SESSION_DESKTOP', 'ubuntu'), ('XMODIFIERS', '@im'), ('AMENT_PREFIX_PATH', '/home/yupopoi/ROS-App/install/ros_app:/opt/ros/humble'), ('SSH_AGENT_LAUNCHER', 'gnome-keyring'), ('SSH_AUTH_SOCK', '/run/user/1000/keyring/ssh'), ('SHELL', '/bin/bash'), ('GDMSESSION', 'ubuntu'), ('QT_ACCESSIBILITY', '1'), ('GJS_DEBUG_OUTPUT', 'stderr'), ('QT_IM_MODULE', 'ibus'), ('LC_ALL', 'en_US.UTF-8'), ('PWD', '/home/yupopoi/ROS-App/build/ros_app'), ('QT_QPA_PLATFORM', 'xcb'), ('XDG_CONFIG_DIRS', '/etc/xdg/xdg-ubuntu:/etc/xdg'), ('XDG_DATA_DIRS', '/usr/share/ubuntu:/usr/local/share/:/usr/share/:/var/lib/snapd/desktop'), ('PYTHONPATH', '/opt/ros/humble/lib/python3.10/site-packages:/opt/ros/humble/local/lib/python3.10/dist-packages'), ('COLCON', '1'), ('CMAKE_PREFIX_PATH', '/home/yupopoi/ROS-App/install/ros_app:/home/yupopoi/Qt/6.7.2/gcc_64/lib/cmake:/opt/ros/humble'), ('GTK_THEME', ':light')]), 'shell': False}
[0.099952] (-) TimerEvent: {}
[0.200237] (-) TimerEvent: {}
[0.300520] (-) TimerEvent: {}
[0.340055] (ros_app) StdoutLine: {'line': b'[ 11%] Automatic MOC and UIC for target MainWindow\n'}
[0.400635] (-) TimerEvent: {}
[0.474093] (ros_app) StdoutLine: {'line': b'[ 11%] Built target MainWindow_autogen\n'}
[0.500752] (-) TimerEvent: {}
[0.601080] (-) TimerEvent: {}
[0.688344] (ros_app) StdoutLine: {'line': b'[ 22%] Building CXX object CMakeFiles/MainWindow.dir/src/source/main.cpp.o\n'}
[0.701174] (-) TimerEvent: {}
[0.801426] (-) TimerEvent: {}
[0.901713] (-) TimerEvent: {}
[1.002489] (-) TimerEvent: {}
[1.102779] (-) TimerEvent: {}
[1.203070] (-) TimerEvent: {}
[1.303365] (-) TimerEvent: {}
[1.403659] (-) TimerEvent: {}
[1.503978] (-) TimerEvent: {}
[1.604267] (-) TimerEvent: {}
[1.704557] (-) TimerEvent: {}
[1.804869] (-) TimerEvent: {}
[1.905160] (-) TimerEvent: {}
[2.005450] (-) TimerEvent: {}
[2.105759] (-) TimerEvent: {}
[2.206078] (-) TimerEvent: {}
[2.306369] (-) TimerEvent: {}
[2.406680] (-) TimerEvent: {}
[2.506971] (-) TimerEvent: {}
[2.608115] (-) TimerEvent: {}
[2.708429] (-) TimerEvent: {}
[2.808723] (-) TimerEvent: {}
[2.909099] (-) TimerEvent: {}
[3.009401] (-) TimerEvent: {}
[3.109693] (-) TimerEvent: {}
[3.209989] (-) TimerEvent: {}
[3.310282] (-) TimerEvent: {}
[3.410607] (-) TimerEvent: {}
[3.510897] (-) TimerEvent: {}
[3.611190] (-) TimerEvent: {}
[3.711485] (-) TimerEvent: {}
[3.811783] (-) TimerEvent: {}
[3.912075] (-) TimerEvent: {}
[4.012386] (-) TimerEvent: {}
[4.112689] (-) TimerEvent: {}
[4.212975] (-) TimerEvent: {}
[4.313259] (-) TimerEvent: {}
[4.413551] (-) TimerEvent: {}
[4.513916] (-) TimerEvent: {}
[4.614223] (-) TimerEvent: {}
[4.714570] (-) TimerEvent: {}
[4.814870] (-) TimerEvent: {}
[4.915165] (-) TimerEvent: {}
[5.015462] (-) TimerEvent: {}
[5.115801] (-) TimerEvent: {}
[5.216096] (-) TimerEvent: {}
[5.316401] (-) TimerEvent: {}
[5.416700] (-) TimerEvent: {}
[5.516994] (-) TimerEvent: {}
[5.617292] (-) TimerEvent: {}
[5.717593] (-) TimerEvent: {}
[5.817933] (-) TimerEvent: {}
[5.918230] (-) TimerEvent: {}
[6.018653] (-) TimerEvent: {}
[6.118946] (-) TimerEvent: {}
[6.219242] (-) TimerEvent: {}
[6.320808] (-) TimerEvent: {}
[6.421103] (-) TimerEvent: {}
[6.521396] (-) TimerEvent: {}
[6.621689] (-) TimerEvent: {}
[6.722245] (-) TimerEvent: {}
[6.823191] (-) TimerEvent: {}
[6.923493] (-) TimerEvent: {}
[7.023782] (-) TimerEvent: {}
[7.124071] (-) TimerEvent: {}
[7.224364] (-) TimerEvent: {}
[7.324661] (-) TimerEvent: {}
[7.424955] (-) TimerEvent: {}
[7.525274] (-) TimerEvent: {}
[7.626042] (-) TimerEvent: {}
[7.726369] (-) TimerEvent: {}
[7.826664] (-) TimerEvent: {}
[7.926980] (-) TimerEvent: {}
[8.027293] (-) TimerEvent: {}
[8.127590] (-) TimerEvent: {}
[8.227951] (-) TimerEvent: {}
[8.328276] (-) TimerEvent: {}
[8.428571] (-) TimerEvent: {}
[8.528874] (-) TimerEvent: {}
[8.629170] (-) TimerEvent: {}
[8.729465] (-) TimerEvent: {}
[8.829788] (-) TimerEvent: {}
[8.930112] (-) TimerEvent: {}
[9.030412] (-) TimerEvent: {}
[9.130722] (-) TimerEvent: {}
[9.231026] (-) TimerEvent: {}
[9.331352] (-) TimerEvent: {}
[9.431656] (-) TimerEvent: {}
[9.532102] (-) TimerEvent: {}
[9.632399] (-) TimerEvent: {}
[9.732693] (-) TimerEvent: {}
[9.832984] (-) TimerEvent: {}
[9.933299] (-) TimerEvent: {}
[10.033594] (-) TimerEvent: {}
[10.133937] (-) TimerEvent: {}
[10.234250] (-) TimerEvent: {}
[10.334546] (-) TimerEvent: {}
[10.434841] (-) TimerEvent: {}
[10.535196] (-) TimerEvent: {}
[10.635512] (-) TimerEvent: {}
[10.735779] (-) TimerEvent: {}
[10.836067] (-) TimerEvent: {}
[10.936402] (-) TimerEvent: {}
[11.036724] (-) TimerEvent: {}
[11.137163] (-) TimerEvent: {}
[11.237487] (-) TimerEvent: {}
[11.337774] (-) TimerEvent: {}
[11.438075] (-) TimerEvent: {}
[11.538431] (-) TimerEvent: {}
[11.638729] (-) TimerEvent: {}
[11.739022] (-) TimerEvent: {}
[11.839347] (-) TimerEvent: {}
[11.939648] (-) TimerEvent: {}
[12.039997] (-) TimerEvent: {}
[12.140308] (-) TimerEvent: {}
[12.240633] (-) TimerEvent: {}
[12.340929] (-) TimerEvent: {}
[12.441242] (-) TimerEvent: {}
[12.541539] (-) TimerEvent: {}
[12.641839] (-) TimerEvent: {}
[12.742161] (-) TimerEvent: {}
[12.842466] (-) TimerEvent: {}
[12.943463] (-) TimerEvent: {}
[13.043795] (-) TimerEvent: {}
[13.144091] (-) TimerEvent: {}
[13.244397] (-) TimerEvent: {}
[13.344702] (-) TimerEvent: {}
[13.445157] (-) TimerEvent: {}
[13.545465] (-) TimerEvent: {}
[13.645790] (-) TimerEvent: {}
[13.746105] (-) TimerEvent: {}
[13.846433] (-) TimerEvent: {}
[13.946736] (-) TimerEvent: {}
[14.047036] (-) TimerEvent: {}
[14.147341] (-) TimerEvent: {}
[14.247637] (-) TimerEvent: {}
[14.348035] (-) TimerEvent: {}
[14.448559] (-) TimerEvent: {}
[14.548859] (-) TimerEvent: {}
[14.649162] (-) TimerEvent: {}
[14.749454] (-) TimerEvent: {}
[14.849751] (-) TimerEvent: {}
[14.950068] (-) TimerEvent: {}
[15.050398] (-) TimerEvent: {}
[15.150706] (-) TimerEvent: {}
[15.251000] (-) TimerEvent: {}
[15.351299] (-) TimerEvent: {}
[15.451630] (-) TimerEvent: {}
[15.551957] (-) TimerEvent: {}
[15.652286] (-) TimerEvent: {}
[15.752585] (-) TimerEvent: {}
[15.852900] (-) TimerEvent: {}
[15.953825] (-) TimerEvent: {}
[16.054112] (-) TimerEvent: {}
[16.154407] (-) TimerEvent: {}
[16.254727] (-) TimerEvent: {}
[16.355026] (-) TimerEvent: {}
[16.455369] (-) TimerEvent: {}
[16.555735] (-) TimerEvent: {}
[16.656143] (-) TimerEvent: {}
[16.756446] (-) TimerEvent: {}
[16.856747] (-) TimerEvent: {}
[16.957051] (-) TimerEvent: {}
[17.057352] (-) TimerEvent: {}
[17.157678] (-) TimerEvent: {}
[17.257976] (-) TimerEvent: {}
[17.358275] (-) TimerEvent: {}
[17.458605] (-) TimerEvent: {}
[17.558936] (-) TimerEvent: {}
[17.659243] (-) TimerEvent: {}
[17.759557] (-) TimerEvent: {}
[17.859901] (-) TimerEvent: {}
[17.960211] (-) TimerEvent: {}
[18.060528] (-) TimerEvent: {}
[18.160878] (-) TimerEvent: {}
[18.261187] (-) TimerEvent: {}
[18.361530] (-) TimerEvent: {}
[18.461902] (-) TimerEvent: {}
[18.562223] (-) TimerEvent: {}
[18.662531] (-) TimerEvent: {}
[18.762844] (-) TimerEvent: {}
[18.863186] (-) TimerEvent: {}
[18.963501] (-) TimerEvent: {}
[19.063775] (-) TimerEvent: {}
[19.164083] (-) TimerEvent: {}
[19.264381] (-) TimerEvent: {}
[19.364676] (-) TimerEvent: {}
[19.464983] (-) TimerEvent: {}
[19.565293] (-) TimerEvent: {}
[19.665588] (-) TimerEvent: {}
[19.765886] (-) TimerEvent: {}
[19.866199] (-) TimerEvent: {}
[19.938971] (ros_app) StdoutLine: {'line': b'[ 33%] Linking CXX executable MainWindow\n'}
[19.966317] (-) TimerEvent: {}
[20.066685] (-) TimerEvent: {}
[20.166996] (-) TimerEvent: {}
[20.267300] (-) TimerEvent: {}
[20.367607] (-) TimerEvent: {}
[20.467937] (-) TimerEvent: {}
[20.568243] (-) TimerEvent: {}
[20.668569] (-) TimerEvent: {}
[20.768867] (-) TimerEvent: {}
[20.869164] (-) TimerEvent: {}
[20.969677] (-) TimerEvent: {}
[21.070001] (-) TimerEvent: {}
[21.170293] (-) TimerEvent: {}
[21.257019] (ros_app) StderrLine: {'line': b"/usr/bin/ld: CMakeFiles/MainWindow.dir/src/source/main.cpp.o: in function `main::{lambda()#3}::operator()() const':\n"}
[21.257511] (ros_app) StderrLine: {'line': b"/home/yupopoi/ROS-App/src/ros_app/src/source/main.cpp:46: undefined reference to `JointStateHandler::Subscribe(QByteArray)'\n"}
[21.258798] (ros_app) StderrLine: {'line': b"/usr/bin/ld: CMakeFiles/MainWindow.dir/src/source/main.cpp.o: in function `JointStateHandler::JointStateHandler()':\n"}
[21.259155] (ros_app) StderrLine: {'line': b"/home/yupopoi/ROS-App/src/ros_app/src/header/JointStateHandler.h:11: undefined reference to `vtable for JointStateHandler'\n"}
[21.270385] (-) TimerEvent: {}
[21.313730] (ros_app) StderrLine: {'line': b'collect2: error: ld returned 1 exit status\n'}
[21.315566] (ros_app) StderrLine: {'line': b'gmake[2]: *** [CMakeFiles/MainWindow.dir/build.make:322: MainWindow] Error 1\n'}
[21.315677] (ros_app) StderrLine: {'line': b'gmake[1]: *** [CMakeFiles/Makefile2:138: CMakeFiles/MainWindow.dir/all] Error 2\n'}
[21.316093] (ros_app) StderrLine: {'line': b'gmake: *** [Makefile:146: all] Error 2\n'}
[21.323508] (ros_app) CommandEnded: {'returncode': 2}
[21.370482] (-) TimerEvent: {}
[21.470730] (-) TimerEvent: {}
[21.570983] (-) TimerEvent: {}
[21.611706] (ros_app) JobEnded: {'identifier': 'ros_app', 'rc': 2}
[21.612608] (-) EventReactorShutdown: {}
