[0.000000] (-) TimerEvent: {}
[0.008852] (ros_app) JobQueued: {'identifier': 'ros_app', 'dependencies': OrderedDict()}
[0.008906] (ros_app) JobStarted: {'identifier': 'ros_app'}
[0.043793] (ros_app) JobProgress: {'identifier': 'ros_app', 'progress': 'cmake'}
[0.044738] (ros_app) JobProgress: {'identifier': 'ros_app', 'progress': 'build'}
[0.044772] (ros_app) Command: {'cmd': ['/usr/bin/cmake', '--build', '/home/yupopoi/ROS-App/build/ros_app', '--', '-j2', '-l2'], 'cwd': '/home/yupopoi/ROS-App/build/ros_app', 'env': OrderedDict([('GJS_DEBUG_TOPICS', 'JS ERROR;JS LOG'), ('USER', 'yupopoi'), ('XDG_SESSION_TYPE', 'wayland'), ('LD_LIBRARY_PATH', '/opt/ros/humble/opt/rviz_ogre_vendor/lib:/opt/ros/humble/lib/x86_64-linux-gnu:/opt/ros/humble/lib'), ('SHLVL', '138'), ('HOME', '/home/yupopoi'), ('DESKTOP_SESSION', 'ubuntu'), ('QTDIR', '/home/yupopoi/Qt/6.7.2/gcc_64'), ('GIO_LAUNCHED_DESKTOP_FILE', '/home/yupopoi/.local/share/applications/org.qt-project.qtcreator.desktop'), ('GNOME_SHELL_SESSION_MODE', 'ubuntu'), ('GTK_MODULES', 'gail:atk-bridge'), ('ROS_PYTHON_VERSION', '3'), ('MANAGERPID', '1002'), ('DBUS_SESSION_BUS_ADDRESS', 'unix:path'), ('SYSTEMD_EXEC_PID', '1194'), ('GIO_LAUNCHED_DESKTOP_FILE_PID', '12401'), ('COLCON_PREFIX_PATH', '/home/yupopoi/ROS-App/install'), ('IM_CONFIG_PHASE', '1'), ('ROS_DISTRO', 'humble'), ('WAYLAND_DISPLAY', 'wayland-0'), ('LOGNAME', 'yupopoi'), ('JOURNAL_STREAM', '8:32944'), ('_', '/usr/bin/env'), ('ROS_VERSION', '2'), ('XDG_SESSION_CLASS', 'user'), ('QSG_RHI_BACKEND', 'opengl'), ('TERM', 'xterm'), ('USERNAME', 'yupopoi'), ('GNOME_DESKTOP_SESSION_ID', 'this-is-deprecated'), ('ROS_LOCALHOST_ONLY', '0'), ('PATH', '/opt/ros/humble/bin:/usr/local/sbin:/usr/local/bin:/usr/sbin:/usr/bin:/sbin:/bin:/usr/games:/usr/local/games:/snap/bin:/snap/bin'), ('INVOCATION_ID', 'c789fe05f65749fd90d72feeaf56253e'), ('SESSION_MANAGER', 'local/yupopoi-u2:@/tmp/.ICE-unix/1171,unix/yupopoi-u2:/tmp/.ICE-unix/1171'), ('GNOME_SETUP_DISPLAY', ':1'), ('XDG_MENU_PREFIX', 'gnome-'), ('XDG_RUNTIME_DIR', '/run/user/1000'), ('DISPLAY', ':0'), ('LANG', 'en_US.UTF-8'), ('XDG_CURRENT_DESKTOP', 'ubuntu:GNOME'), ('XAUTHORITY', '/run/user/1000/.mutter-Xwaylandauth.2HUPQ2'), ('XDG_SESSION_DESKTOP', 'ubuntu'), ('XMODIFIERS', '@im'), ('AMENT_PREFIX_PATH', '/home/yupopoi/ROS-App/install/ros_app:/opt/ros/humble'), ('SSH_AGENT_LAUNCHER', 'gnome-keyring'), ('SSH_AUTH_SOCK', '/run/user/1000/keyring/ssh'), ('SHELL', '/bin/bash'), ('GDMSESSION', 'ubuntu'), ('QT_ACCESSIBILITY', '1'), ('GJS_DEBUG_OUTPUT', 'stderr'), ('QT_IM_MODULE', 'ibus'), ('LC_ALL', 'en_US.UTF-8'), ('PWD', '/home/yupopoi/ROS-App/build/ros_app'), ('QT_QPA_PLATFORM', 'xcb'), ('XDG_CONFIG_DIRS', '/etc/xdg/xdg-ubuntu:/etc/xdg'), ('XDG_DATA_DIRS', '/usr/share/ubuntu:/usr/local/share/:/usr/share/:/var/lib/snapd/desktop'), ('PYTHONPATH', '/opt/ros/humble/lib/python3.10/site-packages:/opt/ros/humble/local/lib/python3.10/dist-packages'), ('COLCON', '1'), ('CMAKE_PREFIX_PATH', '/home/yupopoi/ROS-App/install/ros_app:/home/yupopoi/Qt/6.7.2/gcc_64/lib/cmake:/opt/ros/humble'), ('GTK_THEME', ':light')]), 'shell': False}
[0.099970] (-) TimerEvent: {}
[0.200262] (-) TimerEvent: {}
[0.300543] (-) TimerEvent: {}
[0.349809] (ros_app) StdoutLine: {'line': b'[ 12%] Automatic MOC and UIC for target MainWindow\n'}
[0.400665] (-) TimerEvent: {}
[0.483615] (ros_app) StdoutLine: {'line': b'[ 12%] Built target MainWindow_autogen\n'}
[0.500784] (-) TimerEvent: {}
[0.601080] (-) TimerEvent: {}
[0.701373] (-) TimerEvent: {}
[0.785668] (ros_app) StdoutLine: {'line': b'Consolidate compiler generated dependencies of target MainWindow\n'}
[0.801481] (-) TimerEvent: {}
[0.845421] (ros_app) StdoutLine: {'line': b'[ 25%] Building CXX object CMakeFiles/MainWindow.dir/src/source/JointAngleChanger.cpp.o\n'}
[0.902003] (-) TimerEvent: {}
[1.002306] (-) TimerEvent: {}
[1.102605] (-) TimerEvent: {}
[1.202905] (-) TimerEvent: {}
[1.303202] (-) TimerEvent: {}
[1.403508] (-) TimerEvent: {}
[1.504277] (-) TimerEvent: {}
[1.604568] (-) TimerEvent: {}
[1.704867] (-) TimerEvent: {}
[1.805162] (-) TimerEvent: {}
[1.905459] (-) TimerEvent: {}
[2.005821] (-) TimerEvent: {}
[2.106174] (-) TimerEvent: {}
[2.207397] (-) TimerEvent: {}
[2.307750] (-) TimerEvent: {}
[2.408074] (-) TimerEvent: {}
[2.508374] (-) TimerEvent: {}
[2.608681] (-) TimerEvent: {}
[2.709243] (-) TimerEvent: {}
[2.809548] (-) TimerEvent: {}
[2.909849] (-) TimerEvent: {}
[3.010146] (-) TimerEvent: {}
[3.110449] (-) TimerEvent: {}
[3.210758] (-) TimerEvent: {}
[3.311152] (-) TimerEvent: {}
[3.411619] (-) TimerEvent: {}
[3.511947] (-) TimerEvent: {}
[3.612247] (-) TimerEvent: {}
[3.712540] (-) TimerEvent: {}
[3.812839] (-) TimerEvent: {}
[3.913213] (-) TimerEvent: {}
[4.013516] (-) TimerEvent: {}
[4.113818] (-) TimerEvent: {}
[4.214121] (-) TimerEvent: {}
[4.314430] (-) TimerEvent: {}
[4.414734] (-) TimerEvent: {}
[4.515034] (-) TimerEvent: {}
[4.615336] (-) TimerEvent: {}
[4.715644] (-) TimerEvent: {}
[4.815974] (-) TimerEvent: {}
[4.916273] (-) TimerEvent: {}
[5.016573] (-) TimerEvent: {}
[5.116880] (-) TimerEvent: {}
[5.217239] (-) TimerEvent: {}
[5.317533] (-) TimerEvent: {}
[5.417825] (-) TimerEvent: {}
[5.518128] (-) TimerEvent: {}
[5.618463] (-) TimerEvent: {}
[5.718768] (-) TimerEvent: {}
[5.819069] (-) TimerEvent: {}
[5.919416] (-) TimerEvent: {}
[6.019761] (-) TimerEvent: {}
[6.120082] (-) TimerEvent: {}
[6.220368] (-) TimerEvent: {}
[6.286007] (ros_app) StdoutLine: {'line': b'[ 37%] Linking CXX executable MainWindow\n'}
[6.320485] (-) TimerEvent: {}
[6.420794] (-) TimerEvent: {}
[6.521100] (-) TimerEvent: {}
[6.621407] (-) TimerEvent: {}
[6.721718] (-) TimerEvent: {}
[6.822166] (-) TimerEvent: {}
[6.922606] (-) TimerEvent: {}
[7.022930] (-) TimerEvent: {}
[7.123235] (-) TimerEvent: {}
[7.223605] (-) TimerEvent: {}
[7.323943] (-) TimerEvent: {}
[7.424243] (-) TimerEvent: {}
[7.524541] (-) TimerEvent: {}
[7.624836] (-) TimerEvent: {}
[7.725134] (-) TimerEvent: {}
[7.825445] (-) TimerEvent: {}
[7.925759] (-) TimerEvent: {}
[8.026099] (-) TimerEvent: {}
[8.029814] (ros_app) StdoutLine: {'line': b'[100%] Built target MainWindow\n'}
[8.068097] (ros_app) CommandEnded: {'returncode': 0}
[8.126233] (-) TimerEvent: {}
[8.226548] (-) TimerEvent: {}
[8.326829] (-) TimerEvent: {}
[8.427103] (-) TimerEvent: {}
[8.497190] (ros_app) JobProgress: {'identifier': 'ros_app', 'progress': 'install'}
[8.521899] (ros_app) Command: {'cmd': ['/usr/bin/cmake', '--install', '/home/yupopoi/ROS-App/build/ros_app'], 'cwd': '/home/yupopoi/ROS-App/build/ros_app', 'env': OrderedDict([('GJS_DEBUG_TOPICS', 'JS ERROR;JS LOG'), ('USER', 'yupopoi'), ('XDG_SESSION_TYPE', 'wayland'), ('LD_LIBRARY_PATH', '/opt/ros/humble/opt/rviz_ogre_vendor/lib:/opt/ros/humble/lib/x86_64-linux-gnu:/opt/ros/humble/lib'), ('SHLVL', '138'), ('HOME', '/home/yupopoi'), ('DESKTOP_SESSION', 'ubuntu'), ('QTDIR', '/home/yupopoi/Qt/6.7.2/gcc_64'), ('GIO_LAUNCHED_DESKTOP_FILE', '/home/yupopoi/.local/share/applications/org.qt-project.qtcreator.desktop'), ('GNOME_SHELL_SESSION_MODE', 'ubuntu'), ('GTK_MODULES', 'gail:atk-bridge'), ('ROS_PYTHON_VERSION', '3'), ('MANAGERPID', '1002'), ('DBUS_SESSION_BUS_ADDRESS', 'unix:path'), ('SYSTEMD_EXEC_PID', '1194'), ('GIO_LAUNCHED_DESKTOP_FILE_PID', '12401'), ('COLCON_PREFIX_PATH', '/home/yupopoi/ROS-App/install'), ('IM_CONFIG_PHASE', '1'), ('ROS_DISTRO', 'humble'), ('WAYLAND_DISPLAY', 'wayland-0'), ('LOGNAME', 'yupopoi'), ('JOURNAL_STREAM', '8:32944'), ('_', '/usr/bin/env'), ('ROS_VERSION', '2'), ('XDG_SESSION_CLASS', 'user'), ('QSG_RHI_BACKEND', 'opengl'), ('TERM', 'xterm'), ('USERNAME', 'yupopoi'), ('GNOME_DESKTOP_SESSION_ID', 'this-is-deprecated'), ('ROS_LOCALHOST_ONLY', '0'), ('PATH', '/opt/ros/humble/bin:/usr/local/sbin:/usr/local/bin:/usr/sbin:/usr/bin:/sbin:/bin:/usr/games:/usr/local/games:/snap/bin:/snap/bin'), ('INVOCATION_ID', 'c789fe05f65749fd90d72feeaf56253e'), ('SESSION_MANAGER', 'local/yupopoi-u2:@/tmp/.ICE-unix/1171,unix/yupopoi-u2:/tmp/.ICE-unix/1171'), ('GNOME_SETUP_DISPLAY', ':1'), ('XDG_MENU_PREFIX', 'gnome-'), ('XDG_RUNTIME_DIR', '/run/user/1000'), ('DISPLAY', ':0'), ('LANG', 'en_US.UTF-8'), ('XDG_CURRENT_DESKTOP', 'ubuntu:GNOME'), ('XAUTHORITY', '/run/user/1000/.mutter-Xwaylandauth.2HUPQ2'), ('XDG_SESSION_DESKTOP', 'ubuntu'), ('XMODIFIERS', '@im'), ('AMENT_PREFIX_PATH', '/home/yupopoi/ROS-App/install/ros_app:/opt/ros/humble'), ('SSH_AGENT_LAUNCHER', 'gnome-keyring'), ('SSH_AUTH_SOCK', '/run/user/1000/keyring/ssh'), ('SHELL', '/bin/bash'), ('GDMSESSION', 'ubuntu'), ('QT_ACCESSIBILITY', '1'), ('GJS_DEBUG_OUTPUT', 'stderr'), ('QT_IM_MODULE', 'ibus'), ('LC_ALL', 'en_US.UTF-8'), ('PWD', '/home/yupopoi/ROS-App/build/ros_app'), ('QT_QPA_PLATFORM', 'xcb'), ('XDG_CONFIG_DIRS', '/etc/xdg/xdg-ubuntu:/etc/xdg'), ('XDG_DATA_DIRS', '/usr/share/ubuntu:/usr/local/share/:/usr/share/:/var/lib/snapd/desktop'), ('PYTHONPATH', '/opt/ros/humble/lib/python3.10/site-packages:/opt/ros/humble/local/lib/python3.10/dist-packages'), ('COLCON', '1'), ('CMAKE_PREFIX_PATH', '/home/yupopoi/ROS-App/install/ros_app:/home/yupopoi/Qt/6.7.2/gcc_64/lib/cmake:/opt/ros/humble'), ('GTK_THEME', ':light')]), 'shell': False}
[8.527184] (-) TimerEvent: {}
[8.541068] (ros_app) StdoutLine: {'line': b'-- Install configuration: "Debug"\n'}
[8.541458] (ros_app) StdoutLine: {'line': b'-- Up-to-date: /home/yupopoi/ROS-App/install/ros_app/share/ament_index/resource_index/package_run_dependencies/ros_app\n'}
[8.541728] (ros_app) StdoutLine: {'line': b'-- Up-to-date: /home/yupopoi/ROS-App/install/ros_app/share/ament_index/resource_index/parent_prefix_path/ros_app\n'}
[8.541981] (ros_app) StdoutLine: {'line': b'-- Up-to-date: /home/yupopoi/ROS-App/install/ros_app/share/ros_app/environment/ament_prefix_path.sh\n'}
[8.551542] (ros_app) StdoutLine: {'line': b'-- Up-to-date: /home/yupopoi/ROS-App/install/ros_app/share/ros_app/environment/ament_prefix_path.dsv\n'}
[8.551874] (ros_app) StdoutLine: {'line': b'-- Up-to-date: /home/yupopoi/ROS-App/install/ros_app/share/ros_app/environment/path.sh\n'}
[8.552135] (ros_app) StdoutLine: {'line': b'-- Up-to-date: /home/yupopoi/ROS-App/install/ros_app/share/ros_app/environment/path.dsv\n'}
[8.552379] (ros_app) StdoutLine: {'line': b'-- Up-to-date: /home/yupopoi/ROS-App/install/ros_app/share/ros_app/local_setup.bash\n'}
[8.552621] (ros_app) StdoutLine: {'line': b'-- Up-to-date: /home/yupopoi/ROS-App/install/ros_app/share/ros_app/local_setup.sh\n'}
[8.552861] (ros_app) StdoutLine: {'line': b'-- Up-to-date: /home/yupopoi/ROS-App/install/ros_app/share/ros_app/local_setup.zsh\n'}
[8.553096] (ros_app) StdoutLine: {'line': b'-- Up-to-date: /home/yupopoi/ROS-App/install/ros_app/share/ros_app/local_setup.dsv\n'}
[8.553333] (ros_app) StdoutLine: {'line': b'-- Installing: /home/yupopoi/ROS-App/install/ros_app/share/ros_app/package.dsv\n'}
[8.553811] (ros_app) StdoutLine: {'line': b'-- Up-to-date: /home/yupopoi/ROS-App/install/ros_app/share/ament_index/resource_index/packages/ros_app\n'}
[8.554065] (ros_app) StdoutLine: {'line': b'-- Up-to-date: /home/yupopoi/ROS-App/install/ros_app/share/ros_app/cmake/ros_appConfig.cmake\n'}
[8.554278] (ros_app) StdoutLine: {'line': b'-- Up-to-date: /home/yupopoi/ROS-App/install/ros_app/share/ros_app/cmake/ros_appConfig-version.cmake\n'}
[8.554509] (ros_app) StdoutLine: {'line': b'-- Up-to-date: /home/yupopoi/ROS-App/install/ros_app/share/ros_app/package.xml\n'}
[8.560916] (ros_app) CommandEnded: {'returncode': 0}
[8.627309] (-) TimerEvent: {}
[8.703265] (ros_app) JobEnded: {'identifier': 'ros_app', 'rc': 0}
[8.704480] (-) EventReactorShutdown: {}
