[0.013s] Invoking command in '/home/yupopoi/ROS-App/build/ros_app': CMAKE_PREFIX_PATH=${CMAKE_PREFIX_PATH}:/opt/ros/humble /usr/bin/cmake --build /home/yupopoi/ROS-App/build/ros_app -- -j2 -l2
[0.054s] -- Found ament_cmake: 1.3.9 (/opt/ros/humble/share/ament_cmake/cmake)
[0.176s] -- Found rclcpp: 16.0.9 (/opt/ros/humble/share/rclcpp/cmake)
[0.204s] -- Found rosidl_generator_c: 3.1.5 (/opt/ros/humble/share/rosidl_generator_c/cmake)
[0.207s] -- Found rosidl_adapter: 3.1.5 (/opt/ros/humble/share/rosidl_adapter/cmake)
[0.213s] -- Found rosidl_generator_cpp: 3.1.5 (/opt/ros/humble/share/rosidl_generator_cpp/cmake)
[0.225s] -- Using all available rosidl_typesupport_c: rosidl_typesupport_fastrtps_c;rosidl_typesupport_introspection_c
[0.242s] -- Using all available rosidl_typesupport_cpp: rosidl_typesupport_fastrtps_cpp;rosidl_typesupport_introspection_cpp
[0.300s] -- Found rmw_implementation_cmake: 6.1.2 (/opt/ros/humble/share/rmw_implementation_cmake/cmake)
[0.301s] -- Found rmw_fastrtps_cpp: 6.2.6 (/opt/ros/humble/share/rmw_fastrtps_cpp/cmake)
[0.418s] -- Using RMW implementation 'rmw_fastrtps_cpp' as default
[0.646s] -- Found ament_lint_auto: 0.12.11 (/opt/ros/humble/share/ament_lint_auto/cmake)
[0.714s] -- Added test 'cppcheck' to perform static code analysis on C / C++ code
[0.714s] -- Configured cppcheck include dirs: /home/yupopoi/ROS-App/src/ros_app/src/header;/home/yupopoi/ROS-App/src/ros_app/src/source;/home/yupopoi/ROS-App/src/ros_app/src/ui
[0.714s] -- Configured cppcheck exclude dirs and/or files: 
[0.716s] -- Added test 'lint_cmake' to check CMake code style
[0.717s] -- Added test 'uncrustify' to check C / C++ code style
[0.717s] -- Configured uncrustify additional arguments: 
[0.717s] -- Added test 'xmllint' to check XML markup files
[0.717s] -- Configuring done
[0.732s] -- Generating done
[0.743s] -- Build files have been written to: /home/yupopoi/ROS-App/build/ros_app
[0.767s] Invoked command in '/home/yupopoi/ROS-App/build/ros_app' returned '0': CMAKE_PREFIX_PATH=${CMAKE_PREFIX_PATH}:/opt/ros/humble /usr/bin/cmake --build /home/yupopoi/ROS-App/build/ros_app -- -j2 -l2
[0.814s] Invoking command in '/home/yupopoi/ROS-App/build/ros_app': CMAKE_PREFIX_PATH=${CMAKE_PREFIX_PATH}:/opt/ros/humble /usr/bin/cmake --install /home/yupopoi/ROS-App/build/ros_app
[0.824s] -- Install configuration: "Debug"
[0.825s] -- Up-to-date: /home/yupopoi/ROS-App/install/ros_app/share/ament_index/resource_index/package_run_dependencies/ros_app
[0.825s] -- Up-to-date: /home/yupopoi/ROS-App/install/ros_app/share/ament_index/resource_index/parent_prefix_path/ros_app
[0.825s] -- Up-to-date: /home/yupopoi/ROS-App/install/ros_app/share/ros_app/environment/ament_prefix_path.sh
[0.825s] -- Installing: /home/yupopoi/ROS-App/install/ros_app/share/ros_app/environment/ament_prefix_path.dsv
[0.825s] -- Up-to-date: /home/yupopoi/ROS-App/install/ros_app/share/ros_app/environment/path.sh
[0.825s] -- Installing: /home/yupopoi/ROS-App/install/ros_app/share/ros_app/environment/path.dsv
[0.825s] -- Up-to-date: /home/yupopoi/ROS-App/install/ros_app/share/ros_app/local_setup.bash
[0.825s] -- Up-to-date: /home/yupopoi/ROS-App/install/ros_app/share/ros_app/local_setup.sh
[0.825s] -- Up-to-date: /home/yupopoi/ROS-App/install/ros_app/share/ros_app/local_setup.zsh
[0.825s] -- Installing: /home/yupopoi/ROS-App/install/ros_app/share/ros_app/local_setup.dsv
[0.825s] -- Installing: /home/yupopoi/ROS-App/install/ros_app/share/ros_app/package.dsv
[0.826s] -- Up-to-date: /home/yupopoi/ROS-App/install/ros_app/share/ament_index/resource_index/packages/ros_app
[0.826s] -- Up-to-date: /home/yupopoi/ROS-App/install/ros_app/share/ros_app/cmake/ros_appConfig.cmake
[0.826s] -- Up-to-date: /home/yupopoi/ROS-App/install/ros_app/share/ros_app/cmake/ros_appConfig-version.cmake
[0.826s] -- Up-to-date: /home/yupopoi/ROS-App/install/ros_app/share/ros_app/package.xml
[0.831s] Invoked command in '/home/yupopoi/ROS-App/build/ros_app' returned '0': CMAKE_PREFIX_PATH=${CMAKE_PREFIX_PATH}:/opt/ros/humble /usr/bin/cmake --install /home/yupopoi/ROS-App/build/ros_app
